{"C:\\algorithm.js\\jest.config.js": {"path":"C:\\algorithm.js\\jest.config.js","statementMap":{"0":{"start":{"line":1,"column":0},"end":{"line":22,"column":2}}},"fnMap":{},"branchMap":{},"s":{"0":0},"f":{},"b":{},"inputSourceMap":null}
,"C:\\algorithm.js\\dist\\index-min-min.js": {"path":"C:\\algorithm.js\\dist\\index-min-min.js","statementMap":{"0":{"start":{"line":1,"column":13},"end":{"line":1,"column":136}},"1":{"start":{"line":1,"column":152},"end":{"line":1,"column":180}},"2":{"start":{"line":1,"column":181},"end":{"line":1,"column":285}},"3":{"start":{"line":1,"column":253},"end":{"line":1,"column":281}},"4":{"start":{"line":1,"column":306},"end":{"line":1,"column":339}},"5":{"start":{"line":1,"column":340},"end":{"line":1,"column":457}},"6":{"start":{"line":1,"column":416},"end":{"line":1,"column":453}},"7":{"start":{"line":1,"column":478},"end":{"line":1,"column":511}},"8":{"start":{"line":1,"column":512},"end":{"line":1,"column":627}},"9":{"start":{"line":1,"column":587},"end":{"line":1,"column":623}}},"fnMap":{"0":{"name":"(anonymous_0)","decl":{"start":{"line":1,"column":242},"end":{"line":1,"column":243}},"loc":{"start":{"line":1,"column":252},"end":{"line":1,"column":282}},"line":1},"1":{"name":"(anonymous_1)","decl":{"start":{"line":1,"column":405},"end":{"line":1,"column":406}},"loc":{"start":{"line":1,"column":415},"end":{"line":1,"column":454}},"line":1},"2":{"name":"(anonymous_2)","decl":{"start":{"line":1,"column":576},"end":{"line":1,"column":577}},"loc":{"start":{"line":1,"column":586},"end":{"line":1,"column":624}},"line":1}},"branchMap":{},"s":{"0":0,"1":0,"2":0,"3":0,"4":0,"5":0,"6":0,"7":0,"8":0,"9":0},"f":{"0":0,"1":0,"2":0},"b":{},"inputSourceMap":null}
,"C:\\algorithm.js\\dist\\index-min.js": {"path":"C:\\algorithm.js\\dist\\index-min.js","statementMap":{"0":{"start":{"line":1,"column":13},"end":{"line":1,"column":136}},"1":{"start":{"line":1,"column":152},"end":{"line":1,"column":180}},"2":{"start":{"line":1,"column":181},"end":{"line":1,"column":285}},"3":{"start":{"line":1,"column":253},"end":{"line":1,"column":281}},"4":{"start":{"line":1,"column":306},"end":{"line":1,"column":339}},"5":{"start":{"line":1,"column":340},"end":{"line":1,"column":457}},"6":{"start":{"line":1,"column":416},"end":{"line":1,"column":453}},"7":{"start":{"line":1,"column":478},"end":{"line":1,"column":511}},"8":{"start":{"line":1,"column":512},"end":{"line":1,"column":627}},"9":{"start":{"line":1,"column":587},"end":{"line":1,"column":623}}},"fnMap":{"0":{"name":"(anonymous_0)","decl":{"start":{"line":1,"column":242},"end":{"line":1,"column":243}},"loc":{"start":{"line":1,"column":252},"end":{"line":1,"column":282}},"line":1},"1":{"name":"(anonymous_1)","decl":{"start":{"line":1,"column":405},"end":{"line":1,"column":406}},"loc":{"start":{"line":1,"column":415},"end":{"line":1,"column":454}},"line":1},"2":{"name":"(anonymous_2)","decl":{"start":{"line":1,"column":576},"end":{"line":1,"column":577}},"loc":{"start":{"line":1,"column":586},"end":{"line":1,"column":624}},"line":1}},"branchMap":{},"s":{"0":0,"1":0,"2":0,"3":0,"4":0,"5":0,"6":0,"7":0,"8":0,"9":0},"f":{"0":0,"1":0,"2":0},"b":{},"inputSourceMap":null}
,"C:\\algorithm.js\\dist\\index.js": {"path":"C:\\algorithm.js\\dist\\index.js","statementMap":{"0":{"start":{"line":2,"column":0},"end":{"line":2,"column":62}},"1":{"start":{"line":3,"column":0},"end":{"line":3,"column":74}},"2":{"start":{"line":4,"column":18},"end":{"line":4,"column":46}},"3":{"start":{"line":5,"column":0},"end":{"line":5,"column":118}},"4":{"start":{"line":5,"column":83},"end":{"line":5,"column":112}},"5":{"start":{"line":6,"column":23},"end":{"line":6,"column":56}},"6":{"start":{"line":7,"column":0},"end":{"line":7,"column":131}},"7":{"start":{"line":7,"column":87},"end":{"line":7,"column":125}},"8":{"start":{"line":8,"column":23},"end":{"line":8,"column":56}},"9":{"start":{"line":9,"column":0},"end":{"line":9,"column":129}},"10":{"start":{"line":9,"column":86},"end":{"line":9,"column":123}}},"fnMap":{"0":{"name":"(anonymous_0)","decl":{"start":{"line":5,"column":69},"end":{"line":5,"column":70}},"loc":{"start":{"line":5,"column":81},"end":{"line":5,"column":114}},"line":5},"1":{"name":"(anonymous_1)","decl":{"start":{"line":7,"column":73},"end":{"line":7,"column":74}},"loc":{"start":{"line":7,"column":85},"end":{"line":7,"column":127}},"line":7},"2":{"name":"(anonymous_2)","decl":{"start":{"line":9,"column":72},"end":{"line":9,"column":73}},"loc":{"start":{"line":9,"column":84},"end":{"line":9,"column":125}},"line":9}},"branchMap":{},"s":{"0":0,"1":0,"2":0,"3":0,"4":0,"5":0,"6":0,"7":0,"8":0,"9":0,"10":0},"f":{"0":0,"1":0,"2":0},"b":{},"inputSourceMap":null}
,"C:\\algorithm.js\\dist\\utils\\algorithm-min.js": {"path":"C:\\algorithm.js\\dist\\utils\\algorithm-min.js","statementMap":{"0":{"start":{"line":1,"column":13},"end":{"line":1,"column":93}},"1":{"start":{"line":1,"column":135},"end":{"line":1,"column":163}}},"fnMap":{"0":{"name":"(anonymous_0)","decl":{"start":{"line":1,"column":109},"end":{"line":1,"column":110}},"loc":{"start":{"line":1,"column":122},"end":{"line":1,"column":124}},"line":1},"1":{"name":"(anonymous_1)","decl":{"start":{"line":1,"column":124},"end":{"line":1,"column":125}},"loc":{"start":{"line":1,"column":132},"end":{"line":1,"column":134}},"line":1}},"branchMap":{},"s":{"0":0,"1":0},"f":{"0":0,"1":0},"b":{},"inputSourceMap":null}
,"C:\\algorithm.js\\dist\\utils\\algorithm.js": {"path":"C:\\algorithm.js\\dist\\utils\\algorithm.js","statementMap":{"0":{"start":{"line":2,"column":0},"end":{"line":2,"column":62}},"1":{"start":{"line":3,"column":0},"end":{"line":3,"column":27}},"2":{"start":{"line":4,"column":24},"end":{"line":4,"column":61}},"3":{"start":{"line":5,"column":22},"end":{"line":5,"column":57}},"4":{"start":{"line":6,"column":22},"end":{"line":6,"column":57}},"5":{"start":{"line":7,"column":24},"end":{"line":7,"column":61}},"6":{"start":{"line":8,"column":21},"end":{"line":8,"column":55}},"7":{"start":{"line":9,"column":29},"end":{"line":9,"column":71}},"8":{"start":{"line":10,"column":20},"end":{"line":10,"column":53}},"9":{"start":{"line":11,"column":20},"end":{"line":11,"column":53}},"10":{"start":{"line":12,"column":25},"end":{"line":12,"column":63}},"11":{"start":{"line":13,"column":24},"end":{"line":13,"column":61}},"12":{"start":{"line":14,"column":21},"end":{"line":14,"column":55}},"13":{"start":{"line":15,"column":24},"end":{"line":15,"column":61}},"14":{"start":{"line":16,"column":21},"end":{"line":16,"column":55}},"15":{"start":{"line":17,"column":21},"end":{"line":17,"column":55}},"16":{"start":{"line":18,"column":25},"end":{"line":18,"column":63}},"17":{"start":{"line":19,"column":21},"end":{"line":19,"column":55}},"18":{"start":{"line":23,"column":8},"end":{"line":23,"column":50}},"19":{"start":{"line":26,"column":8},"end":{"line":26,"column":46}},"20":{"start":{"line":29,"column":8},"end":{"line":29,"column":46}},"21":{"start":{"line":32,"column":8},"end":{"line":32,"column":50}},"22":{"start":{"line":35,"column":8},"end":{"line":35,"column":44}},"23":{"start":{"line":38,"column":8},"end":{"line":38,"column":60}},"24":{"start":{"line":41,"column":8},"end":{"line":41,"column":43}},"25":{"start":{"line":44,"column":8},"end":{"line":44,"column":42}},"26":{"start":{"line":47,"column":8},"end":{"line":47,"column":52}},"27":{"start":{"line":50,"column":8},"end":{"line":50,"column":50}},"28":{"start":{"line":53,"column":8},"end":{"line":53,"column":44}},"29":{"start":{"line":56,"column":8},"end":{"line":56,"column":50}},"30":{"start":{"line":59,"column":8},"end":{"line":59,"column":44}},"31":{"start":{"line":62,"column":8},"end":{"line":62,"column":44}},"32":{"start":{"line":65,"column":8},"end":{"line":65,"column":52}},"33":{"start":{"line":68,"column":8},"end":{"line":68,"column":44}},"34":{"start":{"line":71,"column":0},"end":{"line":71,"column":30}}},"fnMap":{"0":{"name":"(anonymous_0)","decl":{"start":{"line":21,"column":4},"end":{"line":21,"column":5}},"loc":{"start":{"line":21,"column":18},"end":{"line":21,"column":21}},"line":21},"1":{"name":"(anonymous_1)","decl":{"start":{"line":22,"column":4},"end":{"line":22,"column":5}},"loc":{"start":{"line":22,"column":19},"end":{"line":24,"column":5}},"line":22},"2":{"name":"(anonymous_2)","decl":{"start":{"line":25,"column":4},"end":{"line":25,"column":5}},"loc":{"start":{"line":25,"column":17},"end":{"line":27,"column":5}},"line":25},"3":{"name":"(anonymous_3)","decl":{"start":{"line":28,"column":4},"end":{"line":28,"column":5}},"loc":{"start":{"line":28,"column":17},"end":{"line":30,"column":5}},"line":28},"4":{"name":"(anonymous_4)","decl":{"start":{"line":31,"column":4},"end":{"line":31,"column":5}},"loc":{"start":{"line":31,"column":19},"end":{"line":33,"column":5}},"line":31},"5":{"name":"(anonymous_5)","decl":{"start":{"line":34,"column":4},"end":{"line":34,"column":5}},"loc":{"start":{"line":34,"column":16},"end":{"line":36,"column":5}},"line":34},"6":{"name":"(anonymous_6)","decl":{"start":{"line":37,"column":4},"end":{"line":37,"column":5}},"loc":{"start":{"line":37,"column":24},"end":{"line":39,"column":5}},"line":37},"7":{"name":"(anonymous_7)","decl":{"start":{"line":40,"column":4},"end":{"line":40,"column":5}},"loc":{"start":{"line":40,"column":16},"end":{"line":42,"column":5}},"line":40},"8":{"name":"(anonymous_8)","decl":{"start":{"line":43,"column":4},"end":{"line":43,"column":5}},"loc":{"start":{"line":43,"column":15},"end":{"line":45,"column":5}},"line":43},"9":{"name":"(anonymous_9)","decl":{"start":{"line":46,"column":4},"end":{"line":46,"column":5}},"loc":{"start":{"line":46,"column":20},"end":{"line":48,"column":5}},"line":46},"10":{"name":"(anonymous_10)","decl":{"start":{"line":49,"column":4},"end":{"line":49,"column":5}},"loc":{"start":{"line":49,"column":19},"end":{"line":51,"column":5}},"line":49},"11":{"name":"(anonymous_11)","decl":{"start":{"line":52,"column":4},"end":{"line":52,"column":5}},"loc":{"start":{"line":52,"column":16},"end":{"line":54,"column":5}},"line":52},"12":{"name":"(anonymous_12)","decl":{"start":{"line":55,"column":4},"end":{"line":55,"column":5}},"loc":{"start":{"line":55,"column":19},"end":{"line":57,"column":5}},"line":55},"13":{"name":"(anonymous_13)","decl":{"start":{"line":58,"column":4},"end":{"line":58,"column":5}},"loc":{"start":{"line":58,"column":16},"end":{"line":60,"column":5}},"line":58},"14":{"name":"(anonymous_14)","decl":{"start":{"line":61,"column":4},"end":{"line":61,"column":5}},"loc":{"start":{"line":61,"column":16},"end":{"line":63,"column":5}},"line":61},"15":{"name":"(anonymous_15)","decl":{"start":{"line":64,"column":4},"end":{"line":64,"column":5}},"loc":{"start":{"line":64,"column":20},"end":{"line":66,"column":5}},"line":64},"16":{"name":"(anonymous_16)","decl":{"start":{"line":67,"column":4},"end":{"line":67,"column":5}},"loc":{"start":{"line":67,"column":16},"end":{"line":69,"column":5}},"line":67}},"branchMap":{},"s":{"0":0,"1":0,"2":0,"3":0,"4":0,"5":0,"6":0,"7":0,"8":0,"9":0,"10":0,"11":0,"12":0,"13":0,"14":0,"15":0,"16":0,"17":0,"18":0,"19":0,"20":0,"21":0,"22":0,"23":0,"24":0,"25":0,"26":0,"27":0,"28":0,"29":0,"30":0,"31":0,"32":0,"33":0,"34":0},"f":{"0":0,"1":0,"2":0,"3":0,"4":0,"5":0,"6":0,"7":0,"8":0,"9":0,"10":0,"11":0,"12":0,"13":0,"14":0,"15":0,"16":0},"b":{},"inputSourceMap":null}
,"C:\\algorithm.js\\dist\\utils\\big-o-notation.js": {"path":"C:\\algorithm.js\\dist\\utils\\big-o-notation.js","statementMap":{"0":{"start":{"line":2,"column":0},"end":{"line":2,"column":62}},"1":{"start":{"line":3,"column":0},"end":{"line":3,"column":30}},"2":{"start":{"line":4,"column":34},"end":{"line":4,"column":85}},"3":{"start":{"line":5,"column":27},"end":{"line":5,"column":71}},"4":{"start":{"line":6,"column":25},"end":{"line":6,"column":67}},"5":{"start":{"line":7,"column":22},"end":{"line":7,"column":61}},"6":{"start":{"line":8,"column":28},"end":{"line":8,"column":73}},"7":{"start":{"line":9,"column":27},"end":{"line":9,"column":71}},"8":{"start":{"line":10,"column":25},"end":{"line":10,"column":67}},"9":{"start":{"line":14,"column":8},"end":{"line":14,"column":46}},"10":{"start":{"line":17,"column":8},"end":{"line":17,"column":69}},"11":{"start":{"line":20,"column":8},"end":{"line":20,"column":56}},"12":{"start":{"line":23,"column":8},"end":{"line":23,"column":52}},"13":{"start":{"line":26,"column":8},"end":{"line":26,"column":58}},"14":{"start":{"line":29,"column":8},"end":{"line":29,"column":56}},"15":{"start":{"line":32,"column":8},"end":{"line":32,"column":52}},"16":{"start":{"line":35,"column":32},"end":{"line":39,"column":5}},"17":{"start":{"line":40,"column":8},"end":{"line":40,"column":31}},"18":{"start":{"line":43,"column":0},"end":{"line":43,"column":36}}},"fnMap":{"0":{"name":"(anonymous_0)","decl":{"start":{"line":12,"column":4},"end":{"line":12,"column":5}},"loc":{"start":{"line":12,"column":18},"end":{"line":12,"column":21}},"line":12},"1":{"name":"(anonymous_1)","decl":{"start":{"line":13,"column":4},"end":{"line":13,"column":5}},"loc":{"start":{"line":13,"column":17},"end":{"line":15,"column":5}},"line":13},"2":{"name":"(anonymous_2)","decl":{"start":{"line":16,"column":4},"end":{"line":16,"column":5}},"loc":{"start":{"line":16,"column":28},"end":{"line":18,"column":5}},"line":16},"3":{"name":"(anonymous_3)","decl":{"start":{"line":19,"column":4},"end":{"line":19,"column":5}},"loc":{"start":{"line":19,"column":22},"end":{"line":21,"column":5}},"line":19},"4":{"name":"(anonymous_4)","decl":{"start":{"line":22,"column":4},"end":{"line":22,"column":5}},"loc":{"start":{"line":22,"column":20},"end":{"line":24,"column":5}},"line":22},"5":{"name":"(anonymous_5)","decl":{"start":{"line":25,"column":4},"end":{"line":25,"column":5}},"loc":{"start":{"line":25,"column":23},"end":{"line":27,"column":5}},"line":25},"6":{"name":"(anonymous_6)","decl":{"start":{"line":28,"column":4},"end":{"line":28,"column":5}},"loc":{"start":{"line":28,"column":22},"end":{"line":30,"column":5}},"line":28},"7":{"name":"(anonymous_7)","decl":{"start":{"line":31,"column":4},"end":{"line":31,"column":5}},"loc":{"start":{"line":31,"column":20},"end":{"line":33,"column":5}},"line":31},"8":{"name":"(anonymous_8)","decl":{"start":{"line":34,"column":4},"end":{"line":34,"column":5}},"loc":{"start":{"line":34,"column":26},"end":{"line":41,"column":5}},"line":34}},"branchMap":{},"s":{"0":0,"1":0,"2":0,"3":0,"4":0,"5":0,"6":0,"7":0,"8":0,"9":0,"10":0,"11":0,"12":0,"13":0,"14":0,"15":0,"16":0,"17":0,"18":0},"f":{"0":0,"1":0,"2":0,"3":0,"4":0,"5":0,"6":0,"7":0,"8":0},"b":{},"inputSourceMap":null}
,"C:\\algorithm.js\\dist\\utils\\data-structure.js": {"path":"C:\\algorithm.js\\dist\\utils\\data-structure.js","statementMap":{"0":{"start":{"line":2,"column":0},"end":{"line":2,"column":62}},"1":{"start":{"line":3,"column":0},"end":{"line":3,"column":31}},"2":{"start":{"line":4,"column":22},"end":{"line":4,"column":62}},"3":{"start":{"line":5,"column":29},"end":{"line":5,"column":76}},"4":{"start":{"line":6,"column":16},"end":{"line":6,"column":50}},"5":{"start":{"line":7,"column":21},"end":{"line":7,"column":60}},"6":{"start":{"line":8,"column":15},"end":{"line":8,"column":48}},"7":{"start":{"line":9,"column":22},"end":{"line":9,"column":62}},"8":{"start":{"line":10,"column":25},"end":{"line":10,"column":68}},"9":{"start":{"line":11,"column":16},"end":{"line":11,"column":50}},"10":{"start":{"line":12,"column":25},"end":{"line":12,"column":68}},"11":{"start":{"line":13,"column":21},"end":{"line":13,"column":60}},"12":{"start":{"line":14,"column":16},"end":{"line":14,"column":50}},"13":{"start":{"line":17,"column":8},"end":{"line":17,"column":46}},"14":{"start":{"line":20,"column":8},"end":{"line":20,"column":35}},"15":{"start":{"line":23,"column":8},"end":{"line":23,"column":46}},"16":{"start":{"line":26,"column":8},"end":{"line":26,"column":59}},"17":{"start":{"line":29,"column":8},"end":{"line":29,"column":35}},"18":{"start":{"line":32,"column":8},"end":{"line":32,"column":52}},"19":{"start":{"line":35,"column":8},"end":{"line":35,"column":44}},"20":{"start":{"line":38,"column":8},"end":{"line":38,"column":35}},"21":{"start":{"line":41,"column":8},"end":{"line":41,"column":44}},"22":{"start":{"line":44,"column":8},"end":{"line":44,"column":51}},"23":{"start":{"line":47,"column":8},"end":{"line":47,"column":33}},"24":{"start":{"line":50,"column":0},"end":{"line":50,"column":38}}},"fnMap":{"0":{"name":"(anonymous_0)","decl":{"start":{"line":16,"column":4},"end":{"line":16,"column":5}},"loc":{"start":{"line":16,"column":17},"end":{"line":18,"column":5}},"line":16},"1":{"name":"(anonymous_1)","decl":{"start":{"line":19,"column":4},"end":{"line":19,"column":5}},"loc":{"start":{"line":19,"column":12},"end":{"line":21,"column":5}},"line":19},"2":{"name":"(anonymous_2)","decl":{"start":{"line":22,"column":4},"end":{"line":22,"column":5}},"loc":{"start":{"line":22,"column":17},"end":{"line":24,"column":5}},"line":22},"3":{"name":"(anonymous_3)","decl":{"start":{"line":25,"column":4},"end":{"line":25,"column":5}},"loc":{"start":{"line":25,"column":23},"end":{"line":27,"column":5}},"line":25},"4":{"name":"(anonymous_4)","decl":{"start":{"line":28,"column":4},"end":{"line":28,"column":5}},"loc":{"start":{"line":28,"column":12},"end":{"line":30,"column":5}},"line":28},"5":{"name":"(anonymous_5)","decl":{"start":{"line":31,"column":4},"end":{"line":31,"column":5}},"loc":{"start":{"line":31,"column":20},"end":{"line":33,"column":5}},"line":31},"6":{"name":"(anonymous_6)","decl":{"start":{"line":34,"column":4},"end":{"line":34,"column":5}},"loc":{"start":{"line":34,"column":16},"end":{"line":36,"column":5}},"line":34},"7":{"name":"(anonymous_7)","decl":{"start":{"line":37,"column":4},"end":{"line":37,"column":5}},"loc":{"start":{"line":37,"column":12},"end":{"line":39,"column":5}},"line":37},"8":{"name":"(anonymous_8)","decl":{"start":{"line":40,"column":4},"end":{"line":40,"column":5}},"loc":{"start":{"line":40,"column":16},"end":{"line":42,"column":5}},"line":40},"9":{"name":"(anonymous_9)","decl":{"start":{"line":43,"column":4},"end":{"line":43,"column":5}},"loc":{"start":{"line":43,"column":19},"end":{"line":45,"column":5}},"line":43},"10":{"name":"(anonymous_10)","decl":{"start":{"line":46,"column":4},"end":{"line":46,"column":5}},"loc":{"start":{"line":46,"column":11},"end":{"line":48,"column":5}},"line":46}},"branchMap":{},"s":{"0":0,"1":0,"2":0,"3":0,"4":0,"5":0,"6":0,"7":0,"8":0,"9":0,"10":0,"11":0,"12":0,"13":0,"14":0,"15":0,"16":0,"17":0,"18":0,"19":0,"20":0,"21":0,"22":0,"23":0,"24":0},"f":{"0":0,"1":0,"2":0,"3":0,"4":0,"5":0,"6":0,"7":0,"8":0,"9":0,"10":0},"b":{},"inputSourceMap":null}
,"C:\\algorithm.js\\dist\\utils\\algorithms\\binary-search.js": {"path":"C:\\algorithm.js\\dist\\utils\\algorithms\\binary-search.js","statementMap":{"0":{"start":{"line":2,"column":0},"end":{"line":2,"column":62}},"1":{"start":{"line":3,"column":0},"end":{"line":3,"column":30}},"2":{"start":{"line":7,"column":8},"end":{"line":7,"column":23}},"3":{"start":{"line":10,"column":20},"end":{"line":10,"column":21}},"4":{"start":{"line":11,"column":18},"end":{"line":11,"column":30}},"5":{"start":{"line":13,"column":20},"end":{"line":13,"column":25}},"6":{"start":{"line":14,"column":23},"end":{"line":14,"column":25}},"7":{"start":{"line":15,"column":8},"end":{"line":23,"column":9}},"8":{"start":{"line":16,"column":12},"end":{"line":16,"column":28}},"9":{"start":{"line":17,"column":12},"end":{"line":17,"column":51}},"10":{"start":{"line":18,"column":12},"end":{"line":22,"column":43}},"11":{"start":{"line":24,"column":8},"end":{"line":24,"column":54}},"12":{"start":{"line":27,"column":0},"end":{"line":27,"column":36}}},"fnMap":{"0":{"name":"(anonymous_0)","decl":{"start":{"line":6,"column":4},"end":{"line":6,"column":5}},"loc":{"start":{"line":6,"column":18},"end":{"line":8,"column":5}},"line":6},"1":{"name":"(anonymous_1)","decl":{"start":{"line":9,"column":4},"end":{"line":9,"column":5}},"loc":{"start":{"line":9,"column":21},"end":{"line":25,"column":5}},"line":9}},"branchMap":{"0":{"loc":{"start":{"line":15,"column":15},"end":{"line":15,"column":46}},"type":"binary-expr","locations":[{"start":{"line":15,"column":15},"end":{"line":15,"column":30}},{"start":{"line":15,"column":34},"end":{"line":15,"column":46}}],"line":15},"1":{"loc":{"start":{"line":18,"column":12},"end":{"line":22,"column":42}},"type":"cond-expr","locations":[{"start":{"line":19,"column":19},"end":{"line":19,"column":64}},{"start":{"line":20,"column":18},"end":{"line":22,"column":42}}],"line":18},"2":{"loc":{"start":{"line":20,"column":18},"end":{"line":22,"column":42}},"type":"cond-expr","locations":[{"start":{"line":21,"column":23},"end":{"line":21,"column":39}},{"start":{"line":22,"column":23},"end":{"line":22,"column":41}}],"line":20}},"s":{"0":0,"1":0,"2":0,"3":0,"4":0,"5":0,"6":0,"7":0,"8":0,"9":0,"10":0,"11":0,"12":0},"f":{"0":0,"1":0},"b":{"0":[0,0],"1":[0,0],"2":[0,0]},"inputSourceMap":null}
,"C:\\algorithm.js\\dist\\utils\\algorithms\\bubble-sort.js": {"path":"C:\\algorithm.js\\dist\\utils\\algorithms\\bubble-sort.js","statementMap":{"0":{"start":{"line":2,"column":0},"end":{"line":2,"column":62}},"1":{"start":{"line":3,"column":0},"end":{"line":3,"column":28}},"2":{"start":{"line":7,"column":8},"end":{"line":7,"column":23}},"3":{"start":{"line":10,"column":8},"end":{"line":19,"column":9}},"4":{"start":{"line":10,"column":21},"end":{"line":10,"column":22}},"5":{"start":{"line":11,"column":12},"end":{"line":18,"column":13}},"6":{"start":{"line":11,"column":25},"end":{"line":11,"column":26}},"7":{"start":{"line":12,"column":16},"end":{"line":16,"column":17}},"8":{"start":{"line":13,"column":31},"end":{"line":13,"column":39}},"9":{"start":{"line":14,"column":20},"end":{"line":14,"column":44}},"10":{"start":{"line":15,"column":20},"end":{"line":15,"column":40}},"11":{"start":{"line":17,"column":16},"end":{"line":17,"column":32}},"12":{"start":{"line":20,"column":8},"end":{"line":20,"column":51}},"13":{"start":{"line":23,"column":0},"end":{"line":23,"column":32}}},"fnMap":{"0":{"name":"(anonymous_0)","decl":{"start":{"line":6,"column":4},"end":{"line":6,"column":5}},"loc":{"start":{"line":6,"column":18},"end":{"line":8,"column":5}},"line":6},"1":{"name":"(anonymous_1)","decl":{"start":{"line":9,"column":4},"end":{"line":9,"column":5}},"loc":{"start":{"line":9,"column":15},"end":{"line":21,"column":5}},"line":9}},"branchMap":{"0":{"loc":{"start":{"line":12,"column":16},"end":{"line":16,"column":17}},"type":"if","locations":[{"start":{"line":12,"column":16},"end":{"line":16,"column":17}},{"start":{},"end":{}}],"line":12}},"s":{"0":0,"1":0,"2":0,"3":0,"4":0,"5":0,"6":0,"7":0,"8":0,"9":0,"10":0,"11":0,"12":0,"13":0},"f":{"0":0,"1":0},"b":{"0":[0,0]},"inputSourceMap":null}
,"C:\\algorithm.js\\dist\\utils\\algorithms\\bucket-sort.js": {"path":"C:\\algorithm.js\\dist\\utils\\algorithms\\bucket-sort.js","statementMap":{"0":{"start":{"line":2,"column":0},"end":{"line":2,"column":62}},"1":{"start":{"line":3,"column":0},"end":{"line":3,"column":28}},"2":{"start":{"line":7,"column":20},"end":{"line":7,"column":36}},"3":{"start":{"line":8,"column":20},"end":{"line":8,"column":36}},"4":{"start":{"line":9,"column":24},"end":{"line":9,"column":98}},"5":{"start":{"line":9,"column":95},"end":{"line":9,"column":97}},"6":{"start":{"line":10,"column":8},"end":{"line":12,"column":11}},"7":{"start":{"line":11,"column":12},"end":{"line":11,"column":68}},"8":{"start":{"line":13,"column":8},"end":{"line":13,"column":84}},"9":{"start":{"line":13,"column":42},"end":{"line":13,"column":78}},"10":{"start":{"line":13,"column":71},"end":{"line":13,"column":76}},"11":{"start":{"line":16,"column":0},"end":{"line":16,"column":32}}},"fnMap":{"0":{"name":"(anonymous_0)","decl":{"start":{"line":5,"column":4},"end":{"line":5,"column":5}},"loc":{"start":{"line":5,"column":18},"end":{"line":5,"column":21}},"line":5},"1":{"name":"(anonymous_1)","decl":{"start":{"line":6,"column":4},"end":{"line":6,"column":5}},"loc":{"start":{"line":6,"column":13},"end":{"line":14,"column":5}},"line":6},"2":{"name":"(anonymous_2)","decl":{"start":{"line":9,"column":89},"end":{"line":9,"column":90}},"loc":{"start":{"line":9,"column":95},"end":{"line":9,"column":97}},"line":9},"3":{"name":"(anonymous_3)","decl":{"start":{"line":10,"column":20},"end":{"line":10,"column":21}},"loc":{"start":{"line":10,"column":29},"end":{"line":12,"column":9}},"line":10},"4":{"name":"(anonymous_4)","decl":{"start":{"line":13,"column":30},"end":{"line":13,"column":31}},"loc":{"start":{"line":13,"column":42},"end":{"line":13,"column":78}},"line":13},"5":{"name":"(anonymous_5)","decl":{"start":{"line":13,"column":61},"end":{"line":13,"column":62}},"loc":{"start":{"line":13,"column":71},"end":{"line":13,"column":76}},"line":13}},"branchMap":{},"s":{"0":0,"1":0,"2":0,"3":0,"4":0,"5":0,"6":0,"7":0,"8":0,"9":0,"10":0,"11":0},"f":{"0":0,"1":0,"2":0,"3":0,"4":0,"5":0},"b":{},"inputSourceMap":null}
,"C:\\algorithm.js\\dist\\utils\\algorithms\\counting-sort.js": {"path":"C:\\algorithm.js\\dist\\utils\\algorithms\\counting-sort.js","statementMap":{"0":{"start":{"line":2,"column":0},"end":{"line":2,"column":62}},"1":{"start":{"line":3,"column":0},"end":{"line":3,"column":30}},"2":{"start":{"line":7,"column":8},"end":{"line":7,"column":23}},"3":{"start":{"line":10,"column":16},"end":{"line":10,"column":17}},"4":{"start":{"line":11,"column":28},"end":{"line":11,"column":30}},"5":{"start":{"line":12,"column":18},"end":{"line":12,"column":34}},"6":{"start":{"line":13,"column":18},"end":{"line":13,"column":34}},"7":{"start":{"line":14,"column":8},"end":{"line":16,"column":9}},"8":{"start":{"line":14,"column":21},"end":{"line":14,"column":24}},"9":{"start":{"line":15,"column":12},"end":{"line":15,"column":33}},"10":{"start":{"line":17,"column":8},"end":{"line":19,"column":9}},"11":{"start":{"line":17,"column":21},"end":{"line":17,"column":22}},"12":{"start":{"line":18,"column":12},"end":{"line":18,"column":39}},"13":{"start":{"line":20,"column":8},"end":{"line":26,"column":9}},"14":{"start":{"line":20,"column":21},"end":{"line":20,"column":24}},"15":{"start":{"line":21,"column":12},"end":{"line":21,"column":28}},"16":{"start":{"line":22,"column":12},"end":{"line":25,"column":13}},"17":{"start":{"line":23,"column":16},"end":{"line":23,"column":29}},"18":{"start":{"line":24,"column":16},"end":{"line":24,"column":38}},"19":{"start":{"line":27,"column":8},"end":{"line":27,"column":49}},"20":{"start":{"line":30,"column":0},"end":{"line":30,"column":36}}},"fnMap":{"0":{"name":"(anonymous_0)","decl":{"start":{"line":6,"column":4},"end":{"line":6,"column":5}},"loc":{"start":{"line":6,"column":18},"end":{"line":8,"column":5}},"line":6},"1":{"name":"(anonymous_1)","decl":{"start":{"line":9,"column":4},"end":{"line":9,"column":5}},"loc":{"start":{"line":9,"column":13},"end":{"line":28,"column":5}},"line":9}},"branchMap":{},"s":{"0":0,"1":0,"2":0,"3":0,"4":0,"5":0,"6":0,"7":0,"8":0,"9":0,"10":0,"11":0,"12":0,"13":0,"14":0,"15":0,"16":0,"17":0,"18":0,"19":0,"20":0},"f":{"0":0,"1":0},"b":{},"inputSourceMap":null}
,"C:\\algorithm.js\\dist\\utils\\algorithms\\cycle-sort.js": {"path":"C:\\algorithm.js\\dist\\utils\\algorithms\\cycle-sort.js","statementMap":{"0":{"start":{"line":2,"column":0},"end":{"line":2,"column":62}},"1":{"start":{"line":3,"column":0},"end":{"line":3,"column":27}},"2":{"start":{"line":7,"column":8},"end":{"line":7,"column":23}},"3":{"start":{"line":10,"column":8},"end":{"line":37,"column":9}},"4":{"start":{"line":10,"column":32},"end":{"line":10,"column":33}},"5":{"start":{"line":11,"column":23},"end":{"line":11,"column":42}},"6":{"start":{"line":12,"column":35},"end":{"line":12,"column":47}},"7":{"start":{"line":13,"column":12},"end":{"line":16,"column":13}},"8":{"start":{"line":13,"column":25},"end":{"line":13,"column":41}},"9":{"start":{"line":14,"column":16},"end":{"line":15,"column":39}},"10":{"start":{"line":15,"column":20},"end":{"line":15,"column":39}},"11":{"start":{"line":17,"column":12},"end":{"line":18,"column":25}},"12":{"start":{"line":18,"column":16},"end":{"line":18,"column":25}},"13":{"start":{"line":19,"column":12},"end":{"line":21,"column":13}},"14":{"start":{"line":20,"column":16},"end":{"line":20,"column":35}},"15":{"start":{"line":22,"column":23},"end":{"line":22,"column":46}},"16":{"start":{"line":23,"column":12},"end":{"line":23,"column":43}},"17":{"start":{"line":24,"column":12},"end":{"line":24,"column":24}},"18":{"start":{"line":25,"column":12},"end":{"line":36,"column":13}},"19":{"start":{"line":26,"column":16},"end":{"line":26,"column":48}},"20":{"start":{"line":27,"column":16},"end":{"line":30,"column":17}},"21":{"start":{"line":27,"column":29},"end":{"line":27,"column":45}},"22":{"start":{"line":28,"column":20},"end":{"line":29,"column":43}},"23":{"start":{"line":29,"column":24},"end":{"line":29,"column":43}},"24":{"start":{"line":31,"column":16},"end":{"line":32,"column":39}},"25":{"start":{"line":32,"column":20},"end":{"line":32,"column":39}},"26":{"start":{"line":33,"column":16},"end":{"line":33,"column":47}},"27":{"start":{"line":34,"column":16},"end":{"line":34,"column":47}},"28":{"start":{"line":35,"column":16},"end":{"line":35,"column":28}},"29":{"start":{"line":38,"column":8},"end":{"line":38,"column":44}},"30":{"start":{"line":41,"column":0},"end":{"line":41,"column":30}}},"fnMap":{"0":{"name":"(anonymous_0)","decl":{"start":{"line":6,"column":4},"end":{"line":6,"column":5}},"loc":{"start":{"line":6,"column":18},"end":{"line":8,"column":5}},"line":6},"1":{"name":"(anonymous_1)","decl":{"start":{"line":9,"column":4},"end":{"line":9,"column":5}},"loc":{"start":{"line":9,"column":15},"end":{"line":39,"column":5}},"line":9}},"branchMap":{"0":{"loc":{"start":{"line":14,"column":16},"end":{"line":15,"column":39}},"type":"if","locations":[{"start":{"line":14,"column":16},"end":{"line":15,"column":39}},{"start":{},"end":{}}],"line":14},"1":{"loc":{"start":{"line":17,"column":12},"end":{"line":18,"column":25}},"type":"if","locations":[{"start":{"line":17,"column":12},"end":{"line":18,"column":25}},{"start":{},"end":{}}],"line":17},"2":{"loc":{"start":{"line":28,"column":20},"end":{"line":29,"column":43}},"type":"if","locations":[{"start":{"line":28,"column":20},"end":{"line":29,"column":43}},{"start":{},"end":{}}],"line":28}},"s":{"0":0,"1":0,"2":0,"3":0,"4":0,"5":0,"6":0,"7":0,"8":0,"9":0,"10":0,"11":0,"12":0,"13":0,"14":0,"15":0,"16":0,"17":0,"18":0,"19":0,"20":0,"21":0,"22":0,"23":0,"24":0,"25":0,"26":0,"27":0,"28":0,"29":0,"30":0},"f":{"0":0,"1":0},"b":{"0":[0,0],"1":[0,0],"2":[0,0]},"inputSourceMap":null}
,"C:\\algorithm.js\\dist\\utils\\algorithms\\dijstras-algorithm.js": {"path":"C:\\algorithm.js\\dist\\utils\\algorithms\\dijstras-algorithm.js","statementMap":{"0":{"start":{"line":2,"column":0},"end":{"line":2,"column":62}},"1":{"start":{"line":3,"column":0},"end":{"line":3,"column":35}},"2":{"start":{"line":7,"column":0},"end":{"line":7,"column":46}}},"fnMap":{"0":{"name":"(anonymous_0)","decl":{"start":{"line":5,"column":4},"end":{"line":5,"column":5}},"loc":{"start":{"line":5,"column":27},"end":{"line":5,"column":30}},"line":5}},"branchMap":{},"s":{"0":0,"1":0,"2":0},"f":{"0":0},"b":{},"inputSourceMap":null}
,"C:\\algorithm.js\\dist\\utils\\algorithms\\fibonacci.js": {"path":"C:\\algorithm.js\\dist\\utils\\algorithms\\fibonacci.js","statementMap":{"0":{"start":{"line":2,"column":0},"end":{"line":2,"column":62}},"1":{"start":{"line":3,"column":0},"end":{"line":3,"column":27}},"2":{"start":{"line":7,"column":8},"end":{"line":7,"column":70}},"3":{"start":{"line":10,"column":0},"end":{"line":10,"column":30}}},"fnMap":{"0":{"name":"(anonymous_0)","decl":{"start":{"line":5,"column":4},"end":{"line":5,"column":5}},"loc":{"start":{"line":5,"column":18},"end":{"line":5,"column":21}},"line":5},"1":{"name":"(anonymous_1)","decl":{"start":{"line":6,"column":4},"end":{"line":6,"column":5}},"loc":{"start":{"line":6,"column":13},"end":{"line":8,"column":5}},"line":6}},"branchMap":{"0":{"loc":{"start":{"line":7,"column":15},"end":{"line":7,"column":69}},"type":"cond-expr","locations":[{"start":{"line":7,"column":26},"end":{"line":7,"column":29}},{"start":{"line":7,"column":32},"end":{"line":7,"column":69}}],"line":7}},"s":{"0":0,"1":0,"2":0,"3":0},"f":{"0":0,"1":0},"b":{"0":[0,0]},"inputSourceMap":null}
,"C:\\algorithm.js\\dist\\utils\\algorithms\\fourier-transform.js": {"path":"C:\\algorithm.js\\dist\\utils\\algorithms\\fourier-transform.js","statementMap":{"0":{"start":{"line":2,"column":0},"end":{"line":2,"column":62}},"1":{"start":{"line":3,"column":0},"end":{"line":3,"column":34}},"2":{"start":{"line":8,"column":0},"end":{"line":8,"column":44}},"3":{"start":{"line":9,"column":25},"end":{"line":9,"column":47}}},"fnMap":{"0":{"name":"(anonymous_0)","decl":{"start":{"line":5,"column":4},"end":{"line":5,"column":5}},"loc":{"start":{"line":5,"column":18},"end":{"line":5,"column":21}},"line":5},"1":{"name":"(anonymous_1)","decl":{"start":{"line":6,"column":4},"end":{"line":6,"column":5}},"loc":{"start":{"line":6,"column":15},"end":{"line":6,"column":18}},"line":6}},"branchMap":{},"s":{"0":0,"1":0,"2":0,"3":0},"f":{"0":0,"1":0},"b":{},"inputSourceMap":null}
,"C:\\algorithm.js\\dist\\utils\\algorithms\\heap-sort.js": {"path":"C:\\algorithm.js\\dist\\utils\\algorithms\\heap-sort.js","statementMap":{"0":{"start":{"line":2,"column":0},"end":{"line":2,"column":62}},"1":{"start":{"line":3,"column":0},"end":{"line":3,"column":26}},"2":{"start":{"line":7,"column":8},"end":{"line":7,"column":23}},"3":{"start":{"line":10,"column":18},"end":{"line":10,"column":19}},"4":{"start":{"line":11,"column":19},"end":{"line":11,"column":28}},"5":{"start":{"line":12,"column":20},"end":{"line":12,"column":29}},"6":{"start":{"line":13,"column":8},"end":{"line":14,"column":23}},"7":{"start":{"line":14,"column":12},"end":{"line":14,"column":23}},"8":{"start":{"line":15,"column":8},"end":{"line":16,"column":24}},"9":{"start":{"line":16,"column":12},"end":{"line":16,"column":24}},"10":{"start":{"line":17,"column":8},"end":{"line":22,"column":9}},"11":{"start":{"line":18,"column":23},"end":{"line":18,"column":31}},"12":{"start":{"line":19,"column":12},"end":{"line":19,"column":34}},"13":{"start":{"line":20,"column":12},"end":{"line":20,"column":30}},"14":{"start":{"line":21,"column":12},"end":{"line":21,"column":43}},"15":{"start":{"line":25,"column":19},"end":{"line":25,"column":31}},"16":{"start":{"line":26,"column":8},"end":{"line":28,"column":9}},"17":{"start":{"line":26,"column":21},"end":{"line":26,"column":45}},"18":{"start":{"line":27,"column":12},"end":{"line":27,"column":41}},"19":{"start":{"line":29,"column":8},"end":{"line":34,"column":9}},"20":{"start":{"line":29,"column":21},"end":{"line":29,"column":29}},"21":{"start":{"line":30,"column":23},"end":{"line":30,"column":31}},"22":{"start":{"line":31,"column":12},"end":{"line":31,"column":32}},"23":{"start":{"line":32,"column":12},"end":{"line":32,"column":28}},"24":{"start":{"line":33,"column":12},"end":{"line":33,"column":38}},"25":{"start":{"line":35,"column":8},"end":{"line":35,"column":44}},"26":{"start":{"line":38,"column":0},"end":{"line":38,"column":28}}},"fnMap":{"0":{"name":"(anonymous_0)","decl":{"start":{"line":6,"column":4},"end":{"line":6,"column":5}},"loc":{"start":{"line":6,"column":18},"end":{"line":8,"column":5}},"line":6},"1":{"name":"(anonymous_1)","decl":{"start":{"line":9,"column":4},"end":{"line":9,"column":5}},"loc":{"start":{"line":9,"column":28},"end":{"line":23,"column":5}},"line":9},"2":{"name":"(anonymous_2)","decl":{"start":{"line":24,"column":4},"end":{"line":24,"column":5}},"loc":{"start":{"line":24,"column":15},"end":{"line":36,"column":5}},"line":24}},"branchMap":{"0":{"loc":{"start":{"line":13,"column":8},"end":{"line":14,"column":23}},"type":"if","locations":[{"start":{"line":13,"column":8},"end":{"line":14,"column":23}},{"start":{},"end":{}}],"line":13},"1":{"loc":{"start":{"line":13,"column":12},"end":{"line":13,"column":51}},"type":"binary-expr","locations":[{"start":{"line":13,"column":12},"end":{"line":13,"column":23}},{"start":{"line":13,"column":27},"end":{"line":13,"column":51}}],"line":13},"2":{"loc":{"start":{"line":15,"column":8},"end":{"line":16,"column":24}},"type":"if","locations":[{"start":{"line":15,"column":8},"end":{"line":16,"column":24}},{"start":{},"end":{}}],"line":15},"3":{"loc":{"start":{"line":15,"column":12},"end":{"line":15,"column":53}},"type":"binary-expr","locations":[{"start":{"line":15,"column":12},"end":{"line":15,"column":24}},{"start":{"line":15,"column":28},"end":{"line":15,"column":53}}],"line":15},"4":{"loc":{"start":{"line":17,"column":8},"end":{"line":22,"column":9}},"type":"if","locations":[{"start":{"line":17,"column":8},"end":{"line":22,"column":9}},{"start":{},"end":{}}],"line":17}},"s":{"0":0,"1":0,"2":0,"3":0,"4":0,"5":0,"6":0,"7":0,"8":0,"9":0,"10":0,"11":0,"12":0,"13":0,"14":0,"15":0,"16":0,"17":0,"18":0,"19":0,"20":0,"21":0,"22":0,"23":0,"24":0,"25":0,"26":0},"f":{"0":0,"1":0,"2":0},"b":{"0":[0,0],"1":[0,0],"2":[0,0],"3":[0,0],"4":[0,0]},"inputSourceMap":null}
,"C:\\algorithm.js\\dist\\utils\\algorithms\\insertion-sort.js": {"path":"C:\\algorithm.js\\dist\\utils\\algorithms\\insertion-sort.js","statementMap":{"0":{"start":{"line":2,"column":0},"end":{"line":2,"column":62}},"1":{"start":{"line":3,"column":0},"end":{"line":3,"column":31}},"2":{"start":{"line":7,"column":8},"end":{"line":7,"column":23}},"3":{"start":{"line":10,"column":16},"end":{"line":10,"column":28}},"4":{"start":{"line":11,"column":8},"end":{"line":19,"column":9}},"5":{"start":{"line":11,"column":21},"end":{"line":11,"column":22}},"6":{"start":{"line":12,"column":26},"end":{"line":12,"column":34}},"7":{"start":{"line":13,"column":20},"end":{"line":13,"column":25}},"8":{"start":{"line":14,"column":12},"end":{"line":17,"column":13}},"9":{"start":{"line":15,"column":16},"end":{"line":15,"column":40}},"10":{"start":{"line":16,"column":16},"end":{"line":16,"column":20}},"11":{"start":{"line":18,"column":12},"end":{"line":18,"column":35}},"12":{"start":{"line":20,"column":8},"end":{"line":20,"column":44}},"13":{"start":{"line":23,"column":0},"end":{"line":23,"column":38}}},"fnMap":{"0":{"name":"(anonymous_0)","decl":{"start":{"line":6,"column":4},"end":{"line":6,"column":5}},"loc":{"start":{"line":6,"column":18},"end":{"line":8,"column":5}},"line":6},"1":{"name":"(anonymous_1)","decl":{"start":{"line":9,"column":4},"end":{"line":9,"column":5}},"loc":{"start":{"line":9,"column":15},"end":{"line":21,"column":5}},"line":9}},"branchMap":{"0":{"loc":{"start":{"line":14,"column":19},"end":{"line":14,"column":47}},"type":"binary-expr","locations":[{"start":{"line":14,"column":19},"end":{"line":14,"column":25}},{"start":{"line":14,"column":29},"end":{"line":14,"column":47}}],"line":14}},"s":{"0":0,"1":0,"2":0,"3":0,"4":0,"5":0,"6":0,"7":0,"8":0,"9":0,"10":0,"11":0,"12":0,"13":0},"f":{"0":0,"1":0},"b":{"0":[0,0]},"inputSourceMap":null}
,"C:\\algorithm.js\\dist\\utils\\algorithms\\linear-search.js": {"path":"C:\\algorithm.js\\dist\\utils\\algorithms\\linear-search.js","statementMap":{"0":{"start":{"line":2,"column":0},"end":{"line":2,"column":62}},"1":{"start":{"line":3,"column":0},"end":{"line":3,"column":30}},"2":{"start":{"line":7,"column":8},"end":{"line":7,"column":23}},"3":{"start":{"line":10,"column":8},"end":{"line":14,"column":9}},"4":{"start":{"line":10,"column":21},"end":{"line":10,"column":22}},"5":{"start":{"line":11,"column":12},"end":{"line":11,"column":28}},"6":{"start":{"line":12,"column":12},"end":{"line":13,"column":54}},"7":{"start":{"line":13,"column":16},"end":{"line":13,"column":54}},"8":{"start":{"line":15,"column":8},"end":{"line":15,"column":15}},"9":{"start":{"line":18,"column":0},"end":{"line":18,"column":36}}},"fnMap":{"0":{"name":"(anonymous_0)","decl":{"start":{"line":6,"column":4},"end":{"line":6,"column":5}},"loc":{"start":{"line":6,"column":18},"end":{"line":8,"column":5}},"line":6},"1":{"name":"(anonymous_1)","decl":{"start":{"line":9,"column":4},"end":{"line":9,"column":5}},"loc":{"start":{"line":9,"column":21},"end":{"line":16,"column":5}},"line":9}},"branchMap":{"0":{"loc":{"start":{"line":12,"column":12},"end":{"line":13,"column":54}},"type":"if","locations":[{"start":{"line":12,"column":12},"end":{"line":13,"column":54}},{"start":{},"end":{}}],"line":12}},"s":{"0":0,"1":0,"2":0,"3":0,"4":0,"5":0,"6":0,"7":0,"8":0,"9":0},"f":{"0":0,"1":0},"b":{"0":[0,0]},"inputSourceMap":null}
,"C:\\algorithm.js\\dist\\utils\\algorithms\\merge-sort.js": {"path":"C:\\algorithm.js\\dist\\utils\\algorithms\\merge-sort.js","statementMap":{"0":{"start":{"line":2,"column":0},"end":{"line":2,"column":62}},"1":{"start":{"line":3,"column":0},"end":{"line":3,"column":27}},"2":{"start":{"line":7,"column":8},"end":{"line":7,"column":23}},"3":{"start":{"line":10,"column":21},"end":{"line":10,"column":37}},"4":{"start":{"line":11,"column":8},"end":{"line":13,"column":9}},"5":{"start":{"line":12,"column":12},"end":{"line":12,"column":25}},"6":{"start":{"line":14,"column":21},"end":{"line":14,"column":42}},"7":{"start":{"line":15,"column":8},"end":{"line":15,"column":59}},"8":{"start":{"line":18,"column":28},"end":{"line":18,"column":30}},"9":{"start":{"line":19,"column":8},"end":{"line":23,"column":9}},"10":{"start":{"line":20,"column":12},"end":{"line":22,"column":51}},"11":{"start":{"line":24,"column":8},"end":{"line":24,"column":53}},"12":{"start":{"line":27,"column":0},"end":{"line":27,"column":30}}},"fnMap":{"0":{"name":"(anonymous_0)","decl":{"start":{"line":6,"column":4},"end":{"line":6,"column":5}},"loc":{"start":{"line":6,"column":18},"end":{"line":8,"column":5}},"line":6},"1":{"name":"(anonymous_1)","decl":{"start":{"line":9,"column":4},"end":{"line":9,"column":5}},"loc":{"start":{"line":9,"column":15},"end":{"line":16,"column":5}},"line":9},"2":{"name":"(anonymous_2)","decl":{"start":{"line":17,"column":4},"end":{"line":17,"column":5}},"loc":{"start":{"line":17,"column":25},"end":{"line":25,"column":5}},"line":17}},"branchMap":{"0":{"loc":{"start":{"line":11,"column":8},"end":{"line":13,"column":9}},"type":"if","locations":[{"start":{"line":11,"column":8},"end":{"line":13,"column":9}},{"start":{},"end":{}}],"line":11},"1":{"loc":{"start":{"line":19,"column":15},"end":{"line":19,"column":44}},"type":"binary-expr","locations":[{"start":{"line":19,"column":15},"end":{"line":19,"column":27}},{"start":{"line":19,"column":31},"end":{"line":19,"column":44}}],"line":19},"2":{"loc":{"start":{"line":20,"column":12},"end":{"line":22,"column":50}},"type":"cond-expr","locations":[{"start":{"line":21,"column":18},"end":{"line":21,"column":49}},{"start":{"line":22,"column":18},"end":{"line":22,"column":50}}],"line":20}},"s":{"0":0,"1":0,"2":0,"3":0,"4":0,"5":0,"6":0,"7":0,"8":0,"9":0,"10":0,"11":0,"12":0},"f":{"0":0,"1":0,"2":0},"b":{"0":[0,0],"1":[0,0],"2":[0,0]},"inputSourceMap":null}
,"C:\\algorithm.js\\dist\\utils\\algorithms\\patience-sort.js": {"path":"C:\\algorithm.js\\dist\\utils\\algorithms\\patience-sort.js","statementMap":{"0":{"start":{"line":2,"column":0},"end":{"line":2,"column":62}},"1":{"start":{"line":3,"column":0},"end":{"line":3,"column":30}},"2":{"start":{"line":7,"column":8},"end":{"line":7,"column":23}},"3":{"start":{"line":10,"column":20},"end":{"line":10,"column":22}},"4":{"start":{"line":11,"column":30},"end":{"line":11,"column":32}},"5":{"start":{"line":12,"column":8},"end":{"line":33,"column":9}},"6":{"start":{"line":12,"column":21},"end":{"line":12,"column":22}},"7":{"start":{"line":13,"column":12},"end":{"line":32,"column":13}},"8":{"start":{"line":14,"column":27},"end":{"line":14,"column":29}},"9":{"start":{"line":15,"column":16},"end":{"line":15,"column":34}},"10":{"start":{"line":16,"column":16},"end":{"line":16,"column":33}},"11":{"start":{"line":19,"column":27},"end":{"line":19,"column":28}},"12":{"start":{"line":20,"column":16},"end":{"line":26,"column":17}},"13":{"start":{"line":20,"column":29},"end":{"line":20,"column":30}},"14":{"start":{"line":21,"column":20},"end":{"line":25,"column":21}},"15":{"start":{"line":22,"column":24},"end":{"line":22,"column":46}},"16":{"start":{"line":23,"column":24},"end":{"line":23,"column":33}},"17":{"start":{"line":24,"column":24},"end":{"line":24,"column":30}},"18":{"start":{"line":27,"column":16},"end":{"line":31,"column":17}},"19":{"start":{"line":28,"column":31},"end":{"line":28,"column":33}},"20":{"start":{"line":29,"column":20},"end":{"line":29,"column":38}},"21":{"start":{"line":30,"column":20},"end":{"line":30,"column":37}},"22":{"start":{"line":34,"column":8},"end":{"line":34,"column":50}},"23":{"start":{"line":35,"column":8},"end":{"line":35,"column":61}},"24":{"start":{"line":38,"column":20},"end":{"line":38,"column":22}},"25":{"start":{"line":39,"column":8},"end":{"line":55,"column":9}},"26":{"start":{"line":40,"column":23},"end":{"line":40,"column":46}},"27":{"start":{"line":41,"column":24},"end":{"line":41,"column":26}},"28":{"start":{"line":42,"column":12},"end":{"line":47,"column":13}},"29":{"start":{"line":42,"column":25},"end":{"line":42,"column":26}},"30":{"start":{"line":43,"column":16},"end":{"line":46,"column":17}},"31":{"start":{"line":44,"column":20},"end":{"line":44,"column":49}},"32":{"start":{"line":45,"column":20},"end":{"line":45,"column":30}},"33":{"start":{"line":48,"column":12},"end":{"line":48,"column":29}},"34":{"start":{"line":49,"column":12},"end":{"line":49,"column":27}},"35":{"start":{"line":50,"column":12},"end":{"line":52,"column":13}},"36":{"start":{"line":51,"column":16},"end":{"line":51,"column":35}},"37":{"start":{"line":53,"column":12},"end":{"line":54,"column":22}},"38":{"start":{"line":54,"column":16},"end":{"line":54,"column":22}},"39":{"start":{"line":56,"column":8},"end":{"line":56,"column":21}},"40":{"start":{"line":59,"column":0},"end":{"line":59,"column":36}}},"fnMap":{"0":{"name":"(anonymous_0)","decl":{"start":{"line":6,"column":4},"end":{"line":6,"column":5}},"loc":{"start":{"line":6,"column":18},"end":{"line":8,"column":5}},"line":6},"1":{"name":"(anonymous_1)","decl":{"start":{"line":9,"column":4},"end":{"line":9,"column":5}},"loc":{"start":{"line":9,"column":13},"end":{"line":36,"column":5}},"line":9},"2":{"name":"(anonymous_2)","decl":{"start":{"line":37,"column":4},"end":{"line":37,"column":5}},"loc":{"start":{"line":37,"column":19},"end":{"line":57,"column":5}},"line":37}},"branchMap":{"0":{"loc":{"start":{"line":13,"column":12},"end":{"line":32,"column":13}},"type":"if","locations":[{"start":{"line":13,"column":12},"end":{"line":32,"column":13}},{"start":{"line":18,"column":17},"end":{"line":32,"column":13}}],"line":13},"1":{"loc":{"start":{"line":21,"column":20},"end":{"line":25,"column":21}},"type":"if","locations":[{"start":{"line":21,"column":20},"end":{"line":25,"column":21}},{"start":{},"end":{}}],"line":21},"2":{"loc":{"start":{"line":27,"column":16},"end":{"line":31,"column":17}},"type":"if","locations":[{"start":{"line":27,"column":16},"end":{"line":31,"column":17}},{"start":{},"end":{}}],"line":27},"3":{"loc":{"start":{"line":43,"column":16},"end":{"line":46,"column":17}},"type":"if","locations":[{"start":{"line":43,"column":16},"end":{"line":46,"column":17}},{"start":{},"end":{}}],"line":43},"4":{"loc":{"start":{"line":50,"column":12},"end":{"line":52,"column":13}},"type":"if","locations":[{"start":{"line":50,"column":12},"end":{"line":52,"column":13}},{"start":{},"end":{}}],"line":50},"5":{"loc":{"start":{"line":53,"column":12},"end":{"line":54,"column":22}},"type":"if","locations":[{"start":{"line":53,"column":12},"end":{"line":54,"column":22}},{"start":{},"end":{}}],"line":53}},"s":{"0":0,"1":0,"2":0,"3":0,"4":0,"5":0,"6":0,"7":0,"8":0,"9":0,"10":0,"11":0,"12":0,"13":0,"14":0,"15":0,"16":0,"17":0,"18":0,"19":0,"20":0,"21":0,"22":0,"23":0,"24":0,"25":0,"26":0,"27":0,"28":0,"29":0,"30":0,"31":0,"32":0,"33":0,"34":0,"35":0,"36":0,"37":0,"38":0,"39":0,"40":0},"f":{"0":0,"1":0,"2":0},"b":{"0":[0,0],"1":[0,0],"2":[0,0],"3":[0,0],"4":[0,0],"5":[0,0]},"inputSourceMap":null}
,"C:\\algorithm.js\\dist\\utils\\algorithms\\quick-sort.js": {"path":"C:\\algorithm.js\\dist\\utils\\algorithms\\quick-sort.js","statementMap":{"0":{"start":{"line":2,"column":0},"end":{"line":2,"column":62}},"1":{"start":{"line":3,"column":0},"end":{"line":3,"column":27}},"2":{"start":{"line":7,"column":8},"end":{"line":7,"column":23}},"3":{"start":{"line":10,"column":26},"end":{"line":10,"column":42}},"4":{"start":{"line":11,"column":21},"end":{"line":11,"column":39}},"5":{"start":{"line":12,"column":19},"end":{"line":12,"column":21}},"6":{"start":{"line":13,"column":22},"end":{"line":13,"column":24}},"7":{"start":{"line":14,"column":8},"end":{"line":16,"column":9}},"8":{"start":{"line":15,"column":12},"end":{"line":15,"column":25}},"9":{"start":{"line":17,"column":8},"end":{"line":22,"column":9}},"10":{"start":{"line":17,"column":21},"end":{"line":17,"column":22}},"11":{"start":{"line":18,"column":12},"end":{"line":18,"column":28}},"12":{"start":{"line":19,"column":12},"end":{"line":20,"column":25}},"13":{"start":{"line":20,"column":16},"end":{"line":20,"column":25}},"14":{"start":{"line":21,"column":12},"end":{"line":21,"column":77}},"15":{"start":{"line":23,"column":8},"end":{"line":26,"column":10}},"16":{"start":{"line":29,"column":0},"end":{"line":29,"column":30}}},"fnMap":{"0":{"name":"(anonymous_0)","decl":{"start":{"line":6,"column":4},"end":{"line":6,"column":5}},"loc":{"start":{"line":6,"column":18},"end":{"line":8,"column":5}},"line":6},"1":{"name":"(anonymous_1)","decl":{"start":{"line":9,"column":4},"end":{"line":9,"column":5}},"loc":{"start":{"line":9,"column":15},"end":{"line":27,"column":5}},"line":9}},"branchMap":{"0":{"loc":{"start":{"line":14,"column":8},"end":{"line":16,"column":9}},"type":"if","locations":[{"start":{"line":14,"column":8},"end":{"line":16,"column":9}},{"start":{},"end":{}}],"line":14},"1":{"loc":{"start":{"line":19,"column":12},"end":{"line":20,"column":25}},"type":"if","locations":[{"start":{"line":19,"column":12},"end":{"line":20,"column":25}},{"start":{},"end":{}}],"line":19},"2":{"loc":{"start":{"line":21,"column":12},"end":{"line":21,"column":76}},"type":"cond-expr","locations":[{"start":{"line":21,"column":32},"end":{"line":21,"column":51}},{"start":{"line":21,"column":54},"end":{"line":21,"column":76}}],"line":21}},"s":{"0":0,"1":0,"2":0,"3":0,"4":0,"5":0,"6":0,"7":0,"8":0,"9":0,"10":0,"11":0,"12":0,"13":0,"14":0,"15":0,"16":0},"f":{"0":0,"1":0},"b":{"0":[0,0],"1":[0,0],"2":[0,0]},"inputSourceMap":null}
,"C:\\algorithm.js\\dist\\utils\\algorithms\\radix-sort.js": {"path":"C:\\algorithm.js\\dist\\utils\\algorithms\\radix-sort.js","statementMap":{"0":{"start":{"line":2,"column":0},"end":{"line":2,"column":62}},"1":{"start":{"line":3,"column":0},"end":{"line":3,"column":27}},"2":{"start":{"line":7,"column":8},"end":{"line":7,"column":23}},"3":{"start":{"line":10,"column":23},"end":{"line":10,"column":44}},"4":{"start":{"line":11,"column":22},"end":{"line":11,"column":24}},"5":{"start":{"line":12,"column":8},"end":{"line":20,"column":9}},"6":{"start":{"line":13,"column":26},"end":{"line":13,"column":54}},"7":{"start":{"line":13,"column":51},"end":{"line":13,"column":53}},"8":{"start":{"line":14,"column":12},"end":{"line":17,"column":13}},"9":{"start":{"line":15,"column":16},"end":{"line":15,"column":29}},"10":{"start":{"line":16,"column":16},"end":{"line":16,"column":81}},"11":{"start":{"line":18,"column":12},"end":{"line":18,"column":47}},"12":{"start":{"line":19,"column":12},"end":{"line":19,"column":26}},"13":{"start":{"line":21,"column":8},"end":{"line":21,"column":49}},"14":{"start":{"line":24,"column":0},"end":{"line":24,"column":30}}},"fnMap":{"0":{"name":"(anonymous_0)","decl":{"start":{"line":6,"column":4},"end":{"line":6,"column":5}},"loc":{"start":{"line":6,"column":18},"end":{"line":8,"column":5}},"line":6},"1":{"name":"(anonymous_1)","decl":{"start":{"line":9,"column":4},"end":{"line":9,"column":5}},"loc":{"start":{"line":9,"column":13},"end":{"line":22,"column":5}},"line":9},"2":{"name":"(anonymous_2)","decl":{"start":{"line":13,"column":45},"end":{"line":13,"column":46}},"loc":{"start":{"line":13,"column":51},"end":{"line":13,"column":53}},"line":13}},"branchMap":{},"s":{"0":0,"1":0,"2":0,"3":0,"4":0,"5":0,"6":0,"7":0,"8":0,"9":0,"10":0,"11":0,"12":0,"13":0,"14":0},"f":{"0":0,"1":0,"2":0},"b":{},"inputSourceMap":null}
,"C:\\algorithm.js\\dist\\utils\\algorithms\\recursive-traversal-binary-tree.js": {"path":"C:\\algorithm.js\\dist\\utils\\algorithms\\recursive-traversal-binary-tree.js","statementMap":{"0":{"start":{"line":2,"column":0},"end":{"line":2,"column":62}},"1":{"start":{"line":3,"column":0},"end":{"line":3,"column":46}},"2":{"start":{"line":7,"column":19},"end":{"line":7,"column":20}},"3":{"start":{"line":8,"column":8},"end":{"line":14,"column":11}},"4":{"start":{"line":9,"column":12},"end":{"line":9,"column":29}},"5":{"start":{"line":10,"column":12},"end":{"line":12,"column":13}},"6":{"start":{"line":11,"column":16},"end":{"line":11,"column":32}},"7":{"start":{"line":13,"column":12},"end":{"line":13,"column":38}},"8":{"start":{"line":15,"column":8},"end":{"line":15,"column":20}},"9":{"start":{"line":18,"column":0},"end":{"line":18,"column":68}}},"fnMap":{"0":{"name":"(anonymous_0)","decl":{"start":{"line":5,"column":4},"end":{"line":5,"column":5}},"loc":{"start":{"line":5,"column":18},"end":{"line":5,"column":21}},"line":5},"1":{"name":"(anonymous_1)","decl":{"start":{"line":6,"column":4},"end":{"line":6,"column":5}},"loc":{"start":{"line":6,"column":14},"end":{"line":16,"column":5}},"line":6},"2":{"name":"(anonymous_2)","decl":{"start":{"line":8,"column":34},"end":{"line":8,"column":35}},"loc":{"start":{"line":8,"column":42},"end":{"line":14,"column":9}},"line":8}},"branchMap":{"0":{"loc":{"start":{"line":10,"column":12},"end":{"line":12,"column":13}},"type":"if","locations":[{"start":{"line":10,"column":12},"end":{"line":12,"column":13}},{"start":{},"end":{}}],"line":10}},"s":{"0":0,"1":0,"2":0,"3":0,"4":0,"5":0,"6":0,"7":0,"8":0,"9":0},"f":{"0":0,"1":0,"2":0},"b":{"0":[0,0]},"inputSourceMap":null}
,"C:\\algorithm.js\\dist\\utils\\algorithms\\selection-sort.js": {"path":"C:\\algorithm.js\\dist\\utils\\algorithms\\selection-sort.js","statementMap":{"0":{"start":{"line":2,"column":0},"end":{"line":2,"column":62}},"1":{"start":{"line":3,"column":0},"end":{"line":3,"column":31}},"2":{"start":{"line":7,"column":8},"end":{"line":7,"column":23}},"3":{"start":{"line":10,"column":8},"end":{"line":21,"column":9}},"4":{"start":{"line":10,"column":21},"end":{"line":10,"column":22}},"5":{"start":{"line":11,"column":27},"end":{"line":11,"column":28}},"6":{"start":{"line":12,"column":12},"end":{"line":17,"column":13}},"7":{"start":{"line":12,"column":25},"end":{"line":12,"column":30}},"8":{"start":{"line":13,"column":16},"end":{"line":15,"column":17}},"9":{"start":{"line":14,"column":20},"end":{"line":14,"column":33}},"10":{"start":{"line":16,"column":16},"end":{"line":16,"column":32}},"11":{"start":{"line":18,"column":26},"end":{"line":18,"column":34}},"12":{"start":{"line":19,"column":12},"end":{"line":19,"column":39}},"13":{"start":{"line":20,"column":12},"end":{"line":20,"column":38}},"14":{"start":{"line":22,"column":8},"end":{"line":22,"column":44}},"15":{"start":{"line":25,"column":0},"end":{"line":25,"column":38}}},"fnMap":{"0":{"name":"(anonymous_0)","decl":{"start":{"line":6,"column":4},"end":{"line":6,"column":5}},"loc":{"start":{"line":6,"column":18},"end":{"line":8,"column":5}},"line":6},"1":{"name":"(anonymous_1)","decl":{"start":{"line":9,"column":4},"end":{"line":9,"column":5}},"loc":{"start":{"line":9,"column":15},"end":{"line":23,"column":5}},"line":9}},"branchMap":{"0":{"loc":{"start":{"line":13,"column":16},"end":{"line":15,"column":17}},"type":"if","locations":[{"start":{"line":13,"column":16},"end":{"line":15,"column":17}},{"start":{},"end":{}}],"line":13}},"s":{"0":0,"1":0,"2":0,"3":0,"4":0,"5":0,"6":0,"7":0,"8":0,"9":0,"10":0,"11":0,"12":0,"13":0,"14":0,"15":0},"f":{"0":0,"1":0},"b":{"0":[0,0]},"inputSourceMap":null}
,"C:\\algorithm.js\\dist\\utils\\algorithms\\shell-sort.js": {"path":"C:\\algorithm.js\\dist\\utils\\algorithms\\shell-sort.js","statementMap":{"0":{"start":{"line":2,"column":0},"end":{"line":2,"column":62}},"1":{"start":{"line":3,"column":0},"end":{"line":3,"column":27}},"2":{"start":{"line":7,"column":8},"end":{"line":7,"column":23}},"3":{"start":{"line":10,"column":16},"end":{"line":10,"column":26}},"4":{"start":{"line":11,"column":8},"end":{"line":20,"column":9}},"5":{"start":{"line":11,"column":23},"end":{"line":11,"column":40}},"6":{"start":{"line":12,"column":12},"end":{"line":19,"column":13}},"7":{"start":{"line":12,"column":25},"end":{"line":12,"column":28}},"8":{"start":{"line":13,"column":27},"end":{"line":13,"column":33}},"9":{"start":{"line":15,"column":16},"end":{"line":17,"column":17}},"10":{"start":{"line":16,"column":20},"end":{"line":16,"column":42}},"11":{"start":{"line":18,"column":16},"end":{"line":18,"column":30}},"12":{"start":{"line":21,"column":8},"end":{"line":21,"column":49}},"13":{"start":{"line":24,"column":0},"end":{"line":24,"column":30}}},"fnMap":{"0":{"name":"(anonymous_0)","decl":{"start":{"line":6,"column":4},"end":{"line":6,"column":5}},"loc":{"start":{"line":6,"column":18},"end":{"line":8,"column":5}},"line":6},"1":{"name":"(anonymous_1)","decl":{"start":{"line":9,"column":4},"end":{"line":9,"column":5}},"loc":{"start":{"line":9,"column":13},"end":{"line":22,"column":5}},"line":9}},"branchMap":{"0":{"loc":{"start":{"line":15,"column":28},"end":{"line":15,"column":59}},"type":"binary-expr","locations":[{"start":{"line":15,"column":28},"end":{"line":15,"column":36}},{"start":{"line":15,"column":40},"end":{"line":15,"column":59}}],"line":15}},"s":{"0":0,"1":0,"2":0,"3":0,"4":0,"5":0,"6":0,"7":0,"8":0,"9":0,"10":0,"11":0,"12":0,"13":0},"f":{"0":0,"1":0},"b":{"0":[0,0]},"inputSourceMap":null}
,"C:\\algorithm.js\\dist\\utils\\big-o-notation\\double-logarithmic-time.js": {"path":"C:\\algorithm.js\\dist\\utils\\big-o-notation\\double-logarithmic-time.js","statementMap":{"0":{"start":{"line":2,"column":0},"end":{"line":2,"column":62}},"1":{"start":{"line":3,"column":0},"end":{"line":3,"column":39}},"2":{"start":{"line":7,"column":8},"end":{"line":7,"column":40}},"3":{"start":{"line":10,"column":0},"end":{"line":10,"column":54}}},"fnMap":{"0":{"name":"(anonymous_0)","decl":{"start":{"line":5,"column":4},"end":{"line":5,"column":5}},"loc":{"start":{"line":5,"column":18},"end":{"line":5,"column":21}},"line":5},"1":{"name":"(anonymous_1)","decl":{"start":{"line":6,"column":4},"end":{"line":6,"column":5}},"loc":{"start":{"line":6,"column":16},"end":{"line":8,"column":5}},"line":6}},"branchMap":{},"s":{"0":0,"1":0,"2":0,"3":0},"f":{"0":0,"1":0},"b":{},"inputSourceMap":null}
,"C:\\algorithm.js\\dist\\utils\\big-o-notation\\exponential-time.js": {"path":"C:\\algorithm.js\\dist\\utils\\big-o-notation\\exponential-time.js","statementMap":{"0":{"start":{"line":2,"column":0},"end":{"line":2,"column":62}},"1":{"start":{"line":3,"column":0},"end":{"line":3,"column":33}},"2":{"start":{"line":7,"column":8},"end":{"line":7,"column":25}},"3":{"start":{"line":10,"column":0},"end":{"line":10,"column":42}}},"fnMap":{"0":{"name":"(anonymous_0)","decl":{"start":{"line":5,"column":4},"end":{"line":5,"column":5}},"loc":{"start":{"line":5,"column":18},"end":{"line":5,"column":21}},"line":5},"1":{"name":"(anonymous_1)","decl":{"start":{"line":6,"column":4},"end":{"line":6,"column":5}},"loc":{"start":{"line":6,"column":16},"end":{"line":8,"column":5}},"line":6}},"branchMap":{},"s":{"0":0,"1":0,"2":0,"3":0},"f":{"0":0,"1":0},"b":{},"inputSourceMap":null}
,"C:\\algorithm.js\\dist\\utils\\big-o-notation\\factorial-time.js": {"path":"C:\\algorithm.js\\dist\\utils\\big-o-notation\\factorial-time.js","statementMap":{"0":{"start":{"line":2,"column":0},"end":{"line":2,"column":62}},"1":{"start":{"line":3,"column":0},"end":{"line":3,"column":31}},"2":{"start":{"line":7,"column":8},"end":{"line":7,"column":55}},"3":{"start":{"line":10,"column":8},"end":{"line":10,"column":36}},"4":{"start":{"line":13,"column":0},"end":{"line":13,"column":38}}},"fnMap":{"0":{"name":"(anonymous_0)","decl":{"start":{"line":5,"column":4},"end":{"line":5,"column":5}},"loc":{"start":{"line":5,"column":18},"end":{"line":5,"column":21}},"line":5},"1":{"name":"(anonymous_1)","decl":{"start":{"line":6,"column":4},"end":{"line":6,"column":5}},"loc":{"start":{"line":6,"column":17},"end":{"line":8,"column":5}},"line":6},"2":{"name":"(anonymous_2)","decl":{"start":{"line":9,"column":4},"end":{"line":9,"column":5}},"loc":{"start":{"line":9,"column":16},"end":{"line":11,"column":5}},"line":9}},"branchMap":{"0":{"loc":{"start":{"line":7,"column":15},"end":{"line":7,"column":54}},"type":"cond-expr","locations":[{"start":{"line":7,"column":25},"end":{"line":7,"column":26}},{"start":{"line":7,"column":29},"end":{"line":7,"column":54}}],"line":7}},"s":{"0":0,"1":0,"2":0,"3":0,"4":0},"f":{"0":0,"1":0,"2":0},"b":{"0":[0,0]},"inputSourceMap":null}
,"C:\\algorithm.js\\dist\\utils\\big-o-notation\\linear-time.js": {"path":"C:\\algorithm.js\\dist\\utils\\big-o-notation\\linear-time.js","statementMap":{"0":{"start":{"line":2,"column":0},"end":{"line":2,"column":62}},"1":{"start":{"line":3,"column":0},"end":{"line":3,"column":28}},"2":{"start":{"line":7,"column":8},"end":{"line":7,"column":20}},"3":{"start":{"line":10,"column":0},"end":{"line":10,"column":32}}},"fnMap":{"0":{"name":"(anonymous_0)","decl":{"start":{"line":5,"column":4},"end":{"line":5,"column":5}},"loc":{"start":{"line":5,"column":18},"end":{"line":5,"column":21}},"line":5},"1":{"name":"(anonymous_1)","decl":{"start":{"line":6,"column":4},"end":{"line":6,"column":5}},"loc":{"start":{"line":6,"column":16},"end":{"line":8,"column":5}},"line":6}},"branchMap":{},"s":{"0":0,"1":0,"2":0,"3":0},"f":{"0":0,"1":0},"b":{},"inputSourceMap":null}
,"C:\\algorithm.js\\dist\\utils\\big-o-notation\\linearithmic-time.js": {"path":"C:\\algorithm.js\\dist\\utils\\big-o-notation\\linearithmic-time.js","statementMap":{"0":{"start":{"line":2,"column":0},"end":{"line":2,"column":62}},"1":{"start":{"line":3,"column":0},"end":{"line":3,"column":34}},"2":{"start":{"line":7,"column":8},"end":{"line":7,"column":37}},"3":{"start":{"line":10,"column":0},"end":{"line":10,"column":44}}},"fnMap":{"0":{"name":"(anonymous_0)","decl":{"start":{"line":5,"column":4},"end":{"line":5,"column":5}},"loc":{"start":{"line":5,"column":18},"end":{"line":5,"column":21}},"line":5},"1":{"name":"(anonymous_1)","decl":{"start":{"line":6,"column":4},"end":{"line":6,"column":5}},"loc":{"start":{"line":6,"column":16},"end":{"line":8,"column":5}},"line":6}},"branchMap":{},"s":{"0":0,"1":0,"2":0,"3":0},"f":{"0":0,"1":0},"b":{},"inputSourceMap":null}
,"C:\\algorithm.js\\dist\\utils\\big-o-notation\\logarithmic-time.js": {"path":"C:\\algorithm.js\\dist\\utils\\big-o-notation\\logarithmic-time.js","statementMap":{"0":{"start":{"line":2,"column":0},"end":{"line":2,"column":62}},"1":{"start":{"line":3,"column":0},"end":{"line":3,"column":33}},"2":{"start":{"line":7,"column":8},"end":{"line":7,"column":30}},"3":{"start":{"line":10,"column":0},"end":{"line":10,"column":42}}},"fnMap":{"0":{"name":"(anonymous_0)","decl":{"start":{"line":5,"column":4},"end":{"line":5,"column":5}},"loc":{"start":{"line":5,"column":18},"end":{"line":5,"column":21}},"line":5},"1":{"name":"(anonymous_1)","decl":{"start":{"line":6,"column":4},"end":{"line":6,"column":5}},"loc":{"start":{"line":6,"column":16},"end":{"line":8,"column":5}},"line":6}},"branchMap":{},"s":{"0":0,"1":0,"2":0,"3":0},"f":{"0":0,"1":0},"b":{},"inputSourceMap":null}
,"C:\\algorithm.js\\dist\\utils\\big-o-notation\\quadratic-time.js": {"path":"C:\\algorithm.js\\dist\\utils\\big-o-notation\\quadratic-time.js","statementMap":{"0":{"start":{"line":2,"column":0},"end":{"line":2,"column":62}},"1":{"start":{"line":3,"column":0},"end":{"line":3,"column":31}},"2":{"start":{"line":7,"column":8},"end":{"line":7,"column":25}},"3":{"start":{"line":10,"column":0},"end":{"line":10,"column":38}}},"fnMap":{"0":{"name":"(anonymous_0)","decl":{"start":{"line":5,"column":4},"end":{"line":5,"column":5}},"loc":{"start":{"line":5,"column":18},"end":{"line":5,"column":21}},"line":5},"1":{"name":"(anonymous_1)","decl":{"start":{"line":6,"column":4},"end":{"line":6,"column":5}},"loc":{"start":{"line":6,"column":16},"end":{"line":8,"column":5}},"line":6}},"branchMap":{},"s":{"0":0,"1":0,"2":0,"3":0},"f":{"0":0,"1":0},"b":{},"inputSourceMap":null}
,"C:\\algorithm.js\\dist\\utils\\data-structures\\binary-tree.js": {"path":"C:\\algorithm.js\\dist\\utils\\data-structures\\binary-tree.js","statementMap":{"0":{"start":{"line":2,"column":0},"end":{"line":2,"column":62}},"1":{"start":{"line":3,"column":0},"end":{"line":3,"column":28}},"2":{"start":{"line":4,"column":30},"end":{"line":4,"column":74}},"3":{"start":{"line":9,"column":8},"end":{"line":9,"column":25}},"4":{"start":{"line":10,"column":8},"end":{"line":10,"column":22}},"5":{"start":{"line":13,"column":24},"end":{"line":13,"column":69}},"6":{"start":{"line":14,"column":8},"end":{"line":17,"column":9}},"7":{"start":{"line":15,"column":12},"end":{"line":15,"column":32}},"8":{"start":{"line":16,"column":12},"end":{"line":16,"column":24}},"9":{"start":{"line":18,"column":22},"end":{"line":18,"column":31}},"10":{"start":{"line":19,"column":8},"end":{"line":36,"column":9}},"11":{"start":{"line":20,"column":12},"end":{"line":21,"column":23}},"12":{"start":{"line":21,"column":16},"end":{"line":21,"column":23}},"13":{"start":{"line":22,"column":12},"end":{"line":35,"column":13}},"14":{"start":{"line":23,"column":16},"end":{"line":26,"column":17}},"15":{"start":{"line":24,"column":20},"end":{"line":24,"column":43}},"16":{"start":{"line":25,"column":20},"end":{"line":25,"column":32}},"17":{"start":{"line":27,"column":16},"end":{"line":27,"column":39}},"18":{"start":{"line":30,"column":16},"end":{"line":33,"column":17}},"19":{"start":{"line":31,"column":20},"end":{"line":31,"column":44}},"20":{"start":{"line":32,"column":20},"end":{"line":32,"column":32}},"21":{"start":{"line":34,"column":16},"end":{"line":34,"column":40}},"22":{"start":{"line":37,"column":8},"end":{"line":37,"column":20}},"23":{"start":{"line":40,"column":8},"end":{"line":40,"column":60}},"24":{"start":{"line":43,"column":8},"end":{"line":44,"column":27}},"25":{"start":{"line":44,"column":12},"end":{"line":44,"column":27}},"26":{"start":{"line":45,"column":8},"end":{"line":69,"column":9}},"27":{"start":{"line":46,"column":12},"end":{"line":60,"column":13}},"28":{"start":{"line":47,"column":16},"end":{"line":47,"column":28}},"29":{"start":{"line":49,"column":17},"end":{"line":60,"column":13}},"30":{"start":{"line":50,"column":16},"end":{"line":50,"column":37}},"31":{"start":{"line":52,"column":17},"end":{"line":60,"column":13}},"32":{"start":{"line":53,"column":16},"end":{"line":53,"column":36}},"33":{"start":{"line":56,"column":33},"end":{"line":56,"column":73}},"34":{"start":{"line":57,"column":16},"end":{"line":57,"column":51}},"35":{"start":{"line":58,"column":16},"end":{"line":58,"column":85}},"36":{"start":{"line":59,"column":16},"end":{"line":59,"column":31}},"37":{"start":{"line":62,"column":13},"end":{"line":69,"column":9}},"38":{"start":{"line":63,"column":12},"end":{"line":63,"column":70}},"39":{"start":{"line":64,"column":12},"end":{"line":64,"column":27}},"40":{"start":{"line":67,"column":12},"end":{"line":67,"column":72}},"41":{"start":{"line":68,"column":12},"end":{"line":68,"column":27}},"42":{"start":{"line":72,"column":8},"end":{"line":73,"column":35}},"43":{"start":{"line":73,"column":12},"end":{"line":73,"column":35}},"44":{"start":{"line":74,"column":8},"end":{"line":74,"column":23}},"45":{"start":{"line":77,"column":29},"end":{"line":77,"column":67}},"46":{"start":{"line":78,"column":8},"end":{"line":78,"column":65}},"47":{"start":{"line":81,"column":28},"end":{"line":81,"column":66}},"48":{"start":{"line":82,"column":8},"end":{"line":82,"column":64}},"49":{"start":{"line":85,"column":8},"end":{"line":85,"column":33}},"50":{"start":{"line":88,"column":8},"end":{"line":89,"column":25}},"51":{"start":{"line":89,"column":12},"end":{"line":89,"column":25}},"52":{"start":{"line":90,"column":22},"end":{"line":90,"column":31}},"53":{"start":{"line":91,"column":8},"end":{"line":100,"column":9}},"54":{"start":{"line":92,"column":12},"end":{"line":97,"column":13}},"55":{"start":{"line":93,"column":16},"end":{"line":93,"column":39}},"56":{"start":{"line":96,"column":16},"end":{"line":96,"column":40}},"57":{"start":{"line":98,"column":12},"end":{"line":99,"column":28}},"58":{"start":{"line":99,"column":16},"end":{"line":99,"column":28}},"59":{"start":{"line":101,"column":8},"end":{"line":101,"column":30}},"60":{"start":{"line":104,"column":8},"end":{"line":105,"column":22}},"61":{"start":{"line":105,"column":12},"end":{"line":105,"column":22}},"62":{"start":{"line":106,"column":19},"end":{"line":106,"column":48}},"63":{"start":{"line":107,"column":20},"end":{"line":107,"column":50}},"64":{"start":{"line":108,"column":8},"end":{"line":108,"column":51}},"65":{"start":{"line":111,"column":8},"end":{"line":112,"column":22}},"66":{"start":{"line":112,"column":12},"end":{"line":112,"column":22}},"67":{"start":{"line":113,"column":19},"end":{"line":113,"column":48}},"68":{"start":{"line":114,"column":20},"end":{"line":114,"column":50}},"69":{"start":{"line":115,"column":8},"end":{"line":115,"column":51}},"70":{"start":{"line":118,"column":19},"end":{"line":118,"column":28}},"71":{"start":{"line":119,"column":8},"end":{"line":121,"column":9}},"72":{"start":{"line":120,"column":12},"end":{"line":120,"column":29}},"73":{"start":{"line":122,"column":8},"end":{"line":122,"column":28}},"74":{"start":{"line":125,"column":19},"end":{"line":125,"column":28}},"75":{"start":{"line":126,"column":8},"end":{"line":128,"column":9}},"76":{"start":{"line":127,"column":12},"end":{"line":127,"column":30}},"77":{"start":{"line":129,"column":8},"end":{"line":129,"column":28}},"78":{"start":{"line":132,"column":8},"end":{"line":132,"column":64}},"79":{"start":{"line":135,"column":19},"end":{"line":135,"column":37}},"80":{"start":{"line":136,"column":8},"end":{"line":136,"column":25}},"81":{"start":{"line":139,"column":8},"end":{"line":139,"column":25}},"82":{"start":{"line":142,"column":19},"end":{"line":142,"column":37}},"83":{"start":{"line":143,"column":8},"end":{"line":143,"column":20}},"84":{"start":{"line":146,"column":22},"end":{"line":146,"column":31}},"85":{"start":{"line":147,"column":8},"end":{"line":153,"column":9}},"86":{"start":{"line":148,"column":12},"end":{"line":152,"column":13}},"87":{"start":{"line":149,"column":16},"end":{"line":149,"column":39}},"88":{"start":{"line":150,"column":16},"end":{"line":151,"column":43}},"89":{"start":{"line":151,"column":20},"end":{"line":151,"column":43}},"90":{"start":{"line":154,"column":8},"end":{"line":158,"column":9}},"91":{"start":{"line":155,"column":12},"end":{"line":155,"column":36}},"92":{"start":{"line":156,"column":12},"end":{"line":157,"column":39}},"93":{"start":{"line":157,"column":16},"end":{"line":157,"column":39}},"94":{"start":{"line":161,"column":22},"end":{"line":161,"column":31}},"95":{"start":{"line":162,"column":8},"end":{"line":168,"column":9}},"96":{"start":{"line":163,"column":12},"end":{"line":167,"column":13}},"97":{"start":{"line":164,"column":16},"end":{"line":164,"column":39}},"98":{"start":{"line":165,"column":16},"end":{"line":165,"column":36}},"99":{"start":{"line":166,"column":16},"end":{"line":166,"column":28}},"100":{"start":{"line":169,"column":8},"end":{"line":173,"column":9}},"101":{"start":{"line":170,"column":12},"end":{"line":170,"column":36}},"102":{"start":{"line":171,"column":12},"end":{"line":171,"column":32}},"103":{"start":{"line":172,"column":12},"end":{"line":172,"column":24}},"104":{"start":{"line":176,"column":8},"end":{"line":176,"column":49}},"105":{"start":{"line":179,"column":8},"end":{"line":180,"column":19}},"106":{"start":{"line":180,"column":12},"end":{"line":180,"column":19}},"107":{"start":{"line":182,"column":8},"end":{"line":182,"column":35}},"108":{"start":{"line":183,"column":8},"end":{"line":183,"column":36}},"109":{"start":{"line":184,"column":8},"end":{"line":184,"column":25}},"110":{"start":{"line":185,"column":8},"end":{"line":185,"column":31}},"111":{"start":{"line":186,"column":8},"end":{"line":186,"column":26}},"112":{"start":{"line":187,"column":8},"end":{"line":187,"column":20}},"113":{"start":{"line":190,"column":18},"end":{"line":190,"column":43}},"114":{"start":{"line":191,"column":8},"end":{"line":191,"column":64}},"115":{"start":{"line":191,"column":45},"end":{"line":191,"column":59}},"116":{"start":{"line":194,"column":22},"end":{"line":194,"column":24}},"117":{"start":{"line":195,"column":20},"end":{"line":195,"column":22}},"118":{"start":{"line":196,"column":22},"end":{"line":196,"column":31}},"119":{"start":{"line":197,"column":8},"end":{"line":197,"column":28}},"120":{"start":{"line":198,"column":8},"end":{"line":205,"column":9}},"121":{"start":{"line":199,"column":12},"end":{"line":199,"column":36}},"122":{"start":{"line":200,"column":12},"end":{"line":200,"column":42}},"123":{"start":{"line":201,"column":12},"end":{"line":202,"column":41}},"124":{"start":{"line":202,"column":16},"end":{"line":202,"column":41}},"125":{"start":{"line":203,"column":12},"end":{"line":204,"column":42}},"126":{"start":{"line":204,"column":16},"end":{"line":204,"column":42}},"127":{"start":{"line":206,"column":8},"end":{"line":206,"column":23}},"128":{"start":{"line":209,"column":22},"end":{"line":209,"column":24}},"129":{"start":{"line":210,"column":22},"end":{"line":210,"column":31}},"130":{"start":{"line":211,"column":23},"end":{"line":217,"column":9}},"131":{"start":{"line":212,"column":12},"end":{"line":212,"column":39}},"132":{"start":{"line":213,"column":12},"end":{"line":214,"column":36}},"133":{"start":{"line":214,"column":16},"end":{"line":214,"column":36}},"134":{"start":{"line":215,"column":12},"end":{"line":216,"column":37}},"135":{"start":{"line":216,"column":16},"end":{"line":216,"column":37}},"136":{"start":{"line":218,"column":8},"end":{"line":218,"column":26}},"137":{"start":{"line":219,"column":8},"end":{"line":219,"column":23}},"138":{"start":{"line":222,"column":22},"end":{"line":222,"column":24}},"139":{"start":{"line":223,"column":22},"end":{"line":223,"column":31}},"140":{"start":{"line":224,"column":23},"end":{"line":230,"column":9}},"141":{"start":{"line":225,"column":12},"end":{"line":226,"column":36}},"142":{"start":{"line":226,"column":16},"end":{"line":226,"column":36}},"143":{"start":{"line":227,"column":12},"end":{"line":228,"column":37}},"144":{"start":{"line":228,"column":16},"end":{"line":228,"column":37}},"145":{"start":{"line":229,"column":12},"end":{"line":229,"column":39}},"146":{"start":{"line":231,"column":8},"end":{"line":231,"column":26}},"147":{"start":{"line":232,"column":8},"end":{"line":232,"column":23}},"148":{"start":{"line":235,"column":22},"end":{"line":235,"column":24}},"149":{"start":{"line":236,"column":22},"end":{"line":236,"column":31}},"150":{"start":{"line":237,"column":23},"end":{"line":243,"column":9}},"151":{"start":{"line":238,"column":12},"end":{"line":239,"column":36}},"152":{"start":{"line":239,"column":16},"end":{"line":239,"column":36}},"153":{"start":{"line":240,"column":12},"end":{"line":240,"column":39}},"154":{"start":{"line":241,"column":12},"end":{"line":242,"column":37}},"155":{"start":{"line":242,"column":16},"end":{"line":242,"column":37}},"156":{"start":{"line":244,"column":8},"end":{"line":244,"column":26}},"157":{"start":{"line":245,"column":8},"end":{"line":245,"column":23}},"158":{"start":{"line":248,"column":8},"end":{"line":248,"column":25}},"159":{"start":{"line":251,"column":8},"end":{"line":251,"column":36}},"160":{"start":{"line":254,"column":8},"end":{"line":254,"column":32}},"161":{"start":{"line":257,"column":0},"end":{"line":257,"column":32}}},"fnMap":{"0":{"name":"(anonymous_0)","decl":{"start":{"line":8,"column":4},"end":{"line":8,"column":5}},"loc":{"start":{"line":8,"column":18},"end":{"line":11,"column":5}},"line":8},"1":{"name":"(anonymous_1)","decl":{"start":{"line":12,"column":4},"end":{"line":12,"column":5}},"loc":{"start":{"line":12,"column":17},"end":{"line":38,"column":5}},"line":12},"2":{"name":"(anonymous_2)","decl":{"start":{"line":39,"column":4},"end":{"line":39,"column":5}},"loc":{"start":{"line":39,"column":20},"end":{"line":41,"column":5}},"line":39},"3":{"name":"(anonymous_3)","decl":{"start":{"line":42,"column":4},"end":{"line":42,"column":5}},"loc":{"start":{"line":42,"column":37},"end":{"line":70,"column":5}},"line":42},"4":{"name":"(anonymous_4)","decl":{"start":{"line":71,"column":4},"end":{"line":71,"column":5}},"loc":{"start":{"line":71,"column":34},"end":{"line":75,"column":5}},"line":71},"5":{"name":"(anonymous_5)","decl":{"start":{"line":76,"column":4},"end":{"line":76,"column":5}},"loc":{"start":{"line":76,"column":29},"end":{"line":79,"column":5}},"line":76},"6":{"name":"(anonymous_6)","decl":{"start":{"line":80,"column":4},"end":{"line":80,"column":5}},"loc":{"start":{"line":80,"column":28},"end":{"line":83,"column":5}},"line":80},"7":{"name":"(anonymous_7)","decl":{"start":{"line":84,"column":4},"end":{"line":84,"column":5}},"loc":{"start":{"line":84,"column":20},"end":{"line":86,"column":5}},"line":84},"8":{"name":"(anonymous_8)","decl":{"start":{"line":87,"column":4},"end":{"line":87,"column":5}},"loc":{"start":{"line":87,"column":18},"end":{"line":102,"column":5}},"line":87},"9":{"name":"(anonymous_9)","decl":{"start":{"line":103,"column":4},"end":{"line":103,"column":5}},"loc":{"start":{"line":103,"column":36},"end":{"line":109,"column":5}},"line":103},"10":{"name":"(anonymous_10)","decl":{"start":{"line":110,"column":4},"end":{"line":110,"column":5}},"loc":{"start":{"line":110,"column":36},"end":{"line":116,"column":5}},"line":110},"11":{"name":"(anonymous_11)","decl":{"start":{"line":117,"column":4},"end":{"line":117,"column":5}},"loc":{"start":{"line":117,"column":18},"end":{"line":123,"column":5}},"line":117},"12":{"name":"(anonymous_12)","decl":{"start":{"line":124,"column":4},"end":{"line":124,"column":5}},"loc":{"start":{"line":124,"column":18},"end":{"line":130,"column":5}},"line":124},"13":{"name":"(anonymous_13)","decl":{"start":{"line":131,"column":4},"end":{"line":131,"column":5}},"loc":{"start":{"line":131,"column":17},"end":{"line":133,"column":5}},"line":131},"14":{"name":"(anonymous_14)","decl":{"start":{"line":134,"column":4},"end":{"line":134,"column":5}},"loc":{"start":{"line":134,"column":30},"end":{"line":137,"column":5}},"line":134},"15":{"name":"(anonymous_15)","decl":{"start":{"line":138,"column":4},"end":{"line":138,"column":5}},"loc":{"start":{"line":138,"column":12},"end":{"line":140,"column":5}},"line":138},"16":{"name":"(anonymous_16)","decl":{"start":{"line":141,"column":4},"end":{"line":141,"column":5}},"loc":{"start":{"line":141,"column":25},"end":{"line":144,"column":5}},"line":141},"17":{"name":"(anonymous_17)","decl":{"start":{"line":145,"column":4},"end":{"line":145,"column":5}},"loc":{"start":{"line":145,"column":15},"end":{"line":159,"column":5}},"line":145},"18":{"name":"(anonymous_18)","decl":{"start":{"line":160,"column":4},"end":{"line":160,"column":5}},"loc":{"start":{"line":160,"column":15},"end":{"line":174,"column":5}},"line":160},"19":{"name":"(anonymous_19)","decl":{"start":{"line":175,"column":4},"end":{"line":175,"column":5}},"loc":{"start":{"line":175,"column":17},"end":{"line":177,"column":5}},"line":175},"20":{"name":"(anonymous_20)","decl":{"start":{"line":178,"column":4},"end":{"line":178,"column":5}},"loc":{"start":{"line":178,"column":33},"end":{"line":188,"column":5}},"line":178},"21":{"name":"(anonymous_21)","decl":{"start":{"line":189,"column":4},"end":{"line":189,"column":5}},"loc":{"start":{"line":189,"column":17},"end":{"line":192,"column":5}},"line":189},"22":
[...]
{"start":{"line":292,"column":4},"end":{"line":292,"column":22}},"159":{"start":{"line":294,"column":4},"end":{"line":294,"column":16}},"160":{"start":{"line":300,"column":4},"end":{"line":300,"column":27}},"161":{"start":{"line":304,"column":4},"end":{"line":304,"column":21}},"162":{"start":{"line":308,"column":4},"end":{"line":308,"column":null}},"163":{"start":{"line":312,"column":9},"end":{"line":312,"column":18}}},"fnMap":{"0":{"name":"(anonymous_0)","decl":{"start":{"line":7,"column":2},"end":{"line":7,"column":null}},"loc":{"start":{"line":7,"column":2},"end":{"line":10,"column":3}}},"1":{"name":"(anonymous_1)","decl":{"start":{"line":12,"column":9},"end":{"line":12,"column":12}},"loc":{"start":{"line":12,"column":35},"end":{"line":35,"column":3}}},"2":{"name":"(anonymous_2)","decl":{"start":{"line":37,"column":9},"end":{"line":37,"column":14}},"loc":{"start":{"line":37,"column":23},"end":{"line":86,"column":3}}},"3":{"name":"(anonymous_3)","decl":{"start":{"line":88,"column":9},"end":{"line":88,"column":12}},"loc":{"start":{"line":88,"column":29},"end":{"line":90,"column":3}}},"4":{"name":"(anonymous_4)","decl":{"start":{"line":92,"column":9},"end":{"line":92,"column":15}},"loc":{"start":{"line":92,"column":32},"end":{"line":92,"column":36}}},"5":{"name":"(anonymous_5)","decl":{"start":{"line":94,"column":9},"end":{"line":94,"column":15}},"loc":{"start":{"line":94,"column":32},"end":{"line":94,"column":36}}},"6":{"name":"(anonymous_6)","decl":{"start":{"line":96,"column":9},"end":{"line":96,"column":14}},"loc":{"start":{"line":96,"column":14},"end":{"line":98,"column":3}}},"7":{"name":"(anonymous_7)","decl":{"start":{"line":100,"column":9},"end":{"line":100,"column":20}},"loc":{"start":{"line":100,"column":30},"end":{"line":108,"column":3}}},"8":{"name":"(anonymous_8)","decl":{"start":{"line":110,"column":9},"end":{"line":110,"column":19}},"loc":{"start":{"line":110,"column":29},"end":{"line":118,"column":3}}},"9":{"name":"(anonymous_9)","decl":{"start":{"line":120,"column":9},"end":{"line":120,"column":12}},"loc":{"start":{"line":120,"column":25},"end":{"line":122,"column":3}}},"10":{"name":"(anonymous_10)","decl":{"start":{"line":124,"column":9},"end":{"line":124,"column":13}},"loc":{"start":{"line":124,"column":22},"end":{"line":140,"column":3}}},"11":{"name":"(anonymous_11)","decl":{"start":{"line":142,"column":9},"end":{"line":142,"column":28}},"loc":{"start":{"line":142,"column":28},"end":{"line":144,"column":3}}},"12":{"name":"(anonymous_12)","decl":{"start":{"line":146,"column":9},"end":{"line":146,"column":13}},"loc":{"start":{"line":146,"column":24},"end":{"line":166,"column":3}}},"13":{"name":"(anonymous_13)","decl":{"start":{"line":168,"column":9},"end":{"line":168,"column":29}},"loc":{"start":{"line":168,"column":29},"end":{"line":170,"column":3}}},"14":{"name":"(anonymous_14)","decl":{"start":{"line":172,"column":9},"end":{"line":172,"column":31}},"loc":{"start":{"line":172,"column":31},"end":{"line":176,"column":3}}},"15":{"name":"(anonymous_15)","decl":{"start":{"line":178,"column":9},"end":{"line":178,"column":30}},"loc":{"start":{"line":178,"column":30},"end":{"line":182,"column":3}}},"16":{"name":"(anonymous_16)","decl":{"start":{"line":184,"column":9},"end":{"line":184,"column":23}},"loc":{"start":{"line":184,"column":46},"end":{"line":207,"column":3}}},"17":{"name":"(anonymous_17)","decl":{"start":{"line":209,"column":9},"end":{"line":209,"column":27}},"loc":{"start":{"line":209,"column":27},"end":{"line":225,"column":3}}},"18":{"name":"(anonymous_18)","decl":{"start":{"line":227,"column":9},"end":{"line":227,"column":19}},"loc":{"start":{"line":227,"column":19},"end":{"line":231,"column":3}}},"19":{"name":"(anonymous_19)","decl":{"start":{"line":230,"column":22},"end":{"line":230,"column":23}},"loc":{"start":{"line":230,"column":41},"end":{"line":230,"column":55}}},"20":{"name":"(anonymous_20)","decl":{"start":{"line":233,"column":9},"end":{"line":233,"column":17}},"loc":{"start":{"line":233,"column":17},"end":{"line":246,"column":3}}},"21":{"name":"(anonymous_21)","decl":{"start":{"line":237,"column":19},"end":{"line":237,"column":20}},"loc":{"start":{"line":237,"column":33},"end":{"line":241,"column":5}}},"22":{"name":"(anonymous_22)","decl":{"start":{"line":248,"column":9},"end":{"line":248,"column":18}},"loc":{"start":{"line":248,"column":18},"end":{"line":261,"column":3}}},"23":{"name":"(anonymous_23)","decl":{"start":{"line":252,"column":19},"end":{"line":252,"column":20}},"loc":{"start":{"line":252,"column":33},"end":{"line":256,"column":5}}},"24":{"name":"(anonymous_24)","decl":{"start":{"line":263,"column":9},"end":{"line":263,"column":16}},"loc":{"start":{"line":263,"column":16},"end":{"line":276,"column":3}}},"25":{"name":"(anonymous_25)","decl":{"start":{"line":267,"column":19},"end":{"line":267,"column":20}},"loc":{"start":{"line":267,"column":33},"end":{"line":271,"column":5}}},"26":{"name":"(anonymous_26)","decl":{"start":{"line":278,"column":9},"end":{"line":278,"column":22}},"loc":{"start":{"line":278,"column":22},"end":{"line":280,"column":3}}},"27":{"name":"(anonymous_27)","decl":{"start":{"line":282,"column":9},"end":{"line":282,"column":19}},"loc":{"start":{"line":282,"column":36},"end":{"line":295,"column":3}}},"28":{"name":"(anonymous_28)","decl":{"start":{"line":297,"column":9},"end":{"line":297,"column":13}},"loc":{"start":{"line":297,"column":13},"end":{"line":297,"column":18}}},"29":{"name":"(anonymous_29)","decl":{"start":{"line":299,"column":9},"end":{"line":299,"column":16}},"loc":{"start":{"line":299,"column":16},"end":{"line":301,"column":3}}},"30":{"name":"(anonymous_30)","decl":{"start":{"line":303,"column":9},"end":{"line":303,"column":16}},"loc":{"start":{"line":303,"column":16},"end":{"line":305,"column":3}}},"31":{"name":"(anonymous_31)","decl":{"start":{"line":307,"column":9},"end":{"line":307,"column":14}},"loc":{"start":{"line":307,"column":14},"end":{"line":309,"column":3}}}},"branchMap":{"0":{"loc":{"start":{"line":13,"column":4},"end":{"line":15,"column":null}},"type":"if","locations":[{"start":{"line":13,"column":4},"end":{"line":15,"column":null}}]},"1":{"loc":{"start":{"line":20,"column":4},"end":{"line":20,"column":37}},"type":"if","locations":[{"start":{"line":20,"column":4},"end":{"line":20,"column":37}}]},"2":{"loc":{"start":{"line":24,"column":6},"end":{"line":32,"column":null}},"type":"if","locations":[{"start":{"line":24,"column":6},"end":{"line":32,"column":null}},{"start":{"line":28,"column":13},"end":{"line":32,"column":null}}]},"3":{"loc":{"start":{"line":38,"column":4},"end":{"line":40,"column":null}},"type":"if","locations":[{"start":{"line":38,"column":4},"end":{"line":40,"column":null}}]},"4":{"loc":{"start":{"line":45,"column":10},"end":{"line":79,"column":null}},"type":"if","locations":[{"start":{"line":45,"column":10},"end":{"line":79,"column":null}},{"start":{"line":61,"column":17},"end":{"line":79,"column":null}}]},"5":{"loc":{"start":{"line":46,"column":12},"end":{"line":48,"column":null}},"type":"if","locations":[{"start":{"line":46,"column":12},"end":{"line":48,"column":null}}]},"6":{"loc":{"start":{"line":49,"column":12},"end":{"line":57,"column":null}},"type":"if","locations":[{"start":{"line":49,"column":12},"end":{"line":57,"column":null}}]},"7":{"loc":{"start":{"line":54,"column":14},"end":{"line":56,"column":null}},"type":"if","locations":[{"start":{"line":54,"column":14},"end":{"line":56,"column":null}}]},"8":{"loc":{"start":{"line":61,"column":17},"end":{"line":79,"column":null}},"type":"if","locations":[{"start":{"line":61,"column":17},"end":{"line":79,"column":null}},{"start":{"line":77,"column":17},"end":{"line":79,"column":null}}]},"9":{"loc":{"start":{"line":62,"column":12},"end":{"line":64,"column":null}},"type":"if","locations":[{"start":{"line":62,"column":12},"end":{"line":64,"column":null}}]},"10":{"loc":{"start":{"line":65,"column":12},"end":{"line":73,"column":null}},"type":"if","locations":[{"start":{"line":65,"column":12},"end":{"line":73,"column":null}}]},"11":{"loc":{"start":{"line":70,"column":14},"end":{"line":72,"column":null}},"type":"if","locations":[{"start":{"line":70,"column":14},"end":{"line":72,"column":null}}]},"12":{"loc":{"start":{"line":88,"column":13},"end":{"line":88,"column":29}},"type":"default-arg","locations":[{"start":{"line":88,"column":20},"end":{"line":88,"column":29}}]},"13":{"loc":{"start":{"line":92,"column":16},"end":{"line":92,"column":32}},"type":"default-arg","locations":[{"start":{"line":92,"column":23},"end":{"line":92,"column":32}}]},"14":{"loc":{"start":{"line":94,"column":16},"end":{"line":94,"column":32}},"type":"default-arg","locations":[{"start":{"line":94,"column":23},"end":{"line":94,"column":32}}]},"15":{"loc":{"start":{"line":121,"column":11},"end":{"line":121,"column":44}},"type":"cond-expr","locations":[{"start":{"line":121,"column":32},"end":{"line":121,"column":36}},{"start":{"line":121,"column":39},"end":{"line":121,"column":44}}]},"16":{"loc":{"start":{"line":125,"column":4},"end":{"line":125,"column":41}},"type":"if","locations":[{"start":{"line":125,"column":4},"end":{"line":125,"column":41}}]},"17":{"loc":{"start":{"line":130,"column":6},"end":{"line":134,"column":null}},"type":"if","locations":[{"start":{"line":130,"column":6},"end":{"line":134,"column":null}},{"start":{"line":132,"column":13},"end":{"line":134,"column":null}}]},"18":{"loc":{"start":{"line":136,"column":6},"end":{"line":136,"column":40}},"type":"if","locations":[{"start":{"line":136,"column":6},"end":{"line":136,"column":40}}]},"19":{"loc":{"start":{"line":149,"column":4},"end":{"line":157,"column":null}},"type":"if","locations":[{"start":{"line":149,"column":4},"end":{"line":157,"column":null}}]},"20":{"loc":{"start":{"line":150,"column":6},"end":{"line":156,"column":null}},"type":"if","locations":[{"start":{"line":150,"column":6},"end":{"line":156,"column":null}}]},"21":{"loc":{"start":{"line":159,"column":4},"end":{"line":165,"column":null}},"type":"if","locations":[{"start":{"line":159,"column":4},"end":{"line":165,"column":null}}]},"22":{"loc":{"start":{"line":185,"column":4},"end":{"line":185,"column":64}},"type":"if","locations":[{"start":{"line":185,"column":4},"end":{"line":185,"column":64}}]},"23":{"loc":{"start":{"line":192,"column":6},"end":{"line":192,"column":39}},"type":"if","locations":[{"start":{"line":192,"column":6},"end":{"line":192,"column":39}}]},"24":{"loc":{"start":{"line":196,"column":6},"end":{"line":204,"column":null}},"type":"if","locations":[{"start":{"line":196,"column":6},"end":{"line":204,"column":null}},{"start":{"line":200,"column":13},"end":{"line":204,"column":null}}]},"25":{"loc":{"start":{"line":220,"column":6},"end":{"line":220,"column":49}},"type":"if","locations":[{"start":{"line":220,"column":6},"end":{"line":220,"column":49}}]},"26":{"loc":{"start":{"line":221,"column":6},"end":{"line":221,"column":51}},"type":"if","locations":[{"start":{"line":221,"column":6},"end":{"line":221,"column":51}}]},"27":{"loc":{"start":{"line":239,"column":6},"end":{"line":239,"column":41}},"type":"if","locations":[{"start":{"line":239,"column":6},"end":{"line":239,"column":41}}]},"28":{"loc":{"start":{"line":240,"column":6},"end":{"line":240,"column":43}},"type":"if","locations":[{"start":{"line":240,"column":6},"end":{"line":240,"column":43}}]},"29":{"loc":{"start":{"line":253,"column":6},"end":{"line":253,"column":41}},"type":"if","locations":[{"start":{"line":253,"column":6},"end":{"line":253,"column":41}}]},"30":{"loc":{"start":{"line":254,"column":6},"end":{"line":254,"column":43}},"type":"if","locations":[{"start":{"line":254,"column":6},"end":{"line":254,"column":43}}]},"31":{"loc":{"start":{"line":268,"column":6},"end":{"line":268,"column":41}},"type":"if","locations":[{"start":{"line":268,"column":6},"end":{"line":268,"column":41}}]},"32":{"loc":{"start":{"line":270,"column":6},"end":{"line":270,"column":43}},"type":"if","locations":[{"start":{"line":270,"column":6},"end":{"line":270,"column":43}}]},"33":{"loc":{"start":{"line":282,"column":20},"end":{"line":282,"column":36}},"type":"default-arg","locations":[{"start":{"line":282,"column":27},"end":{"line":282,"column":36}}]},"34":{"loc":{"start":{"line":283,"column":4},"end":{"line":283,"column":30}},"type":"if","locations":[{"start":{"line":283,"column":4},"end":{"line":283,"column":30}}]}},"s":{"0":0,"1":0,"2":0,"3":0,"4":0,"5":0,"6":0,"7":0,"8":0,"9":0,"10":0,"11":0,"12":0,"13":0,"14":0,"15":0,"16":0,"17":0,"18":0,"19":0,"20":0,"21":0,"22":0,"23":0,"24":0,"25":0,"26":0,"27":0,"28":0,"29":0,"30":0,"31":0,"32":0,"33":0,"34":0,"35":0,"36":0,"37":0,"38":0,"39":0,"40":0,"41":0,"42":0,"43":0,"44":0,"45":0,"46":0,"47":0,"48":0,"49":0,"50":0,"51":0,"52":0,"53":0,"54":0,"55":0,"56":0,"57":0,"58":0,"59":0,"60":0,"61":0,"62":0,"63":0,"64":0,"65":0,"66":0,"67":0,"68":0,"69":0,"70":0,"71":0,"72":0,"73":0,"74":0,"75":0,"76":0,"77":0,"78":0,"79":0,"80":0,"81":0,"82":0,"83":0,"84":0,"85":0,"86":0,"87":0,"88":0,"89":0,"90":0,"91":0,"92":0,"93":0,"94":0,"95":0,"96":0,"97":0,"98":0,"99":0,"100":0,"101":0,"102":0,"103":0,"104":0,"105":0,"106":0,"107":0,"108":0,"109":0,"110":0,"111":0,"112":0,"113":0,"114":0,"115":0,"116":0,"117":0,"118":0,"119":0,"120":0,"121":0,"122":0,"123":0,"124":0,"125":0,"126":0,"127":0,"128":0,"129":0,"130":0,"131":0,"132":0,"133":0,"134":0,"135":0,"136":0,"137":0,"138":0,"139":0,"140":0,"141":0,"142":0,"143":0,"144":0,"145":0,"146":0,"147":0,"148":0,"149":0,"150":0,"151":0,"152":0,"153":0,"154":0,"155":0,"156":0,"157":0,"158":0,"159":0,"160":0,"161":0,"162":0,"163":0},"f":{"0":0,"1":0,"2":0,"3":0,"4":0,"5":0,"6":0,"7":0,"8":0,"9":0,"10":0,"11":0,"12":0,"13":0,"14":0,"15":0,"16":0,"17":0,"18":0,"19":0,"20":0,"21":0,"22":0,"23":0,"24":0,"25":0,"26":0,"27":0,"28":0,"29":0,"30":0,"31":0},"b":{"0":[0],"1":[0],"2":[0,0],"3":[0],"4":[0,0],"5":[0],"6":[0],"7":[0],"8":[0,0],"9":[0],"10":[0],"11":[0],"12":[0],"13":[0],"14":[0],"15":[0,0],"16":[0],"17":[0,0],"18":[0],"19":[0],"20":[0],"21":[0],"22":[0],"23":[0],"24":[0,0],"25":[0],"26":[0],"27":[0],"28":[0],"29":[0],"30":[0],"31":[0],"32":[0],"33":[0],"34":[0]}}
,"C:\\algorithm.js\\lib\\utils\\data-structures\\stack.ts": {"path":"C:\\algorithm.js\\lib\\utils\\data-structures\\stack.ts","statementMap":{"0":{"start":{"line":7,"column":4},"end":{"line":7,"column":20}},"1":{"start":{"line":11,"column":4},"end":{"line":11,"column":25}},"2":{"start":{"line":15,"column":4},"end":{"line":15,"column":21}},"3":{"start":{"line":19,"column":4},"end":{"line":19,"column":25}},"4":{"start":{"line":23,"column":4},"end":{"line":23,"column":26}},"5":{"start":{"line":27,"column":4},"end":{"line":27,"column":69}},"6":{"start":{"line":27,"column":39},"end":{"line":27,"column":52}},"7":{"start":{"line":31,"column":4},"end":{"line":31,"column":45}},"8":{"start":{"line":35,"column":4},"end":{"line":35,"column":29}},"9":{"start":{"line":39,"column":4},"end":{"line":39,"column":32}},"10":{"start":{"line":43,"column":4},"end":{"line":43,"column":22}},"11":{"start":{"line":47,"column":9},"end":{"line":47,"column":14}}},"fnMap":{"0":{"name":"(anonymous_0)","decl":{"start":{"line":6,"column":2},"end":{"line":6,"column":null}},"loc":{"start":{"line":6,"column":2},"end":{"line":8,"column":3}}},"1":{"name":"(anonymous_1)","decl":{"start":{"line":10,"column":9},"end":{"line":10,"column":13}},"loc":{"start":{"line":10,"column":22},"end":{"line":12,"column":3}}},"2":{"name":"(anonymous_2)","decl":{"start":{"line":14,"column":9},"end":{"line":14,"column":12}},"loc":{"start":{"line":14,"column":12},"end":{"line":16,"column":3}}},"3":{"name":"(anonymous_3)","decl":{"start":{"line":18,"column":9},"end":{"line":18,"column":14}},"loc":{"start":{"line":18,"column":14},"end":{"line":20,"column":3}}},"4":{"name":"(anonymous_4)","decl":{"start":{"line":22,"column":9},"end":{"line":22,"column":14}},"loc":{"start":{"line":22,"column":14},"end":{"line":24,"column":3}}},"5":{"name":"(anonymous_5)","decl":{"start":{"line":26,"column":9},"end":{"line":26,"column":12}},"loc":{"start":{"line":26,"column":25},"end":{"line":28,"column":3}}},"6":{"name":"(anonymous_6)","decl":{"start":{"line":27,"column":27},"end":{"line":27,"column":28}},"loc":{"start":{"line":27,"column":39},"end":{"line":27,"column":52}}},"7":{"name":"(anonymous_7)","decl":{"start":{"line":30,"column":9},"end":{"line":30,"column":13}},"loc":{"start":{"line":30,"column":13},"end":{"line":32,"column":3}}},"8":{"name":"(anonymous_8)","decl":{"start":{"line":34,"column":9},"end":{"line":34,"column":16}},"loc":{"start":{"line":34,"column":16},"end":{"line":36,"column":3}}},"9":{"name":"(anonymous_9)","decl":{"start":{"line":38,"column":9},"end":{"line":38,"column":16}},"loc":{"start":{"line":38,"column":16},"end":{"line":40,"column":3}}},"10":{"name":"(anonymous_10)","decl":{"start":{"line":42,"column":9},"end":{"line":42,"column":14}},"loc":{"start":{"line":42,"column":14},"end":{"line":44,"column":3}}}},"branchMap":{"0":{"loc":{"start":{"line":27,"column":11},"end":{"line":27,"column":68}},"type":"cond-expr","locations":[{"start":{"line":27,"column":56},"end":{"line":27,"column":60}},{"start":{"line":27,"column":63},"end":{"line":27,"column":68}}]}},"s":{"0":0,"1":0,"2":0,"3":0,"4":0,"5":0,"6":0,"7":0,"8":0,"9":0,"10":0,"11":0},"f":{"0":0,"1":0,"2":0,"3":0,"4":0,"5":0,"6":0,"7":0,"8":0,"9":0,"10":0},"b":{"0":[0,0]}}
,"C:\\algorithm.js\\lib\\utils\\interfaces\\data-structure.enum.ts": {"path":"C:\\algorithm.js\\lib\\utils\\interfaces\\data-structure.enum.ts","statementMap":{"0":{"start":{"line":5,"column":23},"end":{"line":5,"column":28}},"1":{"start":{"line":80,"column":2},"end":{"line":80,"column":7}},"2":{"start":{"line":6,"column":21},"end":{"line":6,"column":25}},"3":{"start":{"line":79,"column":2},"end":{"line":79,"column":5}},"4":{"start":{"line":71,"column":2},"end":{"line":71,"column":16}},"5":{"start":{"line":34,"column":4},"end":{"line":34,"column":27}},"6":{"start":{"line":35,"column":4},"end":{"line":35,"column":21}},"7":{"start":{"line":36,"column":4},"end":{"line":36,"column":22}},"8":{"start":{"line":75,"column":2},"end":{"line":75,"column":12}},"9":{"start":{"line":45,"column":6},"end":{"line":45,"column":21}},"10":{"start":{"line":47,"column":6},"end":{"line":47,"column":21}},"11":{"start":{"line":48,"column":6},"end":{"line":48,"column":25}},"12":{"start":{"line":77,"column":2},"end":{"line":77,"column":14}},"13":{"start":{"line":56,"column":4},"end":{"line":56,"column":19}},"14":{"start":{"line":58,"column":4},"end":{"line":58,"column":19}},"15":{"start":{"line":78,"column":2},"end":{"line":78,"column":11}},"16":{"start":{"line":64,"column":4},"end":{"line":64,"column":19}},"17":{"start":{"line":76,"column":2},"end":{"line":76,"column":10}}},"fnMap":{"0":{"name":"(anonymous_0)","decl":{"start":{"line":33,"column":2},"end":{"line":33,"column":14}},"loc":{"start":{"line":33,"column":26},"end":{"line":37,"column":3}}},"1":{"name":"(anonymous_1)","decl":{"start":{"line":44,"column":4},"end":{"line":44,"column":16}},"loc":{"start":{"line":44,"column":38},"end":{"line":49,"column":5}}},"2":{"name":"(anonymous_2)","decl":{"start":{"line":55,"column":2},"end":{"line":55,"column":14}},"loc":{"start":{"line":55,"column":36},"end":{"line":59,"column":3}}},"3":{"name":"(anonymous_3)","decl":{"start":{"line":63,"column":2},"end":{"line":63,"column":14}},"loc":{"start":{"line":63,"column":26},"end":{"line":65,"column":3}}}},"branchMap":{},"s":{"0":0,"1":0,"2":0,"3":0,"4":0,"5":0,"6":0,"7":0,"8":0,"9":0,"10":0,"11":0,"12":0,"13":0,"14":0,"15":0,"16":0,"17":0},"f":{"0":0,"1":0,"2":0,"3":0},"b":{}}
,"C:\\algorithm.js\\tests\\data-structures\\priority-queue.ts": {"path":"C:\\algorithm.js\\tests\\data-structures\\priority-queue.ts","statementMap":{"0":{"start":{"line":1,"column":0},"end":{"line":1,"column":37}}},"fnMap":{"0":{"name":"(anonymous_0)","decl":{"start":{"line":1,"column":27},"end":{"line":1,"column":30}},"loc":{"start":{"line":1,"column":32},"end":{"line":1,"column":35}}}},"branchMap":{},"s":{"0":0},"f":{"0":0},"b":{}}
}
