{"C:\\algorithm.js\\jest.config.js": {"path":"C:\\algorithm.js\\jest.config.js","statementMap":{"0":{"start":{"line":1,"column":0},"end":{"line":22,"column":2}}},"fnMap":{},"branchMap":{},"s":{"0":0},"f":{},"b":{},"inputSourceMap":null}
,"C:\\algorithm.js\\dist\\index-min-min.js": {"path":"C:\\algorithm.js\\dist\\index-min-min.js","statementMap":{"0":{"start":{"line":1,"column":13},"end":{"line":1,"column":136}},"1":{"start":{"line":1,"column":152},"end":{"line":1,"column":180}},"2":{"start":{"line":1,"column":181},"end":{"line":1,"column":285}},"3":{"start":{"line":1,"column":253},"end":{"line":1,"column":281}},"4":{"start":{"line":1,"column":306},"end":{"line":1,"column":339}},"5":{"start":{"line":1,"column":340},"end":{"line":1,"column":457}},"6":{"start":{"line":1,"column":416},"end":{"line":1,"column":453}},"7":{"start":{"line":1,"column":478},"end":{"line":1,"column":511}},"8":{"start":{"line":1,"column":512},"end":{"line":1,"column":627}},"9":{"start":{"line":1,"column":587},"end":{"line":1,"column":623}}},"fnMap":{"0":{"name":"(anonymous_0)","decl":{"start":{"line":1,"column":242},"end":{"line":1,"column":243}},"loc":{"start":{"line":1,"column":252},"end":{"line":1,"column":282}},"line":1},"1":{"name":"(anonymous_1)","decl":{"start":{"line":1,"column":405},"end":{"line":1,"column":406}},"loc":{"start":{"line":1,"column":415},"end":{"line":1,"column":454}},"line":1},"2":{"name":"(anonymous_2)","decl":{"start":{"line":1,"column":576},"end":{"line":1,"column":577}},"loc":{"start":{"line":1,"column":586},"end":{"line":1,"column":624}},"line":1}},"branchMap":{},"s":{"0":0,"1":0,"2":0,"3":0,"4":0,"5":0,"6":0,"7":0,"8":0,"9":0},"f":{"0":0,"1":0,"2":0},"b":{},"inputSourceMap":null}
,"C:\\algorithm.js\\dist\\index-min.js": {"path":"C:\\algorithm.js\\dist\\index-min.js","statementMap":{"0":{"start":{"line":1,"column":13},"end":{"line":1,"column":136}},"1":{"start":{"line":1,"column":152},"end":{"line":1,"column":180}},"2":{"start":{"line":1,"column":181},"end":{"line":1,"column":285}},"3":{"start":{"line":1,"column":253},"end":{"line":1,"column":281}},"4":{"start":{"line":1,"column":306},"end":{"line":1,"column":339}},"5":{"start":{"line":1,"column":340},"end":{"line":1,"column":457}},"6":{"start":{"line":1,"column":416},"end":{"line":1,"column":453}},"7":{"start":{"line":1,"column":478},"end":{"line":1,"column":511}},"8":{"start":{"line":1,"column":512},"end":{"line":1,"column":627}},"9":{"start":{"line":1,"column":587},"end":{"line":1,"column":623}}},"fnMap":{"0":{"name":"(anonymous_0)","decl":{"start":{"line":1,"column":242},"end":{"line":1,"column":243}},"loc":{"start":{"line":1,"column":252},"end":{"line":1,"column":282}},"line":1},"1":{"name":"(anonymous_1)","decl":{"start":{"line":1,"column":405},"end":{"line":1,"column":406}},"loc":{"start":{"line":1,"column":415},"end":{"line":1,"column":454}},"line":1},"2":{"name":"(anonymous_2)","decl":{"start":{"line":1,"column":576},"end":{"line":1,"column":577}},"loc":{"start":{"line":1,"column":586},"end":{"line":1,"column":624}},"line":1}},"branchMap":{},"s":{"0":0,"1":0,"2":0,"3":0,"4":0,"5":0,"6":0,"7":0,"8":0,"9":0},"f":{"0":0,"1":0,"2":0},"b":{},"inputSourceMap":null}
,"C:\\algorithm.js\\dist\\index.js": {"path":"C:\\algorithm.js\\dist\\index.js","statementMap":{"0":{"start":{"line":2,"column":0},"end":{"line":2,"column":62}},"1":{"start":{"line":3,"column":0},"end":{"line":3,"column":74}},"2":{"start":{"line":4,"column":18},"end":{"line":4,"column":46}},"3":{"start":{"line":5,"column":0},"end":{"line":5,"column":118}},"4":{"start":{"line":5,"column":83},"end":{"line":5,"column":112}},"5":{"start":{"line":6,"column":23},"end":{"line":6,"column":56}},"6":{"start":{"line":7,"column":0},"end":{"line":7,"column":131}},"7":{"start":{"line":7,"column":87},"end":{"line":7,"column":125}},"8":{"start":{"line":8,"column":23},"end":{"line":8,"column":56}},"9":{"start":{"line":9,"column":0},"end":{"line":9,"column":129}},"10":{"start":{"line":9,"column":86},"end":{"line":9,"column":123}}},"fnMap":{"0":{"name":"(anonymous_0)","decl":{"start":{"line":5,"column":69},"end":{"line":5,"column":70}},"loc":{"start":{"line":5,"column":81},"end":{"line":5,"column":114}},"line":5},"1":{"name":"(anonymous_1)","decl":{"start":{"line":7,"column":73},"end":{"line":7,"column":74}},"loc":{"start":{"line":7,"column":85},"end":{"line":7,"column":127}},"line":7},"2":{"name":"(anonymous_2)","decl":{"start":{"line":9,"column":72},"end":{"line":9,"column":73}},"loc":{"start":{"line":9,"column":84},"end":{"line":9,"column":125}},"line":9}},"branchMap":{},"s":{"0":0,"1":0,"2":0,"3":0,"4":0,"5":0,"6":0,"7":0,"8":0,"9":0,"10":0},"f":{"0":0,"1":0,"2":0},"b":{},"inputSourceMap":null}
,"C:\\algorithm.js\\dist\\utils\\algorithm-min.js": {"path":"C:\\algorithm.js\\dist\\utils\\algorithm-min.js","statementMap":{"0":{"start":{"line":1,"column":13},"end":{"line":1,"column":93}},"1":{"start":{"line":1,"column":135},"end":{"line":1,"column":163}}},"fnMap":{"0":{"name":"(anonymous_0)","decl":{"start":{"line":1,"column":109},"end":{"line":1,"column":110}},"loc":{"start":{"line":1,"column":122},"end":{"line":1,"column":124}},"line":1},"1":{"name":"(anonymous_1)","decl":{"start":{"line":1,"column":124},"end":{"line":1,"column":125}},"loc":{"start":{"line":1,"column":132},"end":{"line":1,"column":134}},"line":1}},"branchMap":{},"s":{"0":0,"1":0},"f":{"0":0,"1":0},"b":{},"inputSourceMap":null}
,"C:\\algorithm.js\\dist\\utils\\algorithm.js": {"path":"C:\\algorithm.js\\dist\\utils\\algorithm.js","statementMap":{"0":{"start":{"line":2,"column":0},"end":{"line":2,"column":62}},"1":{"start":{"line":3,"column":0},"end":{"line":3,"column":27}},"2":{"start":{"line":8,"column":0},"end":{"line":8,"column":30}}},"fnMap":{"0":{"name":"(anonymous_0)","decl":{"start":{"line":5,"column":4},"end":{"line":5,"column":5}},"loc":{"start":{"line":5,"column":18},"end":{"line":5,"column":21}},"line":5},"1":{"name":"(anonymous_1)","decl":{"start":{"line":6,"column":4},"end":{"line":6,"column":5}},"loc":{"start":{"line":6,"column":13},"end":{"line":6,"column":16}},"line":6}},"branchMap":{},"s":{"0":0,"1":0,"2":0},"f":{"0":0,"1":0},"b":{},"inputSourceMap":null}
,"C:\\algorithm.js\\dist\\utils\\big-o-notation.js": {"path":"C:\\algorithm.js\\dist\\utils\\big-o-notation.js","statementMap":{"0":{"start":{"line":2,"column":0},"end":{"line":2,"column":62}},"1":{"start":{"line":3,"column":0},"end":{"line":3,"column":30}},"2":{"start":{"line":7,"column":8},"end":{"line":7,"column":55}},"3":{"start":{"line":10,"column":8},"end":{"line":24,"column":46}},"4":{"start":{"line":27,"column":32},"end":{"line":31,"column":5}},"5":{"start":{"line":32,"column":8},"end":{"line":32,"column":31}},"6":{"start":{"line":35,"column":0},"end":{"line":35,"column":36}}},"fnMap":{"0":{"name":"(anonymous_0)","decl":{"start":{"line":5,"column":4},"end":{"line":5,"column":5}},"loc":{"start":{"line":5,"column":18},"end":{"line":5,"column":21}},"line":5},"1":{"name":"(anonymous_1)","decl":{"start":{"line":6,"column":4},"end":{"line":6,"column":5}},"loc":{"start":{"line":6,"column":17},"end":{"line":8,"column":5}},"line":6},"2":{"name":"(anonymous_2)","decl":{"start":{"line":9,"column":4},"end":{"line":9,"column":5}},"loc":{"start":{"line":9,"column":22},"end":{"line":25,"column":5}},"line":9},"3":{"name":"(anonymous_3)","decl":{"start":{"line":26,"column":4},"end":{"line":26,"column":5}},"loc":{"start":{"line":26,"column":26},"end":{"line":33,"column":5}},"line":26}},"branchMap":{"0":{"loc":{"start":{"line":7,"column":15},"end":{"line":7,"column":54}},"type":"cond-expr","locations":[{"start":{"line":7,"column":25},"end":{"line":7,"column":26}},{"start":{"line":7,"column":29},"end":{"line":7,"column":54}}],"line":7},"1":{"loc":{"start":{"line":10,"column":15},"end":{"line":24,"column":45}},"type":"cond-expr","locations":[{"start":{"line":11,"column":14},"end":{"line":11,"column":18}},{"start":{"line":12,"column":14},"end":{"line":24,"column":45}}],"line":10},"2":{"loc":{"start":{"line":12,"column":14},"end":{"line":24,"column":45}},"type":"cond-expr","locations":[{"start":{"line":13,"column":18},"end":{"line":13,"column":27}},{"start":{"line":14,"column":18},"end":{"line":24,"column":45}}],"line":12},"3":{"loc":{"start":{"line":14,"column":18},"end":{"line":24,"column":45}},"type":"cond-expr","locations":[{"start":{"line":15,"column":22},"end":{"line":15,"column":31}},{"start":{"line":16,"column":22},"end":{"line":24,"column":45}}],"line":14},"4":{"loc":{"start":{"line":16,"column":22},"end":{"line":24,"column":45}},"type":"cond-expr","locations":[{"start":{"line":17,"column":26},"end":{"line":17,"column":46}},{"start":{"line":18,"column":26},"end":{"line":24,"column":45}}],"line":16},"5":{"loc":{"start":{"line":18,"column":26},"end":{"line":24,"column":45}},"type":"cond-expr","locations":[{"start":{"line":19,"column":30},"end":{"line":19,"column":44}},{"start":{"line":20,"column":30},"end":{"line":24,"column":45}}],"line":18},"6":{"loc":{"start":{"line":20,"column":30},"end":{"line":24,"column":45}},"type":"cond-expr","locations":[{"start":{"line":21,"column":34},"end":{"line":21,"column":55}},{"start":{"line":22,"column":34},"end":{"line":24,"column":45}}],"line":20},"7":{"loc":{"start":{"line":22,"column":34},"end":{"line":24,"column":45}},"type":"cond-expr","locations":[{"start":{"line":23,"column":38},"end":{"line":23,"column":62}},{"start":{"line":24,"column":38},"end":{"line":24,"column":45}}],"line":22}},"s":{"0":0,"1":0,"2":0,"3":0,"4":0,"5":0,"6":0},"f":{"0":0,"1":0,"2":0,"3":0},"b":{"0":[0,0],"1":[0,0],"2":[0,0],"3":[0,0],"4":[0,0],"5":[0,0],"6":[0,0],"7":[0,0]},"inputSourceMap":null}
,"C:\\algorithm.js\\dist\\utils\\data-structure.js": {"path":"C:\\algorithm.js\\dist\\utils\\data-structure.js","statementMap":{"0":{"start":{"line":2,"column":0},"end":{"line":2,"column":62}},"1":{"start":{"line":3,"column":0},"end":{"line":3,"column":31}},"2":{"start":{"line":4,"column":16},"end":{"line":4,"column":50}},"3":{"start":{"line":5,"column":16},"end":{"line":5,"column":50}},"4":{"start":{"line":10,"column":8},"end":{"line":10,"column":41}},"5":{"start":{"line":11,"column":8},"end":{"line":11,"column":41}},"6":{"start":{"line":14,"column":8},"end":{"line":18,"column":28}},"7":{"start":{"line":21,"column":0},"end":{"line":21,"column":38}}},"fnMap":{"0":{"name":"(anonymous_0)","decl":{"start":{"line":9,"column":4},"end":{"line":9,"column":5}},"loc":{"start":{"line":9,"column":18},"end":{"line":12,"column":5}},"line":9},"1":{"name":"(anonymous_1)","decl":{"start":{"line":13,"column":4},"end":{"line":13,"column":5}},"loc":{"start":{"line":13,"column":17},"end":{"line":19,"column":5}},"line":13}},"branchMap":{"0":{"loc":{"start":{"line":14,"column":15},"end":{"line":18,"column":27}},"type":"cond-expr","locations":[{"start":{"line":15,"column":14},"end":{"line":15,"column":24}},{"start":{"line":16,"column":14},"end":{"line":18,"column":27}}],"line":14},"1":{"loc":{"start":{"line":16,"column":14},"end":{"line":18,"column":27}},"type":"cond-expr","locations":[{"start":{"line":17,"column":18},"end":{"line":17,"column":28}},{"start":{"line":18,"column":18},"end":{"line":18,"column":27}}],"line":16}},"s":{"0":0,"1":0,"2":0,"3":0,"4":0,"5":0,"6":0,"7":0},"f":{"0":0,"1":0},"b":{"0":[0,0],"1":[0,0]},"inputSourceMap":null}
,"C:\\algorithm.js\\dist\\utils\\algorithms\\binary-search.js": {"path":"C:\\algorithm.js\\dist\\utils\\algorithms\\binary-search.js","statementMap":{"0":{"start":{"line":2,"column":0},"end":{"line":2,"column":62}},"1":{"start":{"line":3,"column":0},"end":{"line":3,"column":30}},"2":{"start":{"line":7,"column":8},"end":{"line":7,"column":23}},"3":{"start":{"line":10,"column":20},"end":{"line":10,"column":21}},"4":{"start":{"line":11,"column":18},"end":{"line":11,"column":30}},"5":{"start":{"line":13,"column":20},"end":{"line":13,"column":25}},"6":{"start":{"line":14,"column":23},"end":{"line":14,"column":25}},"7":{"start":{"line":15,"column":8},"end":{"line":23,"column":9}},"8":{"start":{"line":16,"column":12},"end":{"line":16,"column":28}},"9":{"start":{"line":17,"column":12},"end":{"line":17,"column":51}},"10":{"start":{"line":18,"column":12},"end":{"line":22,"column":43}},"11":{"start":{"line":24,"column":8},"end":{"line":24,"column":53}},"12":{"start":{"line":27,"column":0},"end":{"line":27,"column":36}}},"fnMap":{"0":{"name":"(anonymous_0)","decl":{"start":{"line":6,"column":4},"end":{"line":6,"column":5}},"loc":{"start":{"line":6,"column":18},"end":{"line":8,"column":5}},"line":6},"1":{"name":"(anonymous_1)","decl":{"start":{"line":9,"column":4},"end":{"line":9,"column":5}},"loc":{"start":{"line":9,"column":21},"end":{"line":25,"column":5}},"line":9}},"branchMap":{"0":{"loc":{"start":{"line":15,"column":15},"end":{"line":15,"column":46}},"type":"binary-expr","locations":[{"start":{"line":15,"column":15},"end":{"line":15,"column":30}},{"start":{"line":15,"column":34},"end":{"line":15,"column":46}}],"line":15},"1":{"loc":{"start":{"line":18,"column":12},"end":{"line":22,"column":42}},"type":"cond-expr","locations":[{"start":{"line":19,"column":19},"end":{"line":19,"column":64}},{"start":{"line":20,"column":18},"end":{"line":22,"column":42}}],"line":18},"2":{"loc":{"start":{"line":20,"column":18},"end":{"line":22,"column":42}},"type":"cond-expr","locations":[{"start":{"line":21,"column":23},"end":{"line":21,"column":39}},{"start":{"line":22,"column":23},"end":{"line":22,"column":41}}],"line":20}},"s":{"0":0,"1":0,"2":0,"3":0,"4":0,"5":0,"6":0,"7":0,"8":0,"9":0,"10":0,"11":0,"12":0},"f":{"0":0,"1":0},"b":{"0":[0,0],"1":[0,0],"2":[0,0]},"inputSourceMap":null}
,"C:\\algorithm.js\\dist\\utils\\algorithms\\bubble-sort.js": {"path":"C:\\algorithm.js\\dist\\utils\\algorithms\\bubble-sort.js","statementMap":{"0":{"start":{"line":2,"column":0},"end":{"line":2,"column":62}},"1":{"start":{"line":3,"column":0},"end":{"line":3,"column":28}},"2":{"start":{"line":7,"column":8},"end":{"line":7,"column":23}},"3":{"start":{"line":10,"column":8},"end":{"line":19,"column":9}},"4":{"start":{"line":10,"column":21},"end":{"line":10,"column":22}},"5":{"start":{"line":11,"column":12},"end":{"line":18,"column":13}},"6":{"start":{"line":11,"column":25},"end":{"line":11,"column":26}},"7":{"start":{"line":12,"column":16},"end":{"line":16,"column":17}},"8":{"start":{"line":13,"column":31},"end":{"line":13,"column":39}},"9":{"start":{"line":14,"column":20},"end":{"line":14,"column":44}},"10":{"start":{"line":15,"column":20},"end":{"line":15,"column":40}},"11":{"start":{"line":17,"column":16},"end":{"line":17,"column":32}},"12":{"start":{"line":20,"column":8},"end":{"line":20,"column":51}},"13":{"start":{"line":23,"column":0},"end":{"line":23,"column":32}}},"fnMap":{"0":{"name":"(anonymous_0)","decl":{"start":{"line":6,"column":4},"end":{"line":6,"column":5}},"loc":{"start":{"line":6,"column":18},"end":{"line":8,"column":5}},"line":6},"1":{"name":"(anonymous_1)","decl":{"start":{"line":9,"column":4},"end":{"line":9,"column":5}},"loc":{"start":{"line":9,"column":15},"end":{"line":21,"column":5}},"line":9}},"branchMap":{"0":{"loc":{"start":{"line":12,"column":16},"end":{"line":16,"column":17}},"type":"if","locations":[{"start":{"line":12,"column":16},"end":{"line":16,"column":17}},{"start":{},"end":{}}],"line":12}},"s":{"0":0,"1":0,"2":0,"3":0,"4":0,"5":0,"6":0,"7":0,"8":0,"9":0,"10":0,"11":0,"12":0,"13":0},"f":{"0":0,"1":0},"b":{"0":[0,0]},"inputSourceMap":null}
,"C:\\algorithm.js\\dist\\utils\\algorithms\\bucket-sort.js": {"path":"C:\\algorithm.js\\dist\\utils\\algorithms\\bucket-sort.js","statementMap":{"0":{"start":{"line":2,"column":0},"end":{"line":2,"column":62}},"1":{"start":{"line":3,"column":0},"end":{"line":3,"column":28}},"2":{"start":{"line":7,"column":20},"end":{"line":7,"column":36}},"3":{"start":{"line":8,"column":20},"end":{"line":8,"column":36}},"4":{"start":{"line":9,"column":24},"end":{"line":9,"column":98}},"5":{"start":{"line":9,"column":95},"end":{"line":9,"column":97}},"6":{"start":{"line":10,"column":8},"end":{"line":12,"column":11}},"7":{"start":{"line":11,"column":12},"end":{"line":11,"column":68}},"8":{"start":{"line":13,"column":8},"end":{"line":13,"column":84}},"9":{"start":{"line":13,"column":42},"end":{"line":13,"column":78}},"10":{"start":{"line":13,"column":71},"end":{"line":13,"column":76}},"11":{"start":{"line":16,"column":0},"end":{"line":16,"column":32}}},"fnMap":{"0":{"name":"(anonymous_0)","decl":{"start":{"line":5,"column":4},"end":{"line":5,"column":5}},"loc":{"start":{"line":5,"column":18},"end":{"line":5,"column":21}},"line":5},"1":{"name":"(anonymous_1)","decl":{"start":{"line":6,"column":4},"end":{"line":6,"column":5}},"loc":{"start":{"line":6,"column":13},"end":{"line":14,"column":5}},"line":6},"2":{"name":"(anonymous_2)","decl":{"start":{"line":9,"column":89},"end":{"line":9,"column":90}},"loc":{"start":{"line":9,"column":95},"end":{"line":9,"column":97}},"line":9},"3":{"name":"(anonymous_3)","decl":{"start":{"line":10,"column":20},"end":{"line":10,"column":21}},"loc":{"start":{"line":10,"column":29},"end":{"line":12,"column":9}},"line":10},"4":{"name":"(anonymous_4)","decl":{"start":{"line":13,"column":30},"end":{"line":13,"column":31}},"loc":{"start":{"line":13,"column":42},"end":{"line":13,"column":78}},"line":13},"5":{"name":"(anonymous_5)","decl":{"start":{"line":13,"column":61},"end":{"line":13,"column":62}},"loc":{"start":{"line":13,"column":71},"end":{"line":13,"column":76}},"line":13}},"branchMap":{},"s":{"0":0,"1":0,"2":0,"3":0,"4":0,"5":0,"6":0,"7":0,"8":0,"9":0,"10":0,"11":0},"f":{"0":0,"1":0,"2":0,"3":0,"4":0,"5":0},"b":{},"inputSourceMap":null}
,"C:\\algorithm.js\\dist\\utils\\algorithms\\counting-sort.js": {"path":"C:\\algorithm.js\\dist\\utils\\algorithms\\counting-sort.js","statementMap":{"0":{"start":{"line":2,"column":0},"end":{"line":2,"column":62}},"1":{"start":{"line":3,"column":0},"end":{"line":3,"column":30}},"2":{"start":{"line":7,"column":8},"end":{"line":7,"column":23}},"3":{"start":{"line":10,"column":16},"end":{"line":10,"column":17}},"4":{"start":{"line":11,"column":28},"end":{"line":11,"column":30}},"5":{"start":{"line":12,"column":18},"end":{"line":12,"column":34}},"6":{"start":{"line":13,"column":18},"end":{"line":13,"column":34}},"7":{"start":{"line":14,"column":8},"end":{"line":16,"column":9}},"8":{"start":{"line":14,"column":21},"end":{"line":14,"column":24}},"9":{"start":{"line":15,"column":12},"end":{"line":15,"column":33}},"10":{"start":{"line":17,"column":8},"end":{"line":19,"column":9}},"11":{"start":{"line":17,"column":21},"end":{"line":17,"column":22}},"12":{"start":{"line":18,"column":12},"end":{"line":18,"column":39}},"13":{"start":{"line":20,"column":8},"end":{"line":26,"column":9}},"14":{"start":{"line":20,"column":21},"end":{"line":20,"column":24}},"15":{"start":{"line":21,"column":12},"end":{"line":21,"column":28}},"16":{"start":{"line":22,"column":12},"end":{"line":25,"column":13}},"17":{"start":{"line":23,"column":16},"end":{"line":23,"column":29}},"18":{"start":{"line":24,"column":16},"end":{"line":24,"column":38}},"19":{"start":{"line":27,"column":8},"end":{"line":27,"column":49}},"20":{"start":{"line":30,"column":0},"end":{"line":30,"column":36}}},"fnMap":{"0":{"name":"(anonymous_0)","decl":{"start":{"line":6,"column":4},"end":{"line":6,"column":5}},"loc":{"start":{"line":6,"column":18},"end":{"line":8,"column":5}},"line":6},"1":{"name":"(anonymous_1)","decl":{"start":{"line":9,"column":4},"end":{"line":9,"column":5}},"loc":{"start":{"line":9,"column":13},"end":{"line":28,"column":5}},"line":9}},"branchMap":{},"s":{"0":0,"1":0,"2":0,"3":0,"4":0,"5":0,"6":0,"7":0,"8":0,"9":0,"10":0,"11":0,"12":0,"13":0,"14":0,"15":0,"16":0,"17":0,"18":0,"19":0,"20":0},"f":{"0":0,"1":0},"b":{},"inputSourceMap":null}
,"C:\\algorithm.js\\dist\\utils\\algorithms\\cycle-sort.js": {"path":"C:\\algorithm.js\\dist\\utils\\algorithms\\cycle-sort.js","statementMap":{"0":{"start":{"line":2,"column":0},"end":{"line":2,"column":62}},"1":{"start":{"line":3,"column":0},"end":{"line":3,"column":27}},"2":{"start":{"line":7,"column":8},"end":{"line":7,"column":23}},"3":{"start":{"line":10,"column":8},"end":{"line":37,"column":9}},"4":{"start":{"line":10,"column":32},"end":{"line":10,"column":33}},"5":{"start":{"line":11,"column":23},"end":{"line":11,"column":42}},"6":{"start":{"line":12,"column":35},"end":{"line":12,"column":47}},"7":{"start":{"line":13,"column":12},"end":{"line":16,"column":13}},"8":{"start":{"line":13,"column":25},"end":{"line":13,"column":41}},"9":{"start":{"line":14,"column":16},"end":{"line":15,"column":39}},"10":{"start":{"line":15,"column":20},"end":{"line":15,"column":39}},"11":{"start":{"line":17,"column":12},"end":{"line":18,"column":25}},"12":{"start":{"line":18,"column":16},"end":{"line":18,"column":25}},"13":{"start":{"line":19,"column":12},"end":{"line":21,"column":13}},"14":{"start":{"line":20,"column":16},"end":{"line":20,"column":35}},"15":{"start":{"line":22,"column":23},"end":{"line":22,"column":46}},"16":{"start":{"line":23,"column":12},"end":{"line":23,"column":43}},"17":{"start":{"line":24,"column":12},"end":{"line":24,"column":24}},"18":{"start":{"line":25,"column":12},"end":{"line":36,"column":13}},"19":{"start":{"line":26,"column":16},"end":{"line":26,"column":48}},"20":{"start":{"line":27,"column":16},"end":{"line":30,"column":17}},"21":{"start":{"line":27,"column":29},"end":{"line":27,"column":45}},"22":{"start":{"line":28,"column":20},"end":{"line":29,"column":43}},"23":{"start":{"line":29,"column":24},"end":{"line":29,"column":43}},"24":{"start":{"line":31,"column":16},"end":{"line":32,"column":39}},"25":{"start":{"line":32,"column":20},"end":{"line":32,"column":39}},"26":{"start":{"line":33,"column":16},"end":{"line":33,"column":47}},"27":{"start":{"line":34,"column":16},"end":{"line":34,"column":47}},"28":{"start":{"line":35,"column":16},"end":{"line":35,"column":28}},"29":{"start":{"line":38,"column":8},"end":{"line":38,"column":44}},"30":{"start":{"line":41,"column":0},"end":{"line":41,"column":30}}},"fnMap":{"0":{"name":"(anonymous_0)","decl":{"start":{"line":6,"column":4},"end":{"line":6,"column":5}},"loc":{"start":{"line":6,"column":18},"end":{"line":8,"column":5}},"line":6},"1":{"name":"(anonymous_1)","decl":{"start":{"line":9,"column":4},"end":{"line":9,"column":5}},"loc":{"start":{"line":9,"column":15},"end":{"line":39,"column":5}},"line":9}},"branchMap":{"0":{"loc":{"start":{"line":14,"column":16},"end":{"line":15,"column":39}},"type":"if","locations":[{"start":{"line":14,"column":16},"end":{"line":15,"column":39}},{"start":{},"end":{}}],"line":14},"1":{"loc":{"start":{"line":17,"column":12},"end":{"line":18,"column":25}},"type":"if","locations":[{"start":{"line":17,"column":12},"end":{"line":18,"column":25}},{"start":{},"end":{}}],"line":17},"2":{"loc":{"start":{"line":28,"column":20},"end":{"line":29,"column":43}},"type":"if","locations":[{"start":{"line":28,"column":20},"end":{"line":29,"column":43}},{"start":{},"end":{}}],"line":28}},"s":{"0":0,"1":0,"2":0,"3":0,"4":0,"5":0,"6":0,"7":0,"8":0,"9":0,"10":0,"11":0,"12":0,"13":0,"14":0,"15":0,"16":0,"17":0,"18":0,"19":0,"20":0,"21":0,"22":0,"23":0,"24":0,"25":0,"26":0,"27":0,"28":0,"29":0,"30":0},"f":{"0":0,"1":0},"b":{"0":[0,0],"1":[0,0],"2":[0,0]},"inputSourceMap":null}
,"C:\\algorithm.js\\dist\\utils\\algorithms\\dijstras-algorithm.js": {"path":"C:\\algorithm.js\\dist\\utils\\algorithms\\dijstras-algorithm.js","statementMap":{"0":{"start":{"line":2,"column":0},"end":{"line":2,"column":62}},"1":{"start":{"line":3,"column":0},"end":{"line":3,"column":35}},"2":{"start":{"line":8,"column":0},"end":{"line":8,"column":46}},"3":{"start":{"line":9,"column":17},"end":{"line":9,"column":40}}},"fnMap":{"0":{"name":"(anonymous_0)","decl":{"start":{"line":5,"column":4},"end":{"line":5,"column":5}},"loc":{"start":{"line":5,"column":18},"end":{"line":5,"column":21}},"line":5},"1":{"name":"(anonymous_1)","decl":{"start":{"line":6,"column":4},"end":{"line":6,"column":5}},"loc":{"start":{"line":6,"column":15},"end":{"line":6,"column":18}},"line":6}},"branchMap":{},"s":{"0":0,"1":0,"2":0,"3":0},"f":{"0":0,"1":0},"b":{},"inputSourceMap":null}
,"C:\\algorithm.js\\dist\\utils\\algorithms\\fibonacci.js": {"path":"C:\\algorithm.js\\dist\\utils\\algorithms\\fibonacci.js","statementMap":{"0":{"start":{"line":2,"column":0},"end":{"line":2,"column":62}},"1":{"start":{"line":3,"column":0},"end":{"line":3,"column":27}},"2":{"start":{"line":7,"column":8},"end":{"line":7,"column":70}},"3":{"start":{"line":10,"column":0},"end":{"line":10,"column":30}}},"fnMap":{"0":{"name":"(anonymous_0)","decl":{"start":{"line":5,"column":4},"end":{"line":5,"column":5}},"loc":{"start":{"line":5,"column":18},"end":{"line":5,"column":21}},"line":5},"1":{"name":"(anonymous_1)","decl":{"start":{"line":6,"column":4},"end":{"line":6,"column":5}},"loc":{"start":{"line":6,"column":13},"end":{"line":8,"column":5}},"line":6}},"branchMap":{"0":{"loc":{"start":{"line":7,"column":15},"end":{"line":7,"column":69}},"type":"cond-expr","locations":[{"start":{"line":7,"column":26},"end":{"line":7,"column":29}},{"start":{"line":7,"column":32},"end":{"line":7,"column":69}}],"line":7}},"s":{"0":0,"1":0,"2":0,"3":0},"f":{"0":0,"1":0},"b":{"0":[0,0]},"inputSourceMap":null}
,"C:\\algorithm.js\\dist\\utils\\algorithms\\fourier-transform.js": {"path":"C:\\algorithm.js\\dist\\utils\\algorithms\\fourier-transform.js","statementMap":{"0":{"start":{"line":2,"column":0},"end":{"line":2,"column":62}},"1":{"start":{"line":3,"column":0},"end":{"line":3,"column":34}},"2":{"start":{"line":8,"column":0},"end":{"line":8,"column":44}},"3":{"start":{"line":9,"column":25},"end":{"line":9,"column":47}}},"fnMap":{"0":{"name":"(anonymous_0)","decl":{"start":{"line":5,"column":4},"end":{"line":5,"column":5}},"loc":{"start":{"line":5,"column":18},"end":{"line":5,"column":21}},"line":5},"1":{"name":"(anonymous_1)","decl":{"start":{"line":6,"column":4},"end":{"line":6,"column":5}},"loc":{"start":{"line":6,"column":15},"end":{"line":6,"column":18}},"line":6}},"branchMap":{},"s":{"0":0,"1":0,"2":0,"3":0},"f":{"0":0,"1":0},"b":{},"inputSourceMap":null}
,"C:\\algorithm.js\\dist\\utils\\algorithms\\heap-sort.js": {"path":"C:\\algorithm.js\\dist\\utils\\algorithms\\heap-sort.js","statementMap":{"0":{"start":{"line":2,"column":0},"end":{"line":2,"column":62}},"1":{"start":{"line":3,"column":0},"end":{"line":3,"column":26}},"2":{"start":{"line":7,"column":8},"end":{"line":7,"column":23}},"3":{"start":{"line":10,"column":18},"end":{"line":10,"column":19}},"4":{"start":{"line":11,"column":19},"end":{"line":11,"column":28}},"5":{"start":{"line":12,"column":20},"end":{"line":12,"column":29}},"6":{"start":{"line":13,"column":8},"end":{"line":14,"column":23}},"7":{"start":{"line":14,"column":12},"end":{"line":14,"column":23}},"8":{"start":{"line":15,"column":8},"end":{"line":16,"column":24}},"9":{"start":{"line":16,"column":12},"end":{"line":16,"column":24}},"10":{"start":{"line":17,"column":8},"end":{"line":22,"column":9}},"11":{"start":{"line":18,"column":23},"end":{"line":18,"column":31}},"12":{"start":{"line":19,"column":12},"end":{"line":19,"column":34}},"13":{"start":{"line":20,"column":12},"end":{"line":20,"column":30}},"14":{"start":{"line":21,"column":12},"end":{"line":21,"column":43}},"15":{"start":{"line":25,"column":19},"end":{"line":25,"column":31}},"16":{"start":{"line":26,"column":8},"end":{"line":28,"column":9}},"17":{"start":{"line":26,"column":21},"end":{"line":26,"column":45}},"18":{"start":{"line":27,"column":12},"end":{"line":27,"column":41}},"19":{"start":{"line":29,"column":8},"end":{"line":34,"column":9}},"20":{"start":{"line":29,"column":21},"end":{"line":29,"column":29}},"21":{"start":{"line":30,"column":23},"end":{"line":30,"column":31}},"22":{"start":{"line":31,"column":12},"end":{"line":31,"column":32}},"23":{"start":{"line":32,"column":12},"end":{"line":32,"column":28}},"24":{"start":{"line":33,"column":12},"end":{"line":33,"column":38}},"25":{"start":{"line":35,"column":8},"end":{"line":35,"column":44}},"26":{"start":{"line":38,"column":0},"end":{"line":38,"column":28}}},"fnMap":{"0":{"name":"(anonymous_0)","decl":{"start":{"line":6,"column":4},"end":{"line":6,"column":5}},"loc":{"start":{"line":6,"column":18},"end":{"line":8,"column":5}},"line":6},"1":{"name":"(anonymous_1)","decl":{"start":{"line":9,"column":4},"end":{"line":9,"column":5}},"loc":{"start":{"line":9,"column":28},"end":{"line":23,"column":5}},"line":9},"2":{"name":"(anonymous_2)","decl":{"start":{"line":24,"column":4},"end":{"line":24,"column":5}},"loc":{"start":{"line":24,"column":15},"end":{"line":36,"column":5}},"line":24}},"branchMap":{"0":{"loc":{"start":{"line":13,"column":8},"end":{"line":14,"column":23}},"type":"if","locations":[{"start":{"line":13,"column":8},"end":{"line":14,"column":23}},{"start":{},"end":{}}],"line":13},"1":{"loc":{"start":{"line":13,"column":12},"end":{"line":13,"column":51}},"type":"binary-expr","locations":[{"start":{"line":13,"column":12},"end":{"line":13,"column":23}},{"start":{"line":13,"column":27},"end":{"line":13,"column":51}}],"line":13},"2":{"loc":{"start":{"line":15,"column":8},"end":{"line":16,"column":24}},"type":"if","locations":[{"start":{"line":15,"column":8},"end":{"line":16,"column":24}},{"start":{},"end":{}}],"line":15},"3":{"loc":{"start":{"line":15,"column":12},"end":{"line":15,"column":53}},"type":"binary-expr","locations":[{"start":{"line":15,"column":12},"end":{"line":15,"column":24}},{"start":{"line":15,"column":28},"end":{"line":15,"column":53}}],"line":15},"4":{"loc":{"start":{"line":17,"column":8},"end":{"line":22,"column":9}},"type":"if","locations":[{"start":{"line":17,"column":8},"end":{"line":22,"column":9}},{"start":{},"end":{}}],"line":17}},"s":{"0":0,"1":0,"2":0,"3":0,"4":0,"5":0,"6":0,"7":0,"8":0,"9":0,"10":0,"11":0,"12":0,"13":0,"14":0,"15":0,"16":0,"17":0,"18":0,"19":0,"20":0,"21":0,"22":0,"23":0,"24":0,"25":0,"26":0},"f":{"0":0,"1":0,"2":0},"b":{"0":[0,0],"1":[0,0],"2":[0,0],"3":[0,0],"4":[0,0]},"inputSourceMap":null}
,"C:\\algorithm.js\\dist\\utils\\algorithms\\insertion-sort.js": {"path":"C:\\algorithm.js\\dist\\utils\\algorithms\\insertion-sort.js","statementMap":{"0":{"start":{"line":2,"column":0},"end":{"line":2,"column":62}},"1":{"start":{"line":3,"column":0},"end":{"line":3,"column":31}},"2":{"start":{"line":7,"column":8},"end":{"line":7,"column":23}},"3":{"start":{"line":10,"column":16},"end":{"line":10,"column":28}},"4":{"start":{"line":11,"column":8},"end":{"line":19,"column":9}},"5":{"start":{"line":11,"column":21},"end":{"line":11,"column":22}},"6":{"start":{"line":12,"column":26},"end":{"line":12,"column":34}},"7":{"start":{"line":13,"column":20},"end":{"line":13,"column":25}},"8":{"start":{"line":14,"column":12},"end":{"line":17,"column":13}},"9":{"start":{"line":15,"column":16},"end":{"line":15,"column":40}},"10":{"start":{"line":16,"column":16},"end":{"line":16,"column":20}},"11":{"start":{"line":18,"column":12},"end":{"line":18,"column":35}},"12":{"start":{"line":20,"column":8},"end":{"line":20,"column":44}},"13":{"start":{"line":23,"column":0},"end":{"line":23,"column":38}}},"fnMap":{"0":{"name":"(anonymous_0)","decl":{"start":{"line":6,"column":4},"end":{"line":6,"column":5}},"loc":{"start":{"line":6,"column":18},"end":{"line":8,"column":5}},"line":6},"1":{"name":"(anonymous_1)","decl":{"start":{"line":9,"column":4},"end":{"line":9,"column":5}},"loc":{"start":{"line":9,"column":15},"end":{"line":21,"column":5}},"line":9}},"branchMap":{"0":{"loc":{"start":{"line":14,"column":19},"end":{"line":14,"column":47}},"type":"binary-expr","locations":[{"start":{"line":14,"column":19},"end":{"line":14,"column":25}},{"start":{"line":14,"column":29},"end":{"line":14,"column":47}}],"line":14}},"s":{"0":0,"1":0,"2":0,"3":0,"4":0,"5":0,"6":0,"7":0,"8":0,"9":0,"10":0,"11":0,"12":0,"13":0},"f":{"0":0,"1":0},"b":{"0":[0,0]},"inputSourceMap":null}
,"C:\\algorithm.js\\dist\\utils\\algorithms\\linear-search.js": {"path":"C:\\algorithm.js\\dist\\utils\\algorithms\\linear-search.js","statementMap":{"0":{"start":{"line":2,"column":0},"end":{"line":2,"column":62}},"1":{"start":{"line":3,"column":0},"end":{"line":3,"column":30}},"2":{"start":{"line":7,"column":8},"end":{"line":7,"column":23}},"3":{"start":{"line":10,"column":8},"end":{"line":14,"column":9}},"4":{"start":{"line":10,"column":21},"end":{"line":10,"column":22}},"5":{"start":{"line":11,"column":12},"end":{"line":11,"column":28}},"6":{"start":{"line":12,"column":12},"end":{"line":13,"column":54}},"7":{"start":{"line":13,"column":16},"end":{"line":13,"column":54}},"8":{"start":{"line":15,"column":8},"end":{"line":15,"column":15}},"9":{"start":{"line":18,"column":0},"end":{"line":18,"column":36}}},"fnMap":{"0":{"name":"(anonymous_0)","decl":{"start":{"line":6,"column":4},"end":{"line":6,"column":5}},"loc":{"start":{"line":6,"column":18},"end":{"line":8,"column":5}},"line":6},"1":{"name":"(anonymous_1)","decl":{"start":{"line":9,"column":4},"end":{"line":9,"column":5}},"loc":{"start":{"line":9,"column":21},"end":{"line":16,"column":5}},"line":9}},"branchMap":{"0":{"loc":{"start":{"line":12,"column":12},"end":{"line":13,"column":54}},"type":"if","locations":[{"start":{"line":12,"column":12},"end":{"line":13,"column":54}},{"start":{},"end":{}}],"line":12}},"s":{"0":0,"1":0,"2":0,"3":0,"4":0,"5":0,"6":0,"7":0,"8":0,"9":0},"f":{"0":0,"1":0},"b":{"0":[0,0]},"inputSourceMap":null}
,"C:\\algorithm.js\\dist\\utils\\algorithms\\merge-sort.js": {"path":"C:\\algorithm.js\\dist\\utils\\algorithms\\merge-sort.js","statementMap":{"0":{"start":{"line":2,"column":0},"end":{"line":2,"column":62}},"1":{"start":{"line":3,"column":0},"end":{"line":3,"column":27}},"2":{"start":{"line":7,"column":8},"end":{"line":7,"column":23}},"3":{"start":{"line":10,"column":21},"end":{"line":10,"column":37}},"4":{"start":{"line":11,"column":8},"end":{"line":13,"column":9}},"5":{"start":{"line":12,"column":12},"end":{"line":12,"column":25}},"6":{"start":{"line":14,"column":21},"end":{"line":14,"column":42}},"7":{"start":{"line":15,"column":8},"end":{"line":15,"column":59}},"8":{"start":{"line":18,"column":28},"end":{"line":18,"column":30}},"9":{"start":{"line":19,"column":8},"end":{"line":23,"column":9}},"10":{"start":{"line":20,"column":12},"end":{"line":22,"column":51}},"11":{"start":{"line":24,"column":8},"end":{"line":24,"column":53}},"12":{"start":{"line":27,"column":0},"end":{"line":27,"column":30}}},"fnMap":{"0":{"name":"(anonymous_0)","decl":{"start":{"line":6,"column":4},"end":{"line":6,"column":5}},"loc":{"start":{"line":6,"column":18},"end":{"line":8,"column":5}},"line":6},"1":{"name":"(anonymous_1)","decl":{"start":{"line":9,"column":4},"end":{"line":9,"column":5}},"loc":{"start":{"line":9,"column":15},"end":{"line":16,"column":5}},"line":9},"2":{"name":"(anonymous_2)","decl":{"start":{"line":17,"column":4},"end":{"line":17,"column":5}},"loc":{"start":{"line":17,"column":25},"end":{"line":25,"column":5}},"line":17}},"branchMap":{"0":{"loc":{"start":{"line":11,"column":8},"end":{"line":13,"column":9}},"type":"if","locations":[{"start":{"line":11,"column":8},"end":{"line":13,"column":9}},{"start":{},"end":{}}],"line":11},"1":{"loc":{"start":{"line":19,"column":15},"end":{"line":19,"column":44}},"type":"binary-expr","locations":[{"start":{"line":19,"column":15},"end":{"line":19,"column":27}},{"start":{"line":19,"column":31},"end":{"line":19,"column":44}}],"line":19},"2":{"loc":{"start":{"line":20,"column":12},"end":{"line":22,"column":50}},"type":"cond-expr","locations":[{"start":{"line":21,"column":18},"end":{"line":21,"column":49}},{"start":{"line":22,"column":18},"end":{"line":22,"column":50}}],"line":20}},"s":{"0":0,"1":0,"2":0,"3":0,"4":0,"5":0,"6":0,"7":0,"8":0,"9":0,"10":0,"11":0,"12":0},"f":{"0":0,"1":0,"2":0},"b":{"0":[0,0],"1":[0,0],"2":[0,0]},"inputSourceMap":null}
,"C:\\algorithm.js\\dist\\utils\\algorithms\\patience-sort.js": {"path":"C:\\algorithm.js\\dist\\utils\\algorithms\\patience-sort.js","statementMap":{"0":{"start":{"line":2,"column":0},"end":{"line":2,"column":62}},"1":{"start":{"line":3,"column":0},"end":{"line":3,"column":30}},"2":{"start":{"line":7,"column":8},"end":{"line":7,"column":23}},"3":{"start":{"line":10,"column":20},"end":{"line":10,"column":22}},"4":{"start":{"line":11,"column":30},"end":{"line":11,"column":32}},"5":{"start":{"line":12,"column":8},"end":{"line":33,"column":9}},"6":{"start":{"line":12,"column":21},"end":{"line":12,"column":22}},"7":{"start":{"line":13,"column":12},"end":{"line":32,"column":13}},"8":{"start":{"line":14,"column":27},"end":{"line":14,"column":29}},"9":{"start":{"line":15,"column":16},"end":{"line":15,"column":34}},"10":{"start":{"line":16,"column":16},"end":{"line":16,"column":33}},"11":{"start":{"line":19,"column":27},"end":{"line":19,"column":28}},"12":{"start":{"line":20,"column":16},"end":{"line":26,"column":17}},"13":{"start":{"line":20,"column":29},"end":{"line":20,"column":30}},"14":{"start":{"line":21,"column":20},"end":{"line":25,"column":21}},"15":{"start":{"line":22,"column":24},"end":{"line":22,"column":46}},"16":{"start":{"line":23,"column":24},"end":{"line":23,"column":33}},"17":{"start":{"line":24,"column":24},"end":{"line":24,"column":30}},"18":{"start":{"line":27,"column":16},"end":{"line":31,"column":17}},"19":{"start":{"line":28,"column":31},"end":{"line":28,"column":33}},"20":{"start":{"line":29,"column":20},"end":{"line":29,"column":38}},"21":{"start":{"line":30,"column":20},"end":{"line":30,"column":37}},"22":{"start":{"line":34,"column":8},"end":{"line":34,"column":50}},"23":{"start":{"line":35,"column":8},"end":{"line":35,"column":61}},"24":{"start":{"line":38,"column":20},"end":{"line":38,"column":22}},"25":{"start":{"line":39,"column":8},"end":{"line":55,"column":9}},"26":{"start":{"line":40,"column":23},"end":{"line":40,"column":46}},"27":{"start":{"line":41,"column":24},"end":{"line":41,"column":26}},"28":{"start":{"line":42,"column":12},"end":{"line":47,"column":13}},"29":{"start":{"line":42,"column":25},"end":{"line":42,"column":26}},"30":{"start":{"line":43,"column":16},"end":{"line":46,"column":17}},"31":{"start":{"line":44,"column":20},"end":{"line":44,"column":49}},"32":{"start":{"line":45,"column":20},"end":{"line":45,"column":30}},"33":{"start":{"line":48,"column":12},"end":{"line":48,"column":29}},"34":{"start":{"line":49,"column":12},"end":{"line":49,"column":27}},"35":{"start":{"line":50,"column":12},"end":{"line":52,"column":13}},"36":{"start":{"line":51,"column":16},"end":{"line":51,"column":35}},"37":{"start":{"line":53,"column":12},"end":{"line":54,"column":22}},"38":{"start":{"line":54,"column":16},"end":{"line":54,"column":22}},"39":{"start":{"line":56,"column":8},"end":{"line":56,"column":21}},"40":{"start":{"line":59,"column":0},"end":{"line":59,"column":36}}},"fnMap":{"0":{"name":"(anonymous_0)","decl":{"start":{"line":6,"column":4},"end":{"line":6,"column":5}},"loc":{"start":{"line":6,"column":18},"end":{"line":8,"column":5}},"line":6},"1":{"name":"(anonymous_1)","decl":{"start":{"line":9,"column":4},"end":{"line":9,"column":5}},"loc":{"start":{"line":9,"column":13},"end":{"line":36,"column":5}},"line":9},"2":{"name":"(anonymous_2)","decl":{"start":{"line":37,"column":4},"end":{"line":37,"column":5}},"loc":{"start":{"line":37,"column":19},"end":{"line":57,"column":5}},"line":37}},"branchMap":{"0":{"loc":{"start":{"line":13,"column":12},"end":{"line":32,"column":13}},"type":"if","locations":[{"start":{"line":13,"column":12},"end":{"line":32,"column":13}},{"start":{"line":18,"column":17},"end":{"line":32,"column":13}}],"line":13},"1":{"loc":{"start":{"line":21,"column":20},"end":{"line":25,"column":21}},"type":"if","locations":[{"start":{"line":21,"column":20},"end":{"line":25,"column":21}},{"start":{},"end":{}}],"line":21},"2":{"loc":{"start":{"line":27,"column":16},"end":{"line":31,"column":17}},"type":"if","locations":[{"start":{"line":27,"column":16},"end":{"line":31,"column":17}},{"start":{},"end":{}}],"line":27},"3":{"loc":{"start":{"line":43,"column":16},"end":{"line":46,"column":17}},"type":"if","locations":[{"start":{"line":43,"column":16},"end":{"line":46,"column":17}},{"start":{},"end":{}}],"line":43},"4":{"loc":{"start":{"line":50,"column":12},"end":{"line":52,"column":13}},"type":"if","locations":[{"start":{"line":50,"column":12},"end":{"line":52,"column":13}},{"start":{},"end":{}}],"line":50},"5":{"loc":{"start":{"line":53,"column":12},"end":{"line":54,"column":22}},"type":"if","locations":[{"start":{"line":53,"column":12},"end":{"line":54,"column":22}},{"start":{},"end":{}}],"line":53}},"s":{"0":0,"1":0,"2":0,"3":0,"4":0,"5":0,"6":0,"7":0,"8":0,"9":0,"10":0,"11":0,"12":0,"13":0,"14":0,"15":0,"16":0,"17":0,"18":0,"19":0,"20":0,"21":0,"22":0,"23":0,"24":0,"25":0,"26":0,"27":0,"28":0,"29":0,"30":0,"31":0,"32":0,"33":0,"34":0,"35":0,"36":0,"37":0,"38":0,"39":0,"40":0},"f":{"0":0,"1":0,"2":0},"b":{"0":[0,0],"1":[0,0],"2":[0,0],"3":[0,0],"4":[0,0],"5":[0,0]},"inputSourceMap":null}
,"C:\\algorithm.js\\dist\\utils\\algorithms\\quick-sort.js": {"path":"C:\\algorithm.js\\dist\\utils\\algorithms\\quick-sort.js","statementMap":{"0":{"start":{"line":2,"column":0},"end":{"line":2,"column":62}},"1":{"start":{"line":3,"column":0},"end":{"line":3,"column":27}},"2":{"start":{"line":7,"column":8},"end":{"line":7,"column":23}},"3":{"start":{"line":10,"column":26},"end":{"line":10,"column":42}},"4":{"start":{"line":11,"column":21},"end":{"line":11,"column":39}},"5":{"start":{"line":12,"column":19},"end":{"line":12,"column":21}},"6":{"start":{"line":13,"column":22},"end":{"line":13,"column":24}},"7":{"start":{"line":14,"column":8},"end":{"line":16,"column":9}},"8":{"start":{"line":15,"column":12},"end":{"line":15,"column":25}},"9":{"start":{"line":17,"column":8},"end":{"line":22,"column":9}},"10":{"start":{"line":17,"column":21},"end":{"line":17,"column":22}},"11":{"start":{"line":18,"column":12},"end":{"line":18,"column":28}},"12":{"start":{"line":19,"column":12},"end":{"line":20,"column":25}},"13":{"start":{"line":20,"column":16},"end":{"line":20,"column":25}},"14":{"start":{"line":21,"column":12},"end":{"line":21,"column":77}},"15":{"start":{"line":23,"column":8},"end":{"line":26,"column":10}},"16":{"start":{"line":29,"column":0},"end":{"line":29,"column":30}}},"fnMap":{"0":{"name":"(anonymous_0)","decl":{"start":{"line":6,"column":4},"end":{"line":6,"column":5}},"loc":{"start":{"line":6,"column":18},"end":{"line":8,"column":5}},"line":6},"1":{"name":"(anonymous_1)","decl":{"start":{"line":9,"column":4},"end":{"line":9,"column":5}},"loc":{"start":{"line":9,"column":15},"end":{"line":27,"column":5}},"line":9}},"branchMap":{"0":{"loc":{"start":{"line":14,"column":8},"end":{"line":16,"column":9}},"type":"if","locations":[{"start":{"line":14,"column":8},"end":{"line":16,"column":9}},{"start":{},"end":{}}],"line":14},"1":{"loc":{"start":{"line":19,"column":12},"end":{"line":20,"column":25}},"type":"if","locations":[{"start":{"line":19,"column":12},"end":{"line":20,"column":25}},{"start":{},"end":{}}],"line":19},"2":{"loc":{"start":{"line":21,"column":12},"end":{"line":21,"column":76}},"type":"cond-expr","locations":[{"start":{"line":21,"column":32},"end":{"line":21,"column":51}},{"start":{"line":21,"column":54},"end":{"line":21,"column":76}}],"line":21}},"s":{"0":0,"1":0,"2":0,"3":0,"4":0,"5":0,"6":0,"7":0,"8":0,"9":0,"10":0,"11":0,"12":0,"13":0,"14":0,"15":0,"16":0},"f":{"0":0,"1":0},"b":{"0":[0,0],"1":[0,0],"2":[0,0]},"inputSourceMap":null}
,"C:\\algorithm.js\\dist\\utils\\algorithms\\radix-sort.js": {"path":"C:\\algorithm.js\\dist\\utils\\algorithms\\radix-sort.js","statementMap":{"0":{"start":{"line":2,"column":0},"end":{"line":2,"column":62}},"1":{"start":{"line":3,"column":0},"end":{"line":3,"column":27}},"2":{"start":{"line":7,"column":8},"end":{"line":7,"column":23}},"3":{"start":{"line":10,"column":23},"end":{"line":10,"column":44}},"4":{"start":{"line":11,"column":22},"end":{"line":11,"column":24}},"5":{"start":{"line":12,"column":8},"end":{"line":20,"column":9}},"6":{"start":{"line":13,"column":26},"end":{"line":13,"column":54}},"7":{"start":{"line":13,"column":51},"end":{"line":13,"column":53}},"8":{"start":{"line":14,"column":12},"end":{"line":17,"column":13}},"9":{"start":{"line":15,"column":16},"end":{"line":15,"column":29}},"10":{"start":{"line":16,"column":16},"end":{"line":16,"column":81}},"11":{"start":{"line":18,"column":12},"end":{"line":18,"column":47}},"12":{"start":{"line":19,"column":12},"end":{"line":19,"column":26}},"13":{"start":{"line":21,"column":8},"end":{"line":21,"column":49}},"14":{"start":{"line":24,"column":0},"end":{"line":24,"column":30}}},"fnMap":{"0":{"name":"(anonymous_0)","decl":{"start":{"line":6,"column":4},"end":{"line":6,"column":5}},"loc":{"start":{"line":6,"column":18},"end":{"line":8,"column":5}},"line":6},"1":{"name":"(anonymous_1)","decl":{"start":{"line":9,"column":4},"end":{"line":9,"column":5}},"loc":{"start":{"line":9,"column":13},"end":{"line":22,"column":5}},"line":9},"2":{"name":"(anonymous_2)","decl":{"start":{"line":13,"column":45},"end":{"line":13,"column":46}},"loc":{"start":{"line":13,"column":51},"end":{"line":13,"column":53}},"line":13}},"branchMap":{},"s":{"0":0,"1":0,"2":0,"3":0,"4":0,"5":0,"6":0,"7":0,"8":0,"9":0,"10":0,"11":0,"12":0,"13":0,"14":0},"f":{"0":0,"1":0,"2":0},"b":{},"inputSourceMap":null}
,"C:\\algorithm.js\\dist\\utils\\algorithms\\recursive-traversal-binary-tree.js": {"path":"C:\\algorithm.js\\dist\\utils\\algorithms\\recursive-traversal-binary-tree.js","statementMap":{"0":{"start":{"line":2,"column":0},"end":{"line":2,"column":62}},"1":{"start":{"line":3,"column":0},"end":{"line":3,"column":46}},"2":{"start":{"line":7,"column":19},"end":{"line":7,"column":20}},"3":{"start":{"line":8,"column":8},"end":{"line":14,"column":11}},"4":{"start":{"line":9,"column":12},"end":{"line":9,"column":29}},"5":{"start":{"line":10,"column":12},"end":{"line":12,"column":13}},"6":{"start":{"line":11,"column":16},"end":{"line":11,"column":32}},"7":{"start":{"line":13,"column":12},"end":{"line":13,"column":38}},"8":{"start":{"line":15,"column":8},"end":{"line":15,"column":20}},"9":{"start":{"line":18,"column":0},"end":{"line":18,"column":68}}},"fnMap":{"0":{"name":"(anonymous_0)","decl":{"start":{"line":5,"column":4},"end":{"line":5,"column":5}},"loc":{"start":{"line":5,"column":18},"end":{"line":5,"column":21}},"line":5},"1":{"name":"(anonymous_1)","decl":{"start":{"line":6,"column":4},"end":{"line":6,"column":5}},"loc":{"start":{"line":6,"column":14},"end":{"line":16,"column":5}},"line":6},"2":{"name":"(anonymous_2)","decl":{"start":{"line":8,"column":34},"end":{"line":8,"column":35}},"loc":{"start":{"line":8,"column":42},"end":{"line":14,"column":9}},"line":8}},"branchMap":{"0":{"loc":{"start":{"line":10,"column":12},"end":{"line":12,"column":13}},"type":"if","locations":[{"start":{"line":10,"column":12},"end":{"line":12,"column":13}},{"start":{},"end":{}}],"line":10}},"s":{"0":0,"1":0,"2":0,"3":0,"4":0,"5":0,"6":0,"7":0,"8":0,"9":0},"f":{"0":0,"1":0,"2":0},"b":{"0":[0,0]},"inputSourceMap":null}
,"C:\\algorithm.js\\dist\\utils\\algorithms\\selection-sort.js": {"path":"C:\\algorithm.js\\dist\\utils\\algorithms\\selection-sort.js","statementMap":{"0":{"start":{"line":2,"column":0},"end":{"line":2,"column":62}},"1":{"start":{"line":3,"column":0},"end":{"line":3,"column":31}},"2":{"start":{"line":7,"column":8},"end":{"line":7,"column":23}},"3":{"start":{"line":10,"column":8},"end":{"line":21,"column":9}},"4":{"start":{"line":10,"column":21},"end":{"line":10,"column":22}},"5":{"start":{"line":11,"column":27},"end":{"line":11,"column":28}},"6":{"start":{"line":12,"column":12},"end":{"line":17,"column":13}},"7":{"start":{"line":12,"column":25},"end":{"line":12,"column":30}},"8":{"start":{"line":13,"column":16},"end":{"line":15,"column":17}},"9":{"start":{"line":14,"column":20},"end":{"line":14,"column":33}},"10":{"start":{"line":16,"column":16},"end":{"line":16,"column":32}},"11":{"start":{"line":18,"column":26},"end":{"line":18,"column":34}},"12":{"start":{"line":19,"column":12},"end":{"line":19,"column":39}},"13":{"start":{"line":20,"column":12},"end":{"line":20,"column":38}},"14":{"start":{"line":22,"column":8},"end":{"line":22,"column":44}},"15":{"start":{"line":25,"column":0},"end":{"line":25,"column":38}}},"fnMap":{"0":{"name":"(anonymous_0)","decl":{"start":{"line":6,"column":4},"end":{"line":6,"column":5}},"loc":{"start":{"line":6,"column":18},"end":{"line":8,"column":5}},"line":6},"1":{"name":"(anonymous_1)","decl":{"start":{"line":9,"column":4},"end":{"line":9,"column":5}},"loc":{"start":{"line":9,"column":15},"end":{"line":23,"column":5}},"line":9}},"branchMap":{"0":{"loc":{"start":{"line":13,"column":16},"end":{"line":15,"column":17}},"type":"if","locations":[{"start":{"line":13,"column":16},"end":{"line":15,"column":17}},{"start":{},"end":{}}],"line":13}},"s":{"0":0,"1":0,"2":0,"3":0,"4":0,"5":0,"6":0,"7":0,"8":0,"9":0,"10":0,"11":0,"12":0,"13":0,"14":0,"15":0},"f":{"0":0,"1":0},"b":{"0":[0,0]},"inputSourceMap":null}
,"C:\\algorithm.js\\dist\\utils\\algorithms\\shell-sort.js": {"path":"C:\\algorithm.js\\dist\\utils\\algorithms\\shell-sort.js","statementMap":{"0":{"start":{"line":2,"column":0},"end":{"line":2,"column":62}},"1":{"start":{"line":3,"column":0},"end":{"line":3,"column":27}},"2":{"start":{"line":7,"column":8},"end":{"line":7,"column":23}},"3":{"start":{"line":10,"column":16},"end":{"line":10,"column":26}},"4":{"start":{"line":11,"column":8},"end":{"line":20,"column":9}},"5":{"start":{"line":11,"column":23},"end":{"line":11,"column":40}},"6":{"start":{"line":12,"column":12},"end":{"line":19,"column":13}},"7":{"start":{"line":12,"column":25},"end":{"line":12,"column":28}},"8":{"start":{"line":13,"column":27},"end":{"line":13,"column":33}},"9":{"start":{"line":15,"column":16},"end":{"line":17,"column":17}},"10":{"start":{"line":16,"column":20},"end":{"line":16,"column":42}},"11":{"start":{"line":18,"column":16},"end":{"line":18,"column":30}},"12":{"start":{"line":21,"column":8},"end":{"line":21,"column":49}},"13":{"start":{"line":24,"column":0},"end":{"line":24,"column":30}}},"fnMap":{"0":{"name":"(anonymous_0)","decl":{"start":{"line":6,"column":4},"end":{"line":6,"column":5}},"loc":{"start":{"line":6,"column":18},"end":{"line":8,"column":5}},"line":6},"1":{"name":"(anonymous_1)","decl":{"start":{"line":9,"column":4},"end":{"line":9,"column":5}},"loc":{"start":{"line":9,"column":13},"end":{"line":22,"column":5}},"line":9}},"branchMap":{"0":{"loc":{"start":{"line":15,"column":28},"end":{"line":15,"column":59}},"type":"binary-expr","locations":[{"start":{"line":15,"column":28},"end":{"line":15,"column":36}},{"start":{"line":15,"column":40},"end":{"line":15,"column":59}}],"line":15}},"s":{"0":0,"1":0,"2":0,"3":0,"4":0,"5":0,"6":0,"7":0,"8":0,"9":0,"10":0,"11":0,"12":0,"13":0},"f":{"0":0,"1":0},"b":{"0":[0,0]},"inputSourceMap":null}
,"C:\\algorithm.js\\dist\\utils\\data-structures\\binary-tree.js": {"path":"C:\\algorithm.js\\dist\\utils\\data-structures\\binary-tree.js","statementMap":{"0":{"start":{"line":2,"column":0},"end":{"line":2,"column":62}},"1":{"start":{"line":3,"column":0},"end":{"line":3,"column":28}},"2":{"start":{"line":9,"column":8},"end":{"line":9,"column":31}},"3":{"start":{"line":10,"column":8},"end":{"line":10,"column":25}},"4":{"start":{"line":11,"column":8},"end":{"line":11,"column":26}},"5":{"start":{"line":18,"column":8},"end":{"line":18,"column":25}},"6":{"start":{"line":19,"column":8},"end":{"line":19,"column":22}},"7":{"start":{"line":22,"column":24},"end":{"line":22,"column":45}},"8":{"start":{"line":23,"column":8},"end":{"line":26,"column":9}},"9":{"start":{"line":24,"column":12},"end":{"line":24,"column":32}},"10":{"start":{"line":25,"column":12},"end":{"line":25,"column":24}},"11":{"start":{"line":27,"column":22},"end":{"line":27,"column":31}},"12":{"start":{"line":28,"column":8},"end":{"line":45,"column":9}},"13":{"start":{"line":29,"column":12},"end":{"line":30,"column":23}},"14":{"start":{"line":30,"column":16},"end":{"line":30,"column":23}},"15":{"start":{"line":31,"column":12},"end":{"line":44,"column":13}},"16":{"start":{"line":32,"column":16},"end":{"line":35,"column":17}},"17":{"start":{"line":33,"column":20},"end":{"line":33,"column":43}},"18":{"start":{"line":34,"column":20},"end":{"line":34,"column":32}},"19":{"start":{"line":36,"column":16},"end":{"line":36,"column":39}},"20":{"start":{"line":39,"column":16},"end":{"line":42,"column":17}},"21":{"start":{"line":40,"column":20},"end":{"line":40,"column":44}},"22":{"start":{"line":41,"column":20},"end":{"line":41,"column":32}},"23":{"start":{"line":43,"column":16},"end":{"line":43,"column":40}},"24":{"start":{"line":46,"column":8},"end":{"line":46,"column":20}},"25":{"start":{"line":49,"column":8},"end":{"line":49,"column":60}},"26":{"start":{"line":52,"column":8},"end":{"line":53,"column":27}},"27":{"start":{"line":53,"column":12},"end":{"line":53,"column":27}},"28":{"start":{"line":54,"column":8},"end":{"line":78,"column":9}},"29":{"start":{"line":55,"column":12},"end":{"line":69,"column":13}},"30":{"start":{"line":56,"column":16},"end":{"line":56,"column":28}},"31":{"start":{"line":58,"column":17},"end":{"line":69,"column":13}},"32":{"start":{"line":59,"column":16},"end":{"line":59,"column":37}},"33":{"start":{"line":61,"column":17},"end":{"line":69,"column":13}},"34":{"start":{"line":62,"column":16},"end":{"line":62,"column":36}},"35":{"start":{"line":65,"column":33},"end":{"line":65,"column":73}},"36":{"start":{"line":66,"column":16},"end":{"line":66,"column":51}},"37":{"start":{"line":67,"column":16},"end":{"line":67,"column":85}},"38":{"start":{"line":68,"column":16},"end":{"line":68,"column":31}},"39":{"start":{"line":71,"column":13},"end":{"line":78,"column":9}},"40":{"start":{"line":72,"column":12},"end":{"line":72,"column":70}},"41":{"start":{"line":73,"column":12},"end":{"line":73,"column":27}},"42":{"start":{"line":76,"column":12},"end":{"line":76,"column":72}},"43":{"start":{"line":77,"column":12},"end":{"line":77,"column":27}},"44":{"start":{"line":81,"column":8},"end":{"line":82,"column":35}},"45":{"start":{"line":82,"column":12},"end":{"line":82,"column":35}},"46":{"start":{"line":83,"column":8},"end":{"line":83,"column":23}},"47":{"start":{"line":86,"column":29},"end":{"line":86,"column":67}},"48":{"start":{"line":87,"column":8},"end":{"line":87,"column":65}},"49":{"start":{"line":90,"column":28},"end":{"line":90,"column":66}},"50":{"start":{"line":91,"column":8},"end":{"line":91,"column":64}},"51":{"start":{"line":94,"column":8},"end":{"line":94,"column":33}},"52":{"start":{"line":97,"column":8},"end":{"line":98,"column":25}},"53":{"start":{"line":98,"column":12},"end":{"line":98,"column":25}},"54":{"start":{"line":99,"column":22},"end":{"line":99,"column":31}},"55":{"start":{"line":100,"column":8},"end":{"line":109,"column":9}},"56":{"start":{"line":101,"column":12},"end":{"line":106,"column":13}},"57":{"start":{"line":102,"column":16},"end":{"line":102,"column":39}},"58":{"start":{"line":105,"column":16},"end":{"line":105,"column":40}},"59":{"start":{"line":107,"column":12},"end":{"line":108,"column":28}},"60":{"start":{"line":108,"column":16},"end":{"line":108,"column":28}},"61":{"start":{"line":110,"column":8},"end":{"line":110,"column":30}},"62":{"start":{"line":113,"column":8},"end":{"line":114,"column":22}},"63":{"start":{"line":114,"column":12},"end":{"line":114,"column":22}},"64":{"start":{"line":115,"column":19},"end":{"line":115,"column":48}},"65":{"start":{"line":116,"column":20},"end":{"line":116,"column":50}},"66":{"start":{"line":117,"column":8},"end":{"line":117,"column":51}},"67":{"start":{"line":120,"column":8},"end":{"line":121,"column":22}},"68":{"start":{"line":121,"column":12},"end":{"line":121,"column":22}},"69":{"start":{"line":122,"column":19},"end":{"line":122,"column":48}},"70":{"start":{"line":123,"column":20},"end":{"line":123,"column":50}},"71":{"start":{"line":124,"column":8},"end":{"line":124,"column":51}},"72":{"start":{"line":127,"column":19},"end":{"line":127,"column":28}},"73":{"start":{"line":128,"column":8},"end":{"line":130,"column":9}},"74":{"start":{"line":129,"column":12},"end":{"line":129,"column":29}},"75":{"start":{"line":131,"column":8},"end":{"line":131,"column":28}},"76":{"start":{"line":134,"column":19},"end":{"line":134,"column":28}},"77":{"start":{"line":135,"column":8},"end":{"line":137,"column":9}},"78":{"start":{"line":136,"column":12},"end":{"line":136,"column":30}},"79":{"start":{"line":138,"column":8},"end":{"line":138,"column":28}},"80":{"start":{"line":141,"column":8},"end":{"line":141,"column":64}},"81":{"start":{"line":144,"column":19},"end":{"line":144,"column":37}},"82":{"start":{"line":145,"column":8},"end":{"line":145,"column":25}},"83":{"start":{"line":148,"column":8},"end":{"line":148,"column":25}},"84":{"start":{"line":151,"column":8},"end":{"line":151,"column":49}},"85":{"start":{"line":154,"column":8},"end":{"line":155,"column":19}},"86":{"start":{"line":155,"column":12},"end":{"line":155,"column":19}},"87":{"start":{"line":157,"column":8},"end":{"line":157,"column":35}},"88":{"start":{"line":158,"column":8},"end":{"line":158,"column":36}},"89":{"start":{"line":159,"column":8},"end":{"line":159,"column":25}},"90":{"start":{"line":160,"column":8},"end":{"line":160,"column":31}},"91":{"start":{"line":161,"column":8},"end":{"line":161,"column":26}},"92":{"start":{"line":162,"column":8},"end":{"line":162,"column":20}},"93":{"start":{"line":165,"column":18},"end":{"line":165,"column":43}},"94":{"start":{"line":166,"column":8},"end":{"line":166,"column":64}},"95":{"start":{"line":166,"column":45},"end":{"line":166,"column":59}},"96":{"start":{"line":169,"column":22},"end":{"line":169,"column":24}},"97":{"start":{"line":170,"column":20},"end":{"line":170,"column":22}},"98":{"start":{"line":171,"column":22},"end":{"line":171,"column":31}},"99":{"start":{"line":172,"column":8},"end":{"line":172,"column":28}},"100":{"start":{"line":173,"column":8},"end":{"line":180,"column":9}},"101":{"start":{"line":174,"column":12},"end":{"line":174,"column":36}},"102":{"start":{"line":175,"column":12},"end":{"line":175,"column":42}},"103":{"start":{"line":176,"column":12},"end":{"line":177,"column":41}},"104":{"start":{"line":177,"column":16},"end":{"line":177,"column":41}},"105":{"start":{"line":178,"column":12},"end":{"line":179,"column":42}},"106":{"start":{"line":179,"column":16},"end":{"line":179,"column":42}},"107":{"start":{"line":181,"column":8},"end":{"line":181,"column":23}},"108":{"start":{"line":184,"column":22},"end":{"line":184,"column":24}},"109":{"start":{"line":185,"column":22},"end":{"line":185,"column":31}},"110":{"start":{"line":186,"column":23},"end":{"line":192,"column":9}},"111":{"start":{"line":187,"column":12},"end":{"line":187,"column":39}},"112":{"start":{"line":188,"column":12},"end":{"line":189,"column":36}},"113":{"start":{"line":189,"column":16},"end":{"line":189,"column":36}},"114":{"start":{"line":190,"column":12},"end":{"line":191,"column":37}},"115":{"start":{"line":191,"column":16},"end":{"line":191,"column":37}},"116":{"start":{"line":193,"column":8},"end":{"line":193,"column":26}},"117":{"start":{"line":194,"column":8},"end":{"line":194,"column":23}},"118":{"start":{"line":197,"column":22},"end":{"line":197,"column":24}},"119":{"start":{"line":198,"column":22},"end":{"line":198,"column":31}},"120":{"start":{"line":199,"column":23},"end":{"line":205,"column":9}},"121":{"start":{"line":200,"column":12},"end":{"line":201,"column":36}},"122":{"start":{"line":201,"column":16},"end":{"line":201,"column":36}},"123":{"start":{"line":202,"column":12},"end":{"line":203,"column":37}},"124":{"start":{"line":203,"column":16},"end":{"line":203,"column":37}},"125":{"start":{"line":204,"column":12},"end":{"line":204,"column":39}},"126":{"start":{"line":206,"column":8},"end":{"line":206,"column":26}},"127":{"start":{"line":207,"column":8},"end":{"line":207,"column":23}},"128":{"start":{"line":210,"column":22},"end":{"line":210,"column":24}},"129":{"start":{"line":211,"column":22},"end":{"line":211,"column":31}},"130":{"start":{"line":212,"column":23},"end":{"line":218,"column":9}},"131":{"start":{"line":213,"column":12},"end":{"line":214,"column":36}},"132":{"start":{"line":214,"column":16},"end":{"line":214,"column":36}},"133":{"start":{"line":215,"column":12},"end":{"line":215,"column":39}},"134":{"start":{"line":216,"column":12},"end":{"line":217,"column":37}},"135":{"start":{"line":217,"column":16},"end":{"line":217,"column":37}},"136":{"start":{"line":219,"column":8},"end":{"line":219,"column":26}},"137":{"start":{"line":220,"column":8},"end":{"line":220,"column":23}},"138":{"start":{"line":223,"column":8},"end":{"line":223,"column":25}},"139":{"start":{"line":226,"column":8},"end":{"line":226,"column":36}},"140":{"start":{"line":229,"column":8},"end":{"line":229,"column":32}},"141":{"start":{"line":232,"column":0},"end":{"line":232,"column":32}}},"fnMap":{"0":{"name":"(anonymous_0)","decl":{"start":{"line":8,"column":4},"end":{"line":8,"column":5}},"loc":{"start":{"line":8,"column":25},"end":{"line":12,"column":5}},"line":8},"1":{"name":"(anonymous_1)","decl":{"start":{"line":17,"column":4},"end":{"line":17,"column":5}},"loc":{"start":{"line":17,"column":18},"end":{"line":20,"column":5}},"line":17},"2":{"name":"(anonymous_2)","decl":{"start":{"line":21,"column":4},"end":{"line":21,"column":5}},"loc":{"start":{"line":21,"column":17},"end":{"line":47,"column":5}},"line":21},"3":{"name":"(anonymous_3)","decl":{"start":{"line":48,"column":4},"end":{"line":48,"column":5}},"loc":{"start":{"line":48,"column":20},"end":{"line":50,"column":5}},"line":48},"4":{"name":"(anonymous_4)","decl":{"start":{"line":51,"column":4},"end":{"line":51,"column":5}},"loc":{"start":{"line":51,"column":37},"end":{"line":79,"column":5}},"line":51},"5":{"name":"(anonymous_5)","decl":{"start":{"line":80,"column":4},"end":{"line":80,"column":5}},"loc":{"start":{"line":80,"column":34},"end":{"line":84,"column":5}},"line":80},"6":{"name":"(anonymous_6)","decl":{"start":{"line":85,"column":4},"end":{"line":85,"column":5}},"loc":{"start":{"line":85,"column":29},"end":{"line":88,"column":5}},"line":85},"7":{"name":"(anonymous_7)","decl":{"start":{"line":89,"column":4},"end":{"line":89,"column":5}},"loc":{"start":{"line":89,"column":28},"end":{"line":92,"column":5}},"line":89},"8":{"name":"(anonymous_8)","decl":{"start":{"line":93,"column":4},"end":{"line":93,"column":5}},"loc":{"start":{"line":93,"column":20},"end":{"line":95,"column":5}},"line":93},"9":{"name":"(anonymous_9)","decl":{"start":{"line":96,"column":4},"end":{"line":96,"column":5}},"loc":{"start":{"line":96,"column":18},"end":{"line":111,"column":5}},"line":96},"10":{"name":"(anonymous_10)","decl":{"start":{"line":112,"column":4},"end":{"line":112,"column":5}},"loc":{"start":{"line":112,"column":36},"end":{"line":118,"column":5}},"line":112},"11":{"name":"(anonymous_11)","decl":{"start":{"line":119,"column":4},"end":{"line":119,"column":5}},"loc":{"start":{"line":119,"column":36},"end":{"line":125,"column":5}},"line":119},"12":{"name":"(anonymous_12)","decl":{"start":{"line":126,"column":4},"end":{"line":126,"column":5}},"loc":{"start":{"line":126,"column":18},"end":{"line":132,"column":5}},"line":126},"13":{"name":"(anonymous_13)","decl":{"start":{"line":133,"column":4},"end":{"line":133,"column":5}},"loc":{"start":{"line":133,"column":18},"end":{"line":139,"column":5}},"line":133},"14":{"name":"(anonymous_14)","decl":{"start":{"line":140,"column":4},"end":{"line":140,"column":5}},"loc":{"start":{"line":140,"column":17},"end":{"line":142,"column":5}},"line":140},"15":{"name":"(anonymous_15)","decl":{"start":{"line":143,"column":4},"end":{"line":143,"column":5}},"loc":{"start":{"line":143,"column":30},"end":{"line":146,"column":5}},"line":143},"16":{"name":"(anonymous_16)","decl":{"start":{"line":147,"column":4},"end":{"line":147,"column":5}},"loc":{"start":{"line":147,"column":12},"end":{"line":149,"column":5}},"line":147},"17":{"name":"(anonymous_17)","decl":{"start":{"line":150,"column":4},"end":{"line":150,"column":5}},"loc":{"start":{"line":150,"column":17},"end":{"line":152,"column":5}},"line":150},"18":{"name":"(anonymous_18)","decl":{"start":{"line":153,"column":4},"end":{"line":153,"column":5}},"loc":{"start":{"line":153,"column":33},"end":{"line":163,"column":5}},"line":153},"19":{"name":"(anonymous_19)","decl":{"start":{"line":164,"column":4},"end":{"line":164,"column":5}},"loc":{"start":{"line":164,"column":17},"end":{"line":167,"column":5}},"line":164},"20":{"name":"(anonymous_20)","decl":{"start":{"line":166,"column":26},"end":{"line":166,"column":27}},"loc":{"start":{"line":166,"column":45},"end":{"line":166,"column":59}},"line":166},"21":{"name":"(anonymous_21)","decl":{"start":{"line":168,"column":4},"end":{"line":168,"column":5}},"loc":{"start":{"line":168,"column":25},"end":{"line":182,"column":5}},"line":168},"22":{"name":"(anonymous_22)","decl":{"start":{"line":183,"column":4},"end":{"line":183,"column":5}},"loc":{"start":{"line":183,"column":15},"end":{"line":195,"column":5}},"line":183},"23":{"name":"(anonymous_23)","decl":{"start":{"line":186,"column":23},"end":{"line":186,"column":24}},"loc":{"start":{"line":186,"column":33},"end":{"line":192,"column":9}},"line":186},"24":{"name":"(anonymous_24)","decl":{"start":{"line":196,"column":4},"end":{"line":196,"column":5}},"loc":{"start":{"line":196,"column":16},"end":{"line":208,"column":5}},"line":196},"25":{"name":"(anonymous_25)","decl":{"start":{"line":199,"column":23},"end":{"line":199,"column":24}},"loc":{"start":{"line":199,"column":33},"end":{"line":205,"column":9}},"line":199},"26":{"name":"(anonymous_26)","decl":{"start":{"line":209,"column":4},"end":{"line":209,"column":5}},"loc":{"start":{"line":209,"column":14},"end":{"line":221,"column":5}},"line":209},"27":{"name":"(anonymous_27)","decl":{"start":{"line":212,"column":23},"end":{"line":212,"column":24}},"loc":{"start":{"line":212,"column":33},"end":{"line":218,"column":9}},"line":212},"28":{"name":"(anonymous_28)","decl":{"start":{"line":222,"column":4},"end":{"line":222,"column":5}},"loc":{"start":{"line":222,"column":14},"end":{"line":224,"column":5}},"line":222},"29":{"name":"(anonymous_29)","decl":{"start":{"line":225,"column":4},"end":{"line":225,"column":5}},"loc":{"start":{"line":225,"column":14},"end":{"line":227,"column":5}},"line":225},"30":{"name":"(anonymous_30)","decl":{"start":{"line":228,"column":4},"end":{"line":228,"column":5}},"loc":{"start":{"line":228,"column":12},"end":{"line":230,"column":5}},"line":228}},"branchMap":{"0":{"loc":{"start":{"line":23,"column":8},"end":{"line":26,"column":9}},"type":"if","locations":[{"start":{"line":23,"column":8},"end":{"line":26,"column":9}},{"start":{},"end":{}}],"line":23},"1":{"loc":{"start":{"line":29,"column":12},"end":{"line":30,"column":23}},"type":"if","locations":[{"start":{"line":29,"column":12},"end":{"line":30,"column":23}},{"start":{},"end":{}}],"line":29},"2":{"loc":{"start":{"line":31,"column":12},"end":{"line":44,"column":13}},"type":"if","locations":[{"start":{"line":31,"column":12},"end":{"line":44,"column":13}},{"start":{"line":38,"column":17},"end":{"line":44,"column":13}}],"line":31},"3":{"loc":{"start":{"line":32,"column":16},"end":{"line":35,"column":17}},"type":"if","locations":[{"start":{"line":32,"column":16},"end":{"line":35,"column":17}},{"start":{},"end":{}}],"line":32},"4":{"loc":{"start":{"line":39,"column":16},"end":{"line":42,"column":17}},"type":"if","locations":[{"start":{"line":39,"column":16},"end":{"line":42,"column":17}},{"start":{},"end":{}}],"line":39},"5":{"loc":{"start":{"line":52,"column":8},"end":{"line":53,"column":27}},"type":"if","locations":[{"start":{"line":52,"column":8},"end":{"line":53,"column":27}},{"start":{},"end":{}}],"line":52},"6":{"loc":{"start":{"line":54,"column":8},"end":{"line":78,"column":9}},"type":"if","locations":[{"start":{"line":54,"column":8},"end":{"line":78,"column":9}},{"start":{"line":71,"column":13},"end":{"line":78,"column":9}}],"line":54},"7":{"loc":{"start":{"line":55,"column":12},"end":{"line":69,"column":13}},"type":"if","locations":[{"start":{"line":55,"column":12},"end":{"line":69,"column":13}},{"start":{"line":58,"column":17},"end":{"line":69,"column":13}}],"line":55},"8":{"loc":{"start":{"line":55,"column":16},"end":{"line":55,"column":63}},"type":"binary-expr","locations":[{"start":{"line":55,"column":16},"end":{"line":55,"column":37}},{"start":{"line":55,"column":41},"end":{"line":55,"column":63}}],"line":55},"9":{"loc":{"start":{"line":58,"column":17},"end":{"line":69,"column":13}},"type":"if","locations":[{"start":{"line":58,"column":17},"end":{"line":69,"column":13}},{"start":{"line":61,"column":17},"end":{"line":69,"column":13}}],"line":58},"10":{"loc":{"start":{"line":61,"column":17},"end":{"line":69,"column":13}},"type":"if","locations":[{"start":{"line":61,"column":17},"end":{"line":69,"column":13}},{"start":{"line":64,"column":17},"end":{"line":69,"column":13}}],"line":61},"11":{"loc":{"start":{"line":71,"column":13},"end":{"line":78,"column":9}},"type":"if","locations":[{"start":{"line":71,"column":13},"end":{"line":78,"column":9}},{"start":{"line":75,"column":13},"end":{"line":78,"column":9}}],"line":71},"12":{"loc":{"start":{"line":97,"column":8},"end":{"line":98,"column":25}},"type":"if","locations":[{"start":{"line":97,"column":8},"end":{"line":98,"column":25}},{"start":{},"end":{}}],"line":97},"13":{"loc":{"start":{"line":101,"column":12},"end":{"line":106,"column":13}},"type":"if","locations":[{"start":{"line":101,"column":12},"end":{"line":106,"column":13}},{"start":{"line":104,"column":17},"end":{"line":106,"column":13}}],"line":101},"14":{"loc":{"start":{"line":107,"column":12},"end":{"line":108,"column":28}},"type":"if","locations":[{"start":{"line":107,"column":12},"end":{"line":108,"column":28}},{"start":{},"end":{}}],"line":107},"15":{"loc":{"start":{"line":112,"column":18},"end":{"line":112,"column":34}},"type":"default-arg","locations":[{"start":{"line":112,"column":25},"end":{"line":112,"column":34}}],"line":112},"16":{"loc":{"start":{"line":113,"column":8},"end":{"line":114,"column":22}},"type":"if","locations":[{"start":{"line":113,"column":8},"end":{"line":114,"column":22}},{"start":{},"end":{}}],"line":113},"17":{"loc":{"start":{"line":117,"column":15},"end":{"line":117,"column":50}},"type":"cond-expr","locations":[{"start":{"line":117,"column":30},"end":{"line":117,"column":38}},{"start":{"line":117,"column":41},"end":{"line":117,"column":50}}],"line":117},"18":{"loc":{"start":{"line":119,"column":18},"end":{"line":119,"column":34}},"type":"default-arg","locations":[{"start":{"line":119,"column":25},"end":{"line":119,"column":34}}],"line":119},"19":{"loc":{"start":{"line":120,"column":8},"end":{"line":121,"column":22}},"type":"if","locations":[{"start":{"line":120,"column":8},"end":{"line":121,"column":22}},{"start":{},"end":{}}],"line":120},"20":{"loc":{"start":{"line":124,"column":15},"end":{"line":124,"column":50}},"type":"cond-expr","locations":[{"start":{"line":124,"column":30},"end":{"line":124,"column":38}},{"start":{"line":124,"column":41},"end":{"line":124,"column":50}}],"line":124},"21":{"loc":{"start":{"line":151,"column":15},"end":{"line":151,"column":48}},"type":"cond-expr","locations":[{"start":{"line":151,"column":36},"end":{"line":151,"column":40}},{"start":{"line":151,"column":43},"end":{"line":151,"column":48}}],"line":151},"22":{"loc":{"start":{"line":153,"column":15},"end":{"line":153,"column":31}},"type":"default-arg","locations":[{"start":{"line":153,"column":22},"end":{"line":153,"column":31}}],"line":153},"23":{"loc":{"start":{"line":154,"column":8},"end":{"line":155,"column":19}},"type":"if","locations":[{"start":{"line":154,"column":8},"end":{"line":155,"column":19}},{"start":{},"end":{}}],"line":154},"24":{"loc":{"start":{"line":176,"column":12},"end":{"line":177,"column":41}},"type":"if","locations":[{"start":{"line":176,"column":12},"end":{"line":177,"column":41}},{"start":{},"end":{}}],"line":176},"25":{"loc":{"start":{"line":178,"column":12},"end":{"line":179,"column":42}},"type":"if","locations":[{"start":{"line":178,"column":12},"end":{"line":179,"column":42}},{"start":{},"end":{}}],"line":178},"26":{"loc":{"start":{"line":188,"column":12},"end":{"line":189,"column":36}},"type":"if","locations":[{"start":{"line":188,"column":12},"end":{"line":189,"column":36}},{"start":{},"end":{}}],"line":188},"27":{"loc":{"start":{"line":190,"column":12},"end":{"line":191,"column":37}},"type":"if","locations":[{"start":{"line":190,"column":12},"end":{"line":191,"column":37}},{"start":{},"end":{}}],"line":190},"28":{"loc":{"start":{"line":200,"column":12},"end":{"line":201,"column":36}},"type":"if","locations":[{"start":{"line":200,"column":12},"end":{"line":201,"column":36}},{"start":{},"end":{}}],"line":200},"29":{"loc":{"start":{"line":202,"column":12},"end":{"line":203,"column":37}},"type":"if","locations":[{"start":{"line":202,"column":12},"end":{"line":203,"column":37}},{"start":{},"end":{}}],"line":202},"30":{"loc":{"start":{"line":213,"column":12},"end":{"line":214,"column":36}},"type":"if","locations":[{"start":{"line":213,"column":12},"end":{"line":214,"column":36}},{"start":{},"end":{}}],"line":213},"31":{"loc":{"start":{"line":216,"column":12},"end":{"line":217,"column":37}},"type":"if","locations":[{"start":{"line":216,"column":12},"end":{"line":217,"column":37}},{"start":{},"end":{}}],"line":216}},"s":{"0":0,"1":0,"2":0,"3":0,"4":0,"5":0,"6":0,"7":0,"8":0,"9":0,"10":0,"11":0,"12":0,"13":0,"14":0,"15":0,"16":0,"17":0,"18":0,"19":0,"20":0,"21":0,"22":0,"23":0,"24":0,"25":0,"26":0,"27":0,"28":0,"29":0,"30":0,"31":0,"32":0,"33":0,"34":0,"35":0,"36":0,"37":0,"38":0,"39":0,"40":0,"41":0,"42":0,"43":0,"44":0,"45":0,"46":0,"47":0,"48":0,"49":0,"50":0,"51":0,"52":0,"53":0,"54":0,"55":0,"56":0,"57":0,"58":0,"59":0,"60":0,"61":0,"62":0,"63":0,"64":0,"65":0,"66":0,"67":0,"68":0,"69":0,"70":0,"71":0,"72":0,"73":0,"74":0,"75":0,"76":0,"77":0,"78":0,"79":0,"80":0,"81":0,"82":0,"83":0,"84":0,"85":0,"86":0,"87":0,"88":0,"89":0,"90":0,"91":0,"92":0,"93":0,"94":0,"95":0,"96":0,"97":0,"98":0,"99":0,"100":0,"101":0,"102":0,"103":0,"104":0,"105":0,"106":0,"107":0,"108":0,"109":0,"110":0,"111":0,"112":0,"113":0,"114":0,"115":0,"116":0,"117":0,"118":0,"119":0,"120":0,"121":0,"122":0,"123":0,"124":0,"125":0,"126":0,"127":0,"128":0,"129":0,"130":0,"131":0,"132":0,"133":0,"134":0,"135":0,"136":0,"137":0,"138":0,"139":0,"140":0,"141":0},"f":{"0":0,"1":0,"2":0,"3":0,"4":0,"5":0,"6":0,"7":0,"8":0,"9":0,"10":0,"11":0,"12":0,"13":0,"14":0,"15":0,"16":0,"17":0,"18":0,"19":0,"20":0,"21":0,"22":0,"23":0,"24":0,"25":0,"26":0,"27":0,"28":0,"29":0,"30":0},"b":{"0":[0,0],"1":[0,0],"2":[0,0],"3":[0,0],"4":[0,0],"5":[0,0],"6":[0,0],"7":[0,0],"8":[0,0],"9":[0,0],"10":[0,0],"11":[0,0],"12":[0,0],"13":[0,0],"14":[0,0],"15":[0],"16":[0,0],"17":[0,0],"18":[0],"19":[0,0],"20":[0,0],"21":[0,0],"22":[0],"23":[0,0],"24":[0,0],"25":[0,0],"26":[0,0],"27":[0,0],"28":[0,0],"29":[0,0],"30":[0,0],"31":[0,0]},"inputSourceMap":null}
,"C:\\algorithm.js\\dist\\utils\\data-structures\\bloom-filter.js": {"path":"C:\\algorithm.js\\dist\\utils\\data-structures\\bloom-filter.js","statementMap":{},"fnMap":{},"branchMap":{},"s":{},"f":{},"b":{},"inputSourceMap":null}
,"C:\\algorithm.js\\dist\\utils\\data-structures\\graph.js": {"path":"C:\\algorithm.js\\dist\\utils\\data-structures\\graph.js","statementMap":{"0":{"start":{"line":2,"column":0},"end":{"line":2,"column":62}},"1":{"start":{"line":3,"column":0},"end":{"line":3,"column":23}},"2":{"start":{"line":4,"column":16},"end":{"line":4,"column":34}},"3":{"start":{"line":8,"column":8},"end":{"line":8,"column":33}},"4":{"start":{"line":11,"column":8},"end":{"line":11,"column":50}},"5":{"start":{"line":14,"column":8},"end":{"line":14,"column":52}},"6":{"start":{"line":15,"column":8},"end":{"line":15,"column":52}},"7":{"start":{"line":18,"column":8},"end":{"line":27,"column":9}},"8":{"start":{"line":19,"column":27},"end":{"line":19,"column":46}},"9":{"start":{"line":20,"column":12},"end":{"line":26,"column":13}},"10":{"start":{"line":21,"column":35},"end":{"line":21,"column":58}},"11":{"start":{"line":22,"column":16},"end":{"line":24,"column":17}},"12":{"start":{"line":22,"column":29},"end":{"line":22,"column":30}},"13":{"start":{"line":23,"column":20},"end":{"line":23,"column":44}},"14":{"start":{"line":25,"column":16},"end":{"line":25,"column":39}},"15":{"start":{"line":28,"column":8},"end":{"line":28,"column":21}},"16":{"start":{"line":31,"column":22},"end":{"line":31,"column":41}},"17":{"start":{"line":32,"column":8},"end":{"line":32,"column":45}},"18":{"start":{"line":35,"column":8},"end":{"line":35,"column":64}},"19":{"start":{"line":36,"column":8},"end":{"line":36,"column":64}},"20":{"start":{"line":39,"column":8},"end":{"line":39,"column":29}},"21":{"start":{"line":42,"column":19},"end":{"line":42,"column":38}},"22":{"start":{"line":43,"column":8},"end":{"line":46,"column":9}},"23":{"start":{"line":44,"column":25},"end":{"line":44,"column":44}},"24":{"start":{"line":45,"column":12},"end":{"line":45,"column":44}},"25":{"start":{"line":49,"column":8},"end":{"line":49,"column":55}},"26":{"start":{"line":52,"column":22},"end":{"line":52,"column":66}},"27":{"start":{"line":52,"column":56},"end":{"line":52,"column":65}},"28":{"start":{"line":53,"column":23},"end":{"line":53,"column":67}},"29":{"start":{"line":53,"column":57},"end":{"line":53,"column":66}},"30":{"start":{"line":54,"column":8},"end":{"line":54,"column":46}},"31":{"start":{"line":57,"column":24},"end":{"line":57,"column":26}},"32":{"start":{"line":58,"column":8},"end":{"line":58,"column":44}},"33":{"start":{"line":61,"column":8},"end":{"line":61,"column":29}},"34":{"start":{"line":62,"column":8},"end":{"line":62,"column":29}},"35":{"start":{"line":63,"column":31},"end":{"line":63,"column":53}},"36":{"start":{"line":64,"column":8},"end":{"line":68,"column":9}},"37":{"start":{"line":65,"column":27},"end":{"line":65,"column":44}},"38":{"start":{"line":66,"column":12},"end":{"line":67,"column":48}},"39":{"start":{"line":67,"column":16},"end":{"line":67,"column":48}},"40":{"start":{"line":69,"column":8},"end":{"line":69,"column":20}},"41":{"start":{"line":72,"column":22},"end":{"line":72,"column":24}},"42":{"start":{"line":73,"column":16},"end":{"line":73,"column":35}},"43":{"start":{"line":74,"column":8},"end":{"line":74,"column":37}},"44":{"start":{"line":75,"column":8},"end":{"line":75,"column":32}},"45":{"start":{"line":76,"column":8},"end":{"line":87,"column":9}},"46":{"start":{"line":77,"column":34},"end":{"line":77,"column":45}},"47":{"start":{"line":78,"column":12},"end":{"line":78,"column":41}},"48":{"start":{"line":79,"column":27},"end":{"line":79,"column":60}},"49":{"start":{"line":80,"column":12},"end":{"line":86,"column":13}},"50":{"start":{"line":81,"column":28},"end":{"line":81,"column":39}},"51":{"start":{"line":82,"column":16},"end":{"line":85,"column":17}},"52":{"start":{"line":83,"column":20},"end":{"line":83,"column":42}},"53":{"start":{"line":84,"column":20},"end":{"line":84,"column":37}},"54":{"start":{"line":90,"column":22},"end":{"line":90,"column":24}},"55":{"start":{"line":91,"column":26},"end":{"line":91,"column":28}},"56":{"start":{"line":92,"column":26},"end":{"line":92,"column":28}},"57":{"start":{"line":93,"column":8},"end":{"line":93,"column":60}},"58":{"start":{"line":96,"column":8},"end":{"line":96,"column":33}},"59":{"start":{"line":99,"column":8},"end":{"line":99,"column":29}},"60":{"start":{"line":102,"column":8},"end":{"line":102,"column":36}},"61":{"start":{"line":105,"column":25},"end":{"line":105,"column":44}},"62":{"start":{"line":106,"column":8},"end":{"line":112,"column":9}},"63":{"start":{"line":107,"column":31},"end":{"line":107,"column":50}},"64":{"start":{"line":108,"column":23},"end":{"line":108,"column":25}},"65":{"start":{"line":109,"column":12},"end":{"line":110,"column":33}},"66":{"start":{"line":110,"column":16},"end":{"line":110,"column":33}},"67":{"start":{"lin
[...]
ine":104,"column":8},"end":{"line":104,"column":25}},"45":{"start":{"line":106,"column":8},"end":{"line":106,"column":25}},"46":{"start":{"line":107,"column":17},"end":{"line":107,"column":18}},"47":{"start":{"line":109,"column":8},"end":{"line":113,"column":null}},"48":{"start":{"line":110,"column":10},"end":{"line":110,"column":15}},"49":{"start":{"line":111,"column":10},"end":{"line":111,"column":22}},"50":{"start":{"line":112,"column":10},"end":{"line":112,"column":27}},"51":{"start":{"line":115,"column":8},"end":{"line":115,"column":25}},"52":{"start":{"line":116,"column":8},"end":{"line":116,"column":25}},"53":{"start":{"line":118,"column":6},"end":{"line":118,"column":18}},"54":{"start":{"line":123,"column":18},"end":{"line":123,"column":27}},"55":{"start":{"line":124,"column":15},"end":{"line":124,"column":19}},"56":{"start":{"line":126,"column":4},"end":{"line":141,"column":null}},"57":{"start":{"line":127,"column":6},"end":{"line":137,"column":null}},"58":{"start":{"line":128,"column":8},"end":{"line":132,"column":null}},"59":{"start":{"line":129,"column":10},"end":{"line":129,"column":35}},"60":{"start":{"line":131,"column":10},"end":{"line":131,"column":35}},"61":{"start":{"line":134,"column":8},"end":{"line":134,"column":20}},"62":{"start":{"line":136,"column":8},"end":{"line":136,"column":31}},"63":{"start":{"line":139,"column":6},"end":{"line":139,"column":21}},"64":{"start":{"line":140,"column":6},"end":{"line":140,"column":29}},"65":{"start":{"line":143,"column":4},"end":{"line":143,"column":14}},"66":{"start":{"line":147,"column":4},"end":{"line":147,"column":32}},"67":{"start":{"line":151,"column":4},"end":{"line":151,"column":21}},"68":{"start":{"line":155,"column":16},"end":{"line":155,"column":17}},"69":{"start":{"line":156,"column":15},"end":{"line":156,"column":24}},"70":{"start":{"line":158,"column":4},"end":{"line":161,"column":null}},"71":{"start":{"line":159,"column":6},"end":{"line":159,"column":14}},"72":{"start":{"line":160,"column":6},"end":{"line":160,"column":23}},"73":{"start":{"line":163,"column":4},"end":{"line":163,"column":17}},"74":{"start":{"line":167,"column":15},"end":{"line":167,"column":24}},"75":{"start":{"line":168,"column":14},"end":{"line":168,"column":16}},"76":{"start":{"line":170,"column":4},"end":{"line":173,"column":null}},"77":{"start":{"line":171,"column":6},"end":{"line":171,"column":32}},"78":{"start":{"line":172,"column":6},"end":{"line":172,"column":23}},"79":{"start":{"line":175,"column":4},"end":{"line":175,"column":15}},"80":{"start":{"line":179,"column":9},"end":{"line":179,"column":19}}},"fnMap":{"0":{"name":"(anonymous_0)","decl":{"start":{"line":6,"column":2},"end":{"line":6,"column":14}},"loc":{"start":{"line":6,"column":26},"end":{"line":9,"column":3}}},"1":{"name":"(anonymous_1)","decl":{"start":{"line":16,"column":2},"end":{"line":16,"column":null}},"loc":{"start":{"line":16,"column":2},"end":{"line":19,"column":3}}},"2":{"name":"(anonymous_2)","decl":{"start":{"line":21,"column":9},"end":{"line":21,"column":12}},"loc":{"start":{"line":21,"column":25},"end":{"line":35,"column":3}}},"3":{"name":"(anonymous_3)","decl":{"start":{"line":37,"column":9},"end":{"line":37,"column":13}},"loc":{"start":{"line":37,"column":13},"end":{"line":47,"column":3}}},"4":{"name":"(anonymous_4)","decl":{"start":{"line":49,"column":9},"end":{"line":49,"column":12}},"loc":{"start":{"line":49,"column":25},"end":{"line":63,"column":3}}},"5":{"name":"(anonymous_5)","decl":{"start":{"line":65,"column":9},"end":{"line":65,"column":14}},"loc":{"start":{"line":65,"column":14},"end":{"line":74,"column":3}}},"6":{"name":"(anonymous_6)","decl":{"start":{"line":76,"column":9},"end":{"line":76,"column":13}},"loc":{"start":{"line":76,"column":26},"end":{"line":92,"column":3}}},"7":{"name":"(anonymous_7)","decl":{"start":{"line":94,"column":9},"end":{"line":94,"column":20}},"loc":{"start":{"line":94,"column":46},"end":{"line":120,"column":3}}},"8":{"name":"(anonymous_8)","decl":{"start":{"line":122,"column":9},"end":{"line":122,"column":15}},"loc":{"start":{"line":122,"column":28},"end":{"line":144,"column":3}}},"9":{"name":"(anonymous_9)","decl":{"start":{"line":146,"column":9},"end":{"line":146,"column":16}},"loc":{"start":{"line":146,"column":16},"end":{"line":148,"column":3}}},"10":{"name":"(anonymous_10)","decl":{"start":{"line":150,"column":9},"end":{"line":150,"column":14}},"loc":{"start":{"line":150,"column":14},"end":{"line":152,"column":3}}},"11":{"name":"(anonymous_11)","decl":{"start":{"line":154,"column":9},"end":{"line":154,"column":16}},"loc":{"start":{"line":154,"column":16},"end":{"line":164,"column":3}}},"12":{"name":"(anonymous_12)","decl":{"start":{"line":166,"column":9},"end":{"line":166,"column":14}},"loc":{"start":{"line":166,"column":14},"end":{"line":176,"column":3}}}},"branchMap":{"0":{"loc":{"start":{"line":25,"column":4},"end":{"line":34,"column":null}},"type":"if","locations":[{"start":{"line":25,"column":4},"end":{"line":34,"column":null}},{"start":{"line":26,"column":9},"end":{"line":34,"column":null}}]},"1":{"loc":{"start":{"line":43,"column":6},"end":{"line":43,"column":45}},"type":"if","locations":[{"start":{"line":43,"column":6},"end":{"line":43,"column":45}}]},"2":{"loc":{"start":{"line":46,"column":4},"end":{"line":46,"column":43}},"type":"if","locations":[{"start":{"line":46,"column":4},"end":{"line":46,"column":43}}]},"3":{"loc":{"start":{"line":52,"column":4},"end":{"line":62,"column":null}},"type":"if","locations":[{"start":{"line":52,"column":4},"end":{"line":62,"column":null}},{"start":{"line":60,"column":11},"end":{"line":62,"column":null}}]},"4":{"loc":{"start":{"line":55,"column":6},"end":{"line":57,"column":null}},"type":"if","locations":[{"start":{"line":55,"column":6},"end":{"line":57,"column":null}}]},"5":{"loc":{"start":{"line":69,"column":4},"end":{"line":71,"column":null}},"type":"if","locations":[{"start":{"line":69,"column":4},"end":{"line":71,"column":null}}]},"6":{"loc":{"start":{"line":82,"column":6},"end":{"line":84,"column":null}},"type":"if","locations":[{"start":{"line":82,"column":6},"end":{"line":84,"column":null}}]},"7":{"loc":{"start":{"line":89,"column":4},"end":{"line":91,"column":null}},"type":"if","locations":[{"start":{"line":89,"column":4},"end":{"line":91,"column":null}}]},"8":{"loc":{"start":{"line":95,"column":4},"end":{"line":119,"column":null}},"type":"if","locations":[{"start":{"line":95,"column":4},"end":{"line":119,"column":null}},{"start":{"line":96,"column":9},"end":{"line":119,"column":null}}]},"9":{"loc":{"start":{"line":95,"column":8},"end":{"line":95,"column":34}},"type":"binary-expr","locations":[{"start":{"line":95,"column":8},"end":{"line":95,"column":15}},{"start":{"line":95,"column":19},"end":{"line":95,"column":34}}]},"10":{"loc":{"start":{"line":102,"column":6},"end":{"line":117,"column":null}},"type":"if","locations":[{"start":{"line":102,"column":6},"end":{"line":117,"column":null}},{"start":{"line":105,"column":13},"end":{"line":117,"column":null}}]},"11":{"loc":{"start":{"line":127,"column":6},"end":{"line":137,"column":null}},"type":"if","locations":[{"start":{"line":127,"column":6},"end":{"line":137,"column":null}}]},"12":{"loc":{"start":{"line":128,"column":8},"end":{"line":132,"column":null}},"type":"if","locations":[{"start":{"line":128,"column":8},"end":{"line":132,"column":null}},{"start":{"line":130,"column":15},"end":{"line":132,"column":null}}]}},"s":{"0":0,"1":0,"2":0,"3":0,"4":0,"5":0,"6":0,"7":0,"8":0,"9":0,"10":0,"11":0,"12":0,"13":0,"14":0,"15":0,"16":0,"17":0,"18":0,"19":0,"20":0,"21":0,"22":0,"23":0,"24":0,"25":0,"26":0,"27":0,"28":0,"29":0,"30":0,"31":0,"32":0,"33":0,"34":0,"35":0,"36":0,"37":0,"38":0,"39":0,"40":0,"41":0,"42":0,"43":0,"44":0,"45":0,"46":0,"47":0,"48":0,"49":0,"50":0,"51":0,"52":0,"53":0,"54":0,"55":0,"56":0,"57":0,"58":0,"59":0,"60":0,"61":0,"62":0,"63":0,"64":0,"65":0,"66":0,"67":0,"68":0,"69":0,"70":0,"71":0,"72":0,"73":0,"74":0,"75":0,"76":0,"77":0,"78":0,"79":0,"80":0},"f":{"0":0,"1":0,"2":0,"3":0,"4":0,"5":0,"6":0,"7":0,"8":0,"9":0,"10":0,"11":0,"12":0},"b":{"0":[0,0],"1":[0],"2":[0],"3":[0,0],"4":[0],"5":[0],"6":[0],"7":[0],"8":[0,0],"9":[0,0],"10":[0,0],"11":[0],"12":[0,0]}}
,"C:\\algorithm.js\\lib\\utils\\data-structures\\priority-queue.ts": {"path":"C:\\algorithm.js\\lib\\utils\\data-structures\\priority-queue.ts","statementMap":{"0":{"start":{"line":8,"column":4},"end":{"line":8,"column":27}},"1":{"start":{"line":9,"column":4},"end":{"line":9,"column":29}},"2":{"start":{"line":17,"column":4},"end":{"line":17,"column":20}},"3":{"start":{"line":21,"column":19},"end":{"line":21,"column":50}},"4":{"start":{"line":22,"column":18},"end":{"line":22,"column":23}},"5":{"start":{"line":24,"column":4},"end":{"line":30,"column":null}},"6":{"start":{"line":24,"column":17},"end":{"line":24,"column":18}},"7":{"start":{"line":25,"column":6},"end":{"line":29,"column":null}},"8":{"start":{"line":26,"column":8},"end":{"line":26,"column":42}},"9":{"start":{"line":27,"column":8},"end":{"line":27,"column":23}},"10":{"start":{"line":28,"column":8},"end":{"line":28,"column":14}},"11":{"start":{"line":32,"column":4},"end":{"line":34,"column":null}},"12":{"start":{"line":33,"column":6},"end":{"line":33,"column":32}},"13":{"start":{"line":38,"column":4},"end":{"line":38,"column":32}},"14":{"start":{"line":42,"column":4},"end":{"line":42,"column":52}},"15":{"start":{"line":46,"column":4},"end":{"line":46,"column":23}},"16":{"start":{"line":50,"column":4},"end":{"line":50,"column":26}},"17":{"start":{"line":54,"column":4},"end":{"line":54,"column":70}},"18":{"start":{"line":54,"column":37},"end":{"line":54,"column":53}},"19":{"start":{"line":58,"column":4},"end":{"line":58,"column":29}},"20":{"start":{"line":62,"column":4},"end":{"line":62,"column":32}},"21":{"start":{"line":66,"column":14},"end":{"line":66,"column":16}},"22":{"start":{"line":68,"column":4},"end":{"line":70,"column":null}},"23":{"start":{"line":68,"column":17},"end":{"line":68,"column":18}},"24":{"start":{"line":69,"column":6},"end":{"line":69,"column":41}},"25":{"start":{"line":72,"column":4},"end":{"line":72,"column":15}},"26":{"start":{"line":76,"column":9},"end":{"line":76,"column":22}}},"fnMap":{"0":{"name":"(anonymous_0)","decl":{"start":{"line":7,"column":2},"end":{"line":7,"column":14}},"loc":{"start":{"line":7,"column":44},"end":{"line":10,"column":3}}},"1":{"name":"(anonymous_1)","decl":{"start":{"line":16,"column":2},"end":{"line":16,"column":null}},"loc":{"start":{"line":16,"column":2},"end":{"line":18,"column":3}}},"2":{"name":"(anonymous_2)","decl":{"start":{"line":20,"column":9},"end":{"line":20,"column":16}},"loc":{"start":{"line":20,"column":47},"end":{"line":35,"column":3}}},"3":{"name":"(anonymous_3)","decl":{"start":{"line":37,"column":9},"end":{"line":37,"column":14}},"loc":{"start":{"line":37,"column":14},"end":{"line":39,"column":3}}},"4":{"name":"(anonymous_4)","decl":{"start":{"line":41,"column":9},"end":{"line":41,"column":13}},"loc":{"start":{"line":41,"column":13},"end":{"line":43,"column":3}}},"5":{"name":"(anonymous_5)","decl":{"start":{"line":45,"column":9},"end":{"line":45,"column":16}},"loc":{"start":{"line":45,"column":16},"end":{"line":47,"column":3}}},"6":{"name":"(anonymous_6)","decl":{"start":{"line":49,"column":9},"end":{"line":49,"column":14}},"loc":{"start":{"line":49,"column":14},"end":{"line":51,"column":3}}},"7":{"name":"(anonymous_7)","decl":{"start":{"line":53,"column":9},"end":{"line":53,"column":12}},"loc":{"start":{"line":53,"column":25},"end":{"line":55,"column":3}}},"8":{"name":"(anonymous_8)","decl":{"start":{"line":54,"column":27},"end":{"line":54,"column":28}},"loc":{"start":{"line":54,"column":37},"end":{"line":54,"column":53}}},"9":{"name":"(anonymous_9)","decl":{"start":{"line":57,"column":9},"end":{"line":57,"column":16}},"loc":{"start":{"line":57,"column":16},"end":{"line":59,"column":3}}},"10":{"name":"(anonymous_10)","decl":{"start":{"line":61,"column":9},"end":{"line":61,"column":16}},"loc":{"start":{"line":61,"column":16},"end":{"line":63,"column":3}}},"11":{"name":"(anonymous_11)","decl":{"start":{"line":65,"column":9},"end":{"line":65,"column":14}},"loc":{"start":{"line":65,"column":14},"end":{"line":73,"column":3}}}},"branchMap":{"0":{"loc":{"start":{"line":25,"column":6},"end":{"line":29,"column":null}},"type":"if","locations":[{"start":{"line":25,"column":6},"end":{"line":29,"column":null}}]},"1":{"loc":{"start":{"line":32,"column":4},"end":{"line":34,"column":null}},"type":"if","locations":[{"start":{"line":32,"column":4},"end":{"line":34,"column":null}}]},"2":{"loc":{"start":{"line":54,"column":11},"end":{"line":54,"column":69}},"type":"cond-expr","locations":[{"start":{"line":54,"column":57},"end":{"line":54,"column":61}},{"start":{"line":54,"column":64},"end":{"line":54,"column":69}}]}},"s":{"0":0,"1":0,"2":0,"3":0,"4":0,"5":0,"6":0,"7":0,"8":0,"9":0,"10":0,"11":0,"12":0,"13":0,"14":0,"15":0,"16":0,"17":0,"18":0,"19":0,"20":0,"21":0,"22":0,"23":0,"24":0,"25":0,"26":0},"f":{"0":0,"1":0,"2":0,"3":0,"4":0,"5":0,"6":0,"7":0,"8":0,"9":0,"10":0,"11":0},"b":{"0":[0],"1":[0],"2":[0,0]}}
,"C:\\algorithm.js\\lib\\utils\\data-structures\\queue.ts": {"path":"C:\\algorithm.js\\lib\\utils\\data-structures\\queue.ts","statementMap":{"0":{"start":{"line":5,"column":4},"end":{"line":5,"column":20}},"1":{"start":{"line":9,"column":4},"end":{"line":9,"column":26}},"2":{"start":{"line":13,"column":4},"end":{"line":13,"column":23}},"3":{"start":{"line":17,"column":4},"end":{"line":17,"column":25}},"4":{"start":{"line":21,"column":4},"end":{"line":21,"column":26}},"5":{"start":{"line":25,"column":4},"end":{"line":25,"column":66}},"6":{"start":{"line":25,"column":39},"end":{"line":25,"column":49}},"7":{"start":{"line":29,"column":4},"end":{"line":29,"column":45}},"8":{"start":{"line":33,"column":4},"end":{"line":33,"column":29}},"9":{"start":{"line":37,"column":4},"end":{"line":37,"column":32}},"10":{"start":{"line":41,"column":4},"end":{"line":41,"column":22}},"11":{"start":{"line":45,"column":9},"end":{"line":45,"column":14}}},"fnMap":{"0":{"name":"(anonymous_0)","decl":{"start":{"line":4,"column":2},"end":{"line":4,"column":null}},"loc":{"start":{"line":4,"column":2},"end":{"line":6,"column":3}}},"1":{"name":"(anonymous_1)","decl":{"start":{"line":8,"column":9},"end":{"line":8,"column":16}},"loc":{"start":{"line":8,"column":26},"end":{"line":10,"column":3}}},"2":{"name":"(anonymous_2)","decl":{"start":{"line":12,"column":9},"end":{"line":12,"column":16}},"loc":{"start":{"line":12,"column":16},"end":{"line":14,"column":3}}},"3":{"name":"(anonymous_3)","decl":{"start":{"line":16,"column":9},"end":{"line":16,"column":14}},"loc":{"start":{"line":16,"column":14},"end":{"line":18,"column":3}}},"4":{"name":"(anonymous_4)","decl":{"start":{"line":20,"column":9},"end":{"line":20,"column":14}},"loc":{"start":{"line":20,"column":14},"end":{"line":22,"column":3}}},"5":{"name":"(anonymous_5)","decl":{"start":{"line":24,"column":9},"end":{"line":24,"column":12}},"loc":{"start":{"line":24,"column":22},"end":{"line":26,"column":3}}},"6":{"name":"(anonymous_6)","decl":{"start":{"line":25,"column":27},"end":{"line":25,"column":28}},"loc":{"start":{"line":25,"column":39},"end":{"line":25,"column":49}}},"7":{"name":"(anonymous_7)","decl":{"start":{"line":28,"column":9},"end":{"line":28,"column":13}},"loc":{"start":{"line":28,"column":13},"end":{"line":30,"column":3}}},"8":{"name":"(anonymous_8)","decl":{"start":{"line":32,"column":9},"end":{"line":32,"column":16}},"loc":{"start":{"line":32,"column":16},"end":{"line":34,"column":3}}},"9":{"name":"(anonymous_9)","decl":{"start":{"line":36,"column":9},"end":{"line":36,"column":16}},"loc":{"start":{"line":36,"column":16},"end":{"line":38,"column":3}}},"10":{"name":"(anonymous_10)","decl":{"start":{"line":40,"column":9},"end":{"line":40,"column":14}},"loc":{"start":{"line":40,"column":14},"end":{"line":42,"column":3}}}},"branchMap":{"0":{"loc":{"start":{"line":25,"column":11},"end":{"line":25,"column":65}},"type":"cond-expr","locations":[{"start":{"line":25,"column":53},"end":{"line":25,"column":57}},{"start":{"line":25,"column":60},"end":{"line":25,"column":65}}]}},"s":{"0":0,"1":0,"2":0,"3":0,"4":0,"5":0,"6":0,"7":0,"8":0,"9":0,"10":0,"11":0},"f":{"0":0,"1":0,"2":0,"3":0,"4":0,"5":0,"6":0,"7":0,"8":0,"9":0,"10":0},"b":{"0":[0,0]}}
,"C:\\algorithm.js\\lib\\utils\\data-structures\\stack.ts": {"path":"C:\\algorithm.js\\lib\\utils\\data-structures\\stack.ts","statementMap":{"0":{"start":{"line":5,"column":4},"end":{"line":5,"column":20}},"1":{"start":{"line":9,"column":4},"end":{"line":9,"column":25}},"2":{"start":{"line":13,"column":4},"end":{"line":13,"column":21}},"3":{"start":{"line":17,"column":4},"end":{"line":17,"column":25}},"4":{"start":{"line":21,"column":4},"end":{"line":21,"column":26}},"5":{"start":{"line":25,"column":4},"end":{"line":25,"column":69}},"6":{"start":{"line":25,"column":39},"end":{"line":25,"column":52}},"7":{"start":{"line":29,"column":4},"end":{"line":29,"column":45}},"8":{"start":{"line":33,"column":4},"end":{"line":33,"column":29}},"9":{"start":{"line":37,"column":4},"end":{"line":37,"column":32}},"10":{"start":{"line":41,"column":4},"end":{"line":41,"column":22}},"11":{"start":{"line":45,"column":9},"end":{"line":45,"column":14}}},"fnMap":{"0":{"name":"(anonymous_0)","decl":{"start":{"line":4,"column":2},"end":{"line":4,"column":null}},"loc":{"start":{"line":4,"column":2},"end":{"line":6,"column":3}}},"1":{"name":"(anonymous_1)","decl":{"start":{"line":8,"column":9},"end":{"line":8,"column":13}},"loc":{"start":{"line":8,"column":22},"end":{"line":10,"column":3}}},"2":{"name":"(anonymous_2)","decl":{"start":{"line":12,"column":9},"end":{"line":12,"column":12}},"loc":{"start":{"line":12,"column":12},"end":{"line":14,"column":3}}},"3":{"name":"(anonymous_3)","decl":{"start":{"line":16,"column":9},"end":{"line":16,"column":14}},"loc":{"start":{"line":16,"column":14},"end":{"line":18,"column":3}}},"4":{"name":"(anonymous_4)","decl":{"start":{"line":20,"column":9},"end":{"line":20,"column":14}},"loc":{"start":{"line":20,"column":14},"end":{"line":22,"column":3}}},"5":{"name":"(anonymous_5)","decl":{"start":{"line":24,"column":9},"end":{"line":24,"column":12}},"loc":{"start":{"line":24,"column":25},"end":{"line":26,"column":3}}},"6":{"name":"(anonymous_6)","decl":{"start":{"line":25,"column":27},"end":{"line":25,"column":28}},"loc":{"start":{"line":25,"column":39},"end":{"line":25,"column":52}}},"7":{"name":"(anonymous_7)","decl":{"start":{"line":28,"column":9},"end":{"line":28,"column":13}},"loc":{"start":{"line":28,"column":13},"end":{"line":30,"column":3}}},"8":{"name":"(anonymous_8)","decl":{"start":{"line":32,"column":9},"end":{"line":32,"column":16}},"loc":{"start":{"line":32,"column":16},"end":{"line":34,"column":3}}},"9":{"name":"(anonymous_9)","decl":{"start":{"line":36,"column":9},"end":{"line":36,"column":16}},"loc":{"start":{"line":36,"column":16},"end":{"line":38,"column":3}}},"10":{"name":"(anonymous_10)","decl":{"start":{"line":40,"column":9},"end":{"line":40,"column":14}},"loc":{"start":{"line":40,"column":14},"end":{"line":42,"column":3}}}},"branchMap":{"0":{"loc":{"start":{"line":25,"column":11},"end":{"line":25,"column":68}},"type":"cond-expr","locations":[{"start":{"line":25,"column":56},"end":{"line":25,"column":60}},{"start":{"line":25,"column":63},"end":{"line":25,"column":68}}]}},"s":{"0":0,"1":0,"2":0,"3":0,"4":0,"5":0,"6":0,"7":0,"8":0,"9":0,"10":0,"11":1},"f":{"0":0,"1":0,"2":0,"3":0,"4":0,"5":0,"6":0,"7":0,"8":0,"9":0,"10":0},"b":{"0":[0,0]}}
,"C:\\algorithm.js\\tests\\data-structures\\priority-queue.ts": {"path":"C:\\algorithm.js\\tests\\data-structures\\priority-queue.ts","statementMap":{"0":{"start":{"line":1,"column":0},"end":{"line":1,"column":37}}},"fnMap":{"0":{"name":"(anonymous_0)","decl":{"start":{"line":1,"column":27},"end":{"line":1,"column":30}},"loc":{"start":{"line":1,"column":32},"end":{"line":1,"column":35}}}},"branchMap":{},"s":{"0":0},"f":{"0":0},"b":{}}
}
